SF:/home/runner/work/qrs/qrs/libs/core/qautodiff/src/expr.rs
FN:521,_RNvNtNtCsj9seIXo0fHr_9qautodiff4expr5testss_12test_is_real
FN:526,_RNvNtNtCsj9seIXo0fHr_9qautodiff4expr5tests8test_fmt
FN:538,_RNvNtNtCsj9seIXo0fHr_9qautodiff4expr5tests8test_neg
FN:556,_RNvNtNtCsj9seIXo0fHr_9qautodiff4expr5tests9test_addl
FN:586,_RNvNtNtCsj9seIXo0fHr_9qautodiff4expr5tests9test_addr
FN:616,_RNvNtNtCsj9seIXo0fHr_9qautodiff4expr5tests9test_subl
FN:646,_RNvNtNtCsj9seIXo0fHr_9qautodiff4expr5tests9test_subr
FN:676,_RNvNtNtCsj9seIXo0fHr_9qautodiff4expr5tests9test_mull
FN:706,_RNvNtNtCsj9seIXo0fHr_9qautodiff4expr5tests9test_mulr
FN:736,_RNvNtNtCsj9seIXo0fHr_9qautodiff4expr5tests9test_divl
FN:762,_RNvNtNtCsj9seIXo0fHr_9qautodiff4expr5tests9test_divr
FN:788,_RNvNtNtCsj9seIXo0fHr_9qautodiff4expr5tests8test_exp
FN:806,_RNvNtNtCsj9seIXo0fHr_9qautodiff4expr5tests8test_log
FN:823,_RNvNtNtCsj9seIXo0fHr_9qautodiff4expr5tests8test_erf
FN:843,_RNvNtNtCsj9seIXo0fHr_9qautodiff4expr5tests9test_sqrt
FN:860,_RNvNtNtCsj9seIXo0fHr_9qautodiff4expr5tests9test_powi
FN:886,_RNvNtNtCsj9seIXo0fHr_9qautodiff4expr5tests8test_add
FN:919,_RNvNtNtCsj9seIXo0fHr_9qautodiff4expr5tests8test_sub
FN:952,_RNvNtNtCsj9seIXo0fHr_9qautodiff4expr5tests8test_mul
FN:985,_RNvNtNtCsj9seIXo0fHr_9qautodiff4expr5tests8test_div
FN:1014,_RNvNtNtCsj9seIXo0fHr_9qautodiff4expr5tests9test_cneg
FN:1029,_RNvNtNtCsj9seIXo0fHr_9qautodiff4expr5tests9test_cexp
FN:1044,_RNvNtNtCsj9seIXo0fHr_9qautodiff4expr5tests9test_clog
FN:1058,_RNvNtNtCsj9seIXo0fHr_9qautodiff4expr5tests9test_cadd
FN:1084,_RNvNtNtCsj9seIXo0fHr_9qautodiff4expr5tests9test_csub
FN:1110,_RNvNtNtCsj9seIXo0fHr_9qautodiff4expr5tests9test_cmul
FN:1136,_RNvNtNtCsj9seIXo0fHr_9qautodiff4expr5tests9test_cdiv
FN:1159,_RNvNtNtCsj9seIXo0fHr_9qautodiff4expr5testss_12test_is_zero
FN:1174,_RNvNtNtCsj9seIXo0fHr_9qautodiff4expr5testss_9test_zero
FN:1183,_RNvNtNtCsj9seIXo0fHr_9qautodiff4expr5testss_8test_one
FN:1191,_RNvNtNtCsj9seIXo0fHr_9qautodiff4expr5tests7test_eq
FN:1234,_RNvNtNtCsj9seIXo0fHr_9qautodiff4expr5tests8test_cmp
FN:1278,_RNvNtNtCsj9seIXo0fHr_9qautodiff4expr5testss_18test_compound_expr
FN:1300,_RNvNtNtCsj9seIXo0fHr_9qautodiff4expr5testss_15test_compressed
FN:1319,_RNvNtNtCsj9seIXo0fHr_9qautodiff4expr5testss_13test_graphviz
FN:1332,_RNCNvNtNtCsj9seIXo0fHr_9qautodiff4expr5testss_13test_graphviz0B7_
FN:526,_RNvNtNtNtCsj9seIXo0fHr_9qautodiff4expr5tests8test_fmts_6case_1
FN:526,_RNvNtNtNtCsj9seIXo0fHr_9qautodiff4expr5tests8test_fmts_6case_2
FN:526,_RNvNtNtNtCsj9seIXo0fHr_9qautodiff4expr5tests8test_fmts_6case_3
FN:526,_RNvNtNtNtCsj9seIXo0fHr_9qautodiff4expr5tests8test_fmts_6case_4
FN:676,_RNvNtNtNtCsj9seIXo0fHr_9qautodiff4expr5tests9test_mulls_7case_01
FN:676,_RNvNtNtNtCsj9seIXo0fHr_9qautodiff4expr5tests9test_mulls_7case_02
FN:676,_RNvNtNtNtCsj9seIXo0fHr_9qautodiff4expr5tests9test_mulls_7case_03
FN:676,_RNvNtNtNtCsj9seIXo0fHr_9qautodiff4expr5tests9test_mulls_7case_04
FN:676,_RNvNtNtNtCsj9seIXo0fHr_9qautodiff4expr5tests9test_mulls_7case_05
FN:676,_RNvNtNtNtCsj9seIXo0fHr_9qautodiff4expr5tests9test_mulls_7case_06
FN:676,_RNvNtNtNtCsj9seIXo0fHr_9qautodiff4expr5tests9test_mulls_7case_07
FN:676,_RNvNtNtNtCsj9seIXo0fHr_9qautodiff4expr5tests9test_mulls_7case_08
FN:676,_RNvNtNtNtCsj9seIXo0fHr_9qautodiff4expr5tests9test_mulls_7case_09
FN:676,_RNvNtNtNtCsj9seIXo0fHr_9qautodiff4expr5tests9test_mulls_7case_10
FN:706,_RNvNtNtNtCsj9seIXo0fHr_9qautodiff4expr5tests9test_mulrs_7case_01
FN:706,_RNvNtNtNtCsj9seIXo0fHr_9qautodiff4expr5tests9test_mulrs_7case_02
FN:706,_RNvNtNtNtCsj9seIXo0fHr_9qautodiff4expr5tests9test_mulrs_7case_03
FN:706,_RNvNtNtNtCsj9seIXo0fHr_9qautodiff4expr5tests9test_mulrs_7case_04
FN:706,_RNvNtNtNtCsj9seIXo0fHr_9qautodiff4expr5tests9test_mulrs_7case_05
FN:706,_RNvNtNtNtCsj9seIXo0fHr_9qautodiff4expr5tests9test_mulrs_7case_06
FN:706,_RNvNtNtNtCsj9seIXo0fHr_9qautodiff4expr5tests9test_mulrs_7case_07
FN:706,_RNvNtNtNtCsj9seIXo0fHr_9qautodiff4expr5tests9test_mulrs_7case_08
FN:706,_RNvNtNtNtCsj9seIXo0fHr_9qautodiff4expr5tests9test_mulrs_7case_09
FN:706,_RNvNtNtNtCsj9seIXo0fHr_9qautodiff4expr5tests9test_mulrs_7case_10
FN:762,_RNvNtNtNtCsj9seIXo0fHr_9qautodiff4expr5tests9test_divrs_6case_1
FN:762,_RNvNtNtNtCsj9seIXo0fHr_9qautodiff4expr5tests9test_divrs_6case_2
FN:762,_RNvNtNtNtCsj9seIXo0fHr_9qautodiff4expr5tests9test_divrs_6case_3
FN:762,_RNvNtNtNtCsj9seIXo0fHr_9qautodiff4expr5tests9test_divrs_6case_4
FN:762,_RNvNtNtNtCsj9seIXo0fHr_9qautodiff4expr5tests9test_divrs_6case_5
FN:762,_RNvNtNtNtCsj9seIXo0fHr_9qautodiff4expr5tests9test_divrs_6case_6
FN:823,_RNvNtNtNtCsj9seIXo0fHr_9qautodiff4expr5tests8test_erfs_6case_1
FN:823,_RNvNtNtNtCsj9seIXo0fHr_9qautodiff4expr5tests8test_erfs_6case_2
FN:823,_RNvNtNtNtCsj9seIXo0fHr_9qautodiff4expr5tests8test_erfs_6case_3
FN:27,_RNvXNtCsj9seIXo0fHr_9qautodiff4exprINtB2_5__ExprRedENtNtCs5cYH0lLSdLc_4core5clone5Clone5cloneB4_
FN:37,_RINvMs_NtCsj9seIXo0fHr_9qautodiff4exprINtB5_5__ExprRedE16__indirectly_readINtNtCs5cYH0lLSdLc_4core6option6OptionNtNtB1f_3cmp8OrderingENCNCNvXs9_B5_INtB5_4ExprBN_dENtB1O_10PartialOrd11partial_cmp00EB7_
FN:37,_RINvMs_NtCsj9seIXo0fHr_9qautodiff4exprINtB5_5__ExprRedE16__indirectly_readINtNtCs5cYH0lLSdLc_4core6option6OptionNtNtB1f_3cmp8OrderingENCNvXs9_B5_INtB5_4ExprBN_dENtB1O_10PartialOrd11partial_cmp0EB7_
FN:37,_RINvMs_NtCsj9seIXo0fHr_9qautodiff4exprINtB5_5__ExprRedE16__indirectly_readINtNtCs5cYH0lLSdLc_4core6result6ResultuNtNtB1f_3fmt5ErrorENCNvXs6_B5_INtB5_4ExprBN_dENtB1P_7Display3fmt0EB7_
FN:37,_RINvMs_NtCsj9seIXo0fHr_9qautodiff4exprINtB5_5__ExprRedE16__indirectly_readbNCNCNvXs7_B5_INtB5_4ExprBN_dENtNtCs5cYH0lLSdLc_4core3cmp9PartialEq2eq00EB7_
FN:37,_RINvMs_NtCsj9seIXo0fHr_9qautodiff4exprINtB5_5__ExprRedE16__indirectly_readbNCNvXs7_B5_INtB5_4ExprBN_dENtNtCs5cYH0lLSdLc_4core3cmp9PartialEq2eq0EB7_
FN:37,_RINvMs_NtCsj9seIXo0fHr_9qautodiff4exprINtB5_5__ExprRedE16__indirectly_readbNvYdNtNtCse6Wwc6JXGuP_10num_traits10identities4Zero7is_zeroEB7_
FN:56,_RNvXs0_NtCsj9seIXo0fHr_9qautodiff4exprINtB5_3VarRedENtNtCs5cYH0lLSdLc_4core5clone5Clone5cloneB7_
FN:63,_RNvXs1_NtCsj9seIXo0fHr_9qautodiff4exprINtB5_3VarRedEINtNtCs5cYH0lLSdLc_4core7convert5AsRefINtB5_4ExprBK_dEE6as_refB7_
FN:71,_RNvXs2_NtCsj9seIXo0fHr_9qautodiff4exprINtB5_3VarRedENtNtNtCs5cYH0lLSdLc_4core3ops5deref5Deref5derefB7_
FN:79,_RNvMs3_NtCsj9seIXo0fHr_9qautodiff4exprINtB5_3VarRedE3keyB7_
FN:92,_RNvMs4_NtCsj9seIXo0fHr_9qautodiff4exprINtB5_3VarRedE5__nodeB7_
FN:111,_RNvXs5_NtCsj9seIXo0fHr_9qautodiff4exprINtB5_4ExprRedENtNtCs5cYH0lLSdLc_4core5clone5Clone5cloneB7_
FN:124,_RNvXs6_NtCsj9seIXo0fHr_9qautodiff4exprINtB5_4ExprRedENtNtCs5cYH0lLSdLc_4core3fmt7Display3fmtB7_
FN:125,_RNCNvXs6_NtCsj9seIXo0fHr_9qautodiff4exprINtB7_4ExprRedENtNtCs5cYH0lLSdLc_4core3fmt7Display3fmt0B9_
FN:137,_RNvXs7_NtCsj9seIXo0fHr_9qautodiff4exprINtB5_4ExprRedENtNtCs5cYH0lLSdLc_4core3cmp9PartialEq2eqB7_
FN:139,_RNCNvXs7_NtCsj9seIXo0fHr_9qautodiff4exprINtB7_4ExprRedENtNtCs5cYH0lLSdLc_4core3cmp9PartialEq2eq0B9_
FN:139,_RNCNCNvXs7_NtCsj9seIXo0fHr_9qautodiff4exprINtB9_4ExprRedENtNtCs5cYH0lLSdLc_4core3cmp9PartialEq2eq00Bb_
FN:150,_RNvXs9_NtCsj9seIXo0fHr_9qautodiff4exprINtB5_4ExprRedENtNtCs5cYH0lLSdLc_4core3cmp10PartialOrd11partial_cmpB7_
FN:152,_RNCNvXs9_NtCsj9seIXo0fHr_9qautodiff4exprINtB7_4ExprRedENtNtCs5cYH0lLSdLc_4core3cmp10PartialOrd11partial_cmp0B9_
FN:152,_RNCNCNvXs9_NtCsj9seIXo0fHr_9qautodiff4exprINtB9_4ExprRedENtNtCs5cYH0lLSdLc_4core3cmp10PartialOrd11partial_cmp00Bb_
FN:171,_RNvXsb_NtCsj9seIXo0fHr_9qautodiff4exprINtB5_4ExprRedEINtNtCs5cYH0lLSdLc_4core7convert4FromINtNtNtB7_5graph4tape4NodeBL_dEE4fromB7_
FN:178,_RNvXsc_NtCsj9seIXo0fHr_9qautodiff4exprINtB5_4ExprRedEINtNtCs5cYH0lLSdLc_4core7convert4FromdE4fromB7_
FN:185,_RNvXsd_NtCsj9seIXo0fHr_9qautodiff4exprINtB5_4ExprRedEINtNtCs5cYH0lLSdLc_4core7convert4FromINtB5_3VarBL_dEE4fromB7_
FN:196,_RNvMse_NtCsj9seIXo0fHr_9qautodiff4exprINtB5_4ExprRedE5valueB7_
FN:208,_RNvMse_NtCsj9seIXo0fHr_9qautodiff4exprINtB5_4ExprRedE5gradsB7_
FN:221,_RNvMse_NtCsj9seIXo0fHr_9qautodiff4exprINtB5_4ExprRedE3keyB7_
FN:233,_RNvMse_NtCsj9seIXo0fHr_9qautodiff4exprINtB5_4ExprRedE8compressB7_
FN:245,_RNvMse_NtCsj9seIXo0fHr_9qautodiff4exprINtB5_4ExprRedE8graphvizB7_
FN:276,_RNvXsg_NtCsj9seIXo0fHr_9qautodiff4exprINtB5_4ExprRedENtNtCse6Wwc6JXGuP_10num_traits10identities4Zero4zeroB7_
FN:281,_RNvXsg_NtCsj9seIXo0fHr_9qautodiff4exprINtB5_4ExprRedENtNtCse6Wwc6JXGuP_10num_traits10identities4Zero7is_zeroB7_
FN:291,_RNvXsh_NtCsj9seIXo0fHr_9qautodiff4exprINtB5_4ExprRedENtNtCse6Wwc6JXGuP_10num_traits10identities3One3oneB7_
FN:303,_RNvXsi_NtCsj9seIXo0fHr_9qautodiff4exprINtB5_4ExprRedENtNtNtCs5cYH0lLSdLc_4core3ops5arith3Neg3negB7_
FN:318,_RNvXsj_NtCsj9seIXo0fHr_9qautodiff4exprRINtB5_4ExprRedENtNtNtCs5cYH0lLSdLc_4core3ops5arith3Neg3negB7_
FN:500,_RNvXsk_NtCsj9seIXo0fHr_9qautodiff4exprINtB5_4ExprRedENtNtNtCsgwwChj5L8ot_5qmath3num13elementary_fn4Powi4powiB7_
FN:332,_RNvXst_NtCsj9seIXo0fHr_9qautodiff4exprINtB5_4ExprRedENtNtNtCs5cYH0lLSdLc_4core3ops5arith3Add3addB7_
FN:343,_RNvXsu_NtCsj9seIXo0fHr_9qautodiff4exprINtB5_4ExprRedEINtNtNtCs5cYH0lLSdLc_4core3ops5arith3AdddE3addB7_
FN:354,_RNvXsv_NtCsj9seIXo0fHr_9qautodiff4exprINtB5_4ExprRedEINtNtNtCs5cYH0lLSdLc_4core3ops5arith3AddRBA_E3addB7_
FN:374,_RNvXsw_NtCsj9seIXo0fHr_9qautodiff4exprINtB5_4ExprRedEINtNtNtCs5cYH0lLSdLc_4core3ops5arith3AddRdE3addB7_
FN:388,_RNvXsx_NtCsj9seIXo0fHr_9qautodiff4exprRINtB5_4ExprRedENtNtNtCs5cYH0lLSdLc_4core3ops5arith3Add3addB7_
FN:410,_RNvXsz_NtCsj9seIXo0fHr_9qautodiff4exprRINtB5_4ExprRedEINtNtNtCs5cYH0lLSdLc_4core3ops5arith3AddBB_E3addB7_
FN:332,_RNvXsF_NtCsj9seIXo0fHr_9qautodiff4exprINtB5_4ExprRedENtNtNtCs5cYH0lLSdLc_4core3ops5arith3Sub3subB7_
FN:354,_RNvXsH_NtCsj9seIXo0fHr_9qautodiff4exprINtB5_4ExprRedEINtNtNtCs5cYH0lLSdLc_4core3ops5arith3SubRBA_E3subB7_
FN:388,_RNvXsJ_NtCsj9seIXo0fHr_9qautodiff4exprRINtB5_4ExprRedENtNtNtCs5cYH0lLSdLc_4core3ops5arith3Sub3subB7_
FN:410,_RNvXsL_NtCsj9seIXo0fHr_9qautodiff4exprRINtB5_4ExprRedEINtNtNtCs5cYH0lLSdLc_4core3ops5arith3SubBB_E3subB7_
FN:332,_RNvXsR_NtCsj9seIXo0fHr_9qautodiff4exprINtB5_4ExprRedENtNtNtCs5cYH0lLSdLc_4core3ops5arith3Mul3mulB7_
FN:354,_RNvXsT_NtCsj9seIXo0fHr_9qautodiff4exprINtB5_4ExprRedEINtNtNtCs5cYH0lLSdLc_4core3ops5arith3MulRBA_E3mulB7_
FN:388,_RNvXsV_NtCsj9seIXo0fHr_9qautodiff4exprRINtB5_4ExprRedENtNtNtCs5cYH0lLSdLc_4core3ops5arith3Mul3mulB7_
FN:410,_RNvXsX_NtCsj9seIXo0fHr_9qautodiff4exprRINtB5_4ExprRedEINtNtNtCs5cYH0lLSdLc_4core3ops5arith3MulBB_E3mulB7_
FN:332,_RNvXs13_NtCsj9seIXo0fHr_9qautodiff4exprINtB6_4ExprRedENtNtNtCs5cYH0lLSdLc_4core3ops5arith3Div3divB8_
FN:354,_RNvXs15_NtCsj9seIXo0fHr_9qautodiff4exprINtB6_4ExprRedEINtNtNtCs5cYH0lLSdLc_4core3ops5arith3DivRBB_E3divB8_
FN:388,_RNvXs17_NtCsj9seIXo0fHr_9qautodiff4exprRINtB6_4ExprRedENtNtNtCs5cYH0lLSdLc_4core3ops5arith3Div3divB8_
FN:410,_RNvXs19_NtCsj9seIXo0fHr_9qautodiff4exprRINtB6_4ExprRedEINtNtNtCs5cYH0lLSdLc_4core3ops5arith3DivBC_E3divB8_
FN:478,_RNvXs1f_NtCsj9seIXo0fHr_9qautodiff4exprINtB6_4ExprRedENtNtNtCsgwwChj5L8ot_5qmath3num13elementary_fn3Exp3expB8_
FN:478,_RNvXs1g_NtCsj9seIXo0fHr_9qautodiff4exprINtB6_4ExprRedENtNtNtCsgwwChj5L8ot_5qmath3num13elementary_fn3Log3logB8_
FN:478,_RNvXs1h_NtCsj9seIXo0fHr_9qautodiff4exprINtB6_4ExprRedENtNtNtCsgwwChj5L8ot_5qmath3num13elementary_fn3Erf3erfB8_
FN:478,_RNvXs1i_NtCsj9seIXo0fHr_9qautodiff4exprINtB6_4ExprRedENtNtNtCsgwwChj5L8ot_5qmath3num13elementary_fn4Sqrt4sqrtB8_
FN:952,_RNvNtNtNtCsj9seIXo0fHr_9qautodiff4expr5tests8test_muls_7case_01
FN:952,_RNvNtNtNtCsj9seIXo0fHr_9qautodiff4expr5tests8test_muls_7case_02
FN:952,_RNvNtNtNtCsj9seIXo0fHr_9qautodiff4expr5tests8test_muls_7case_03
FN:952,_RNvNtNtNtCsj9seIXo0fHr_9qautodiff4expr5tests8test_muls_7case_04
FN:952,_RNvNtNtNtCsj9seIXo0fHr_9qautodiff4expr5tests8test_muls_7case_05
FN:952,_RNvNtNtNtCsj9seIXo0fHr_9qautodiff4expr5tests8test_muls_7case_06
FN:952,_RNvNtNtNtCsj9seIXo0fHr_9qautodiff4expr5tests8test_muls_7case_07
FN:952,_RNvNtNtNtCsj9seIXo0fHr_9qautodiff4expr5tests8test_muls_7case_08
FN:952,_RNvNtNtNtCsj9seIXo0fHr_9qautodiff4expr5tests8test_muls_7case_09
FN:952,_RNvNtNtNtCsj9seIXo0fHr_9qautodiff4expr5tests8test_muls_7case_10
FN:1044,_RNvNtNtNtCsj9seIXo0fHr_9qautodiff4expr5tests9test_clogs_6case_1
FN:1044,_RNvNtNtNtCsj9seIXo0fHr_9qautodiff4expr5tests9test_clogs_6case_2
FN:1044,_RNvNtNtNtCsj9seIXo0fHr_9qautodiff4expr5tests9test_clogs_6case_3
FN:538,_RNvNtNtNtCsj9seIXo0fHr_9qautodiff4expr5tests8test_negs_6case_1
FN:538,_RNvNtNtNtCsj9seIXo0fHr_9qautodiff4expr5tests8test_negs_6case_2
FN:538,_RNvNtNtNtCsj9seIXo0fHr_9qautodiff4expr5tests8test_negs_6case_3
FN:538,_RNvNtNtNtCsj9seIXo0fHr_9qautodiff4expr5tests8test_negs_6case_4
FN:616,_RNvNtNtNtCsj9seIXo0fHr_9qautodiff4expr5tests9test_subls_7case_01
FN:616,_RNvNtNtNtCsj9seIXo0fHr_9qautodiff4expr5tests9test_subls_7case_02
FN:616,_RNvNtNtNtCsj9seIXo0fHr_9qautodiff4expr5tests9test_subls_7case_03
FN:616,_RNvNtNtNtCsj9seIXo0fHr_9qautodiff4expr5tests9test_subls_7case_04
FN:616,_RNvNtNtNtCsj9seIXo0fHr_9qautodiff4expr5tests9test_subls_7case_05
FN:616,_RNvNtNtNtCsj9seIXo0fHr_9qautodiff4expr5tests9test_subls_7case_06
FN:616,_RNvNtNtNtCsj9seIXo0fHr_9qautodiff4expr5tests9test_subls_7case_07
FN:616,_RNvNtNtNtCsj9seIXo0fHr_9qautodiff4expr5tests9test_subls_7case_08
FN:616,_RNvNtNtNtCsj9seIXo0fHr_9qautodiff4expr5tests9test_subls_7case_09
FN:616,_RNvNtNtNtCsj9seIXo0fHr_9qautodiff4expr5tests9test_subls_7case_10
FN:736,_RNvNtNtNtCsj9seIXo0fHr_9qautodiff4expr5tests9test_divls_6case_1
FN:736,_RNvNtNtNtCsj9seIXo0fHr_9qautodiff4expr5tests9test_divls_6case_2
FN:736,_RNvNtNtNtCsj9seIXo0fHr_9qautodiff4expr5tests9test_divls_6case_3
FN:736,_RNvNtNtNtCsj9seIXo0fHr_9qautodiff4expr5tests9test_divls_6case_4
FN:736,_RNvNtNtNtCsj9seIXo0fHr_9qautodiff4expr5tests9test_divls_6case_5
FN:736,_RNvNtNtNtCsj9seIXo0fHr_9qautodiff4expr5tests9test_divls_6case_6
FN:806,_RNvNtNtNtCsj9seIXo0fHr_9qautodiff4expr5tests8test_logs_6case_1
FN:806,_RNvNtNtNtCsj9seIXo0fHr_9qautodiff4expr5tests8test_logs_6case_2
FN:806,_RNvNtNtNtCsj9seIXo0fHr_9qautodiff4expr5tests8test_logs_6case_3
FN:860,_RNvNtNtNtCsj9seIXo0fHr_9qautodiff4expr5tests9test_powis_7case_01
FN:860,_RNvNtNtNtCsj9seIXo0fHr_9qautodiff4expr5tests9test_powis_7case_02
FN:860,_RNvNtNtNtCsj9seIXo0fHr_9qautodiff4expr5tests9test_powis_7case_03
FN:860,_RNvNtNtNtCsj9seIXo0fHr_9qautodiff4expr5tests9test_powis_7case_04
FN:860,_RNvNtNtNtCsj9seIXo0fHr_9qautodiff4expr5tests9test_powis_7case_05
FN:860,_RNvNtNtNtCsj9seIXo0fHr_9qautodiff4expr5tests9test_powis_7case_06
FN:860,_RNvNtNtNtCsj9seIXo0fHr_9qautodiff4expr5tests9test_powis_7case_07
FN:860,_RNvNtNtNtCsj9seIXo0fHr_9qautodiff4expr5tests9test_powis_7case_08
FN:860,_RNvNtNtNtCsj9seIXo0fHr_9qautodiff4expr5tests9test_powis_7case_09
FN:860,_RNvNtNtNtCsj9seIXo0fHr_9qautodiff4expr5tests9test_powis_7case_10
FN:860,_RNvNtNtNtCsj9seIXo0fHr_9qautodiff4expr5tests9test_powis_7case_11
FN:860,_RNvNtNtNtCsj9seIXo0fHr_9qautodiff4expr5tests9test_powis_7case_12
FN:1058,_RNvNtNtNtCsj9seIXo0fHr_9qautodiff4expr5tests9test_cadds_7case_01
FN:1058,_RNvNtNtNtCsj9seIXo0fHr_9qautodiff4expr5tests9test_cadds_7case_02
FN:1058,_RNvNtNtNtCsj9seIXo0fHr_9qautodiff4expr5tests9test_cadds_7case_03
FN:1058,_RNvNtNtNtCsj9seIXo0fHr_9qautodiff4expr5tests9test_cadds_7case_04
FN:1058,_RNvNtNtNtCsj9seIXo0fHr_9qautodiff4expr5tests9test_cadds_7case_05
FN:1058,_RNvNtNtNtCsj9seIXo0fHr_9qautodiff4expr5tests9test_cadds_7case_06
FN:1058,_RNvNtNtNtCsj9seIXo0fHr_9qautodiff4expr5tests9test_cadds_7case_07
FN:1058,_RNvNtNtNtCsj9seIXo0fHr_9qautodiff4expr5tests9test_cadds_7case_08
FN:1058,_RNvNtNtNtCsj9seIXo0fHr_9qautodiff4expr5tests9test_cadds_7case_09
FN:1058,_RNvNtNtNtCsj9seIXo0fHr_9qautodiff4expr5tests9test_cadds_7case_10
FN:788,_RNvNtNtNtCsj9seIXo0fHr_9qautodiff4expr5tests8test_exps_6case_1
FN:788,_RNvNtNtNtCsj9seIXo0fHr_9qautodiff4expr5tests8test_exps_6case_2
FN:788,_RNvNtNtNtCsj9seIXo0fHr_9qautodiff4expr5tests8test_exps_6case_3
FN:788,_RNvNtNtNtCsj9seIXo0fHr_9qautodiff4expr5tests8test_exps_6case_4
FN:843,_RNvNtNtNtCsj9seIXo0fHr_9qautodiff4expr5tests9test_sqrts_6case_1
FN:843,_RNvNtNtNtCsj9seIXo0fHr_9qautodiff4expr5tests9test_sqrts_6case_2
FN:843,_RNvNtNtNtCsj9seIXo0fHr_9qautodiff4expr5tests9test_sqrts_6case_3
FN:886,_RNvNtNtNtCsj9seIXo0fHr_9qautodiff4expr5tests8test_adds_7case_01
FN:886,_RNvNtNtNtCsj9seIXo0fHr_9qautodiff4expr5tests8test_adds_7case_02
FN:886,_RNvNtNtNtCsj9seIXo0fHr_9qautodiff4expr5tests8test_adds_7case_03
FN:886,_RNvNtNtNtCsj9seIXo0fHr_9qautodiff4expr5tests8test_adds_7case_04
FN:886,_RNvNtNtNtCsj9seIXo0fHr_9qautodiff4expr5tests8test_adds_7case_05
FN:886,_RNvNtNtNtCsj9seIXo0fHr_9qautodiff4expr5tests8test_adds_7case_06
FN:886,_RNvNtNtNtCsj9seIXo0fHr_9qautodiff4expr5tests8test_adds_7case_07
FN:886,_RNvNtNtNtCsj9seIXo0fHr_9qautodiff4expr5tests8test_adds_7case_08
FN:886,_RNvNtNtNtCsj9seIXo0fHr_9qautodiff4expr5tests8test_adds_7case_09
FN:886,_RNvNtNtNtCsj9seIXo0fHr_9qautodiff4expr5tests8test_adds_7case_10
FN:1136,_RNvNtNtNtCsj9seIXo0fHr_9qautodiff4expr5tests9test_cdivs_6case_1
FN:1136,_RNvNtNtNtCsj9seIXo0fHr_9qautodiff4expr5tests9test_cdivs_6case_2
FN:1136,_RNvNtNtNtCsj9seIXo0fHr_9qautodiff4expr5tests9test_cdivs_6case_3
FN:1136,_RNvNtNtNtCsj9seIXo0fHr_9qautodiff4expr5tests9test_cdivs_6case_4
FN:1136,_RNvNtNtNtCsj9seIXo0fHr_9qautodiff4expr5tests9test_cdivs_6case_5
FN:1136,_RNvNtNtNtCsj9seIXo0fHr_9qautodiff4expr5tests9test_cdivs_6case_6
FN:985,_RNvNtNtNtCsj9seIXo0fHr_9qautodiff4expr5tests8test_divs_6case_1
FN:985,_RNvNtNtNtCsj9seIXo0fHr_9qautodiff4expr5tests8test_divs_6case_2
FN:985,_RNvNtNtNtCsj9seIXo0fHr_9qautodiff4expr5tests8test_divs_6case_3
FN:985,_RNvNtNtNtCsj9seIXo0fHr_9qautodiff4expr5tests8test_divs_6case_4
FN:985,_RNvNtNtNtCsj9seIXo0fHr_9qautodiff4expr5tests8test_divs_6case_5
FN:985,_RNvNtNtNtCsj9seIXo0fHr_9qautodiff4expr5tests8test_divs_6case_6
FN:1084,_RNvNtNtNtCsj9seIXo0fHr_9qautodiff4expr5tests9test_csubs_7case_01
FN:1084,_RNvNtNtNtCsj9seIXo0fHr_9qautodiff4expr5tests9test_csubs_7case_02
FN:1084,_RNvNtNtNtCsj9seIXo0fHr_9qautodiff4expr5tests9test_csubs_7case_03
FN:1084,_RNvNtNtNtCsj9seIXo0fHr_9qautodiff4expr5tests9test_csubs_7case_04
FN:1084,_RNvNtNtNtCsj9seIXo0fHr_9qautodiff4expr5tests9test_csubs_7case_05
FN:1084,_RNvNtNtNtCsj9seIXo0fHr_9qautodiff4expr5tests9test_csubs_7case_06
FN:1084,_RNvNtNtNtCsj9seIXo0fHr_9qautodiff4expr5tests9test_csubs_7case_07
FN:1084,_RNvNtNtNtCsj9seIXo0fHr_9qautodiff4expr5tests9test_csubs_7case_08
FN:1084,_RNvNtNtNtCsj9seIXo0fHr_9qautodiff4expr5tests9test_csubs_7case_09
FN:1084,_RNvNtNtNtCsj9seIXo0fHr_9qautodiff4expr5tests9test_csubs_7case_10
FN:919,_RNvNtNtNtCsj9seIXo0fHr_9qautodiff4expr5tests8test_subs_7case_01
FN:919,_RNvNtNtNtCsj9seIXo0fHr_9qautodiff4expr5tests8test_subs_7case_02
FN:919,_RNvNtNtNtCsj9seIXo0fHr_9qautodiff4expr5tests8test_subs_7case_03
FN:919,_RNvNtNtNtCsj9seIXo0fHr_9qautodiff4expr5tests8test_subs_7case_04
FN:919,_RNvNtNtNtCsj9seIXo0fHr_9qautodiff4expr5tests8test_subs_7case_05
FN:919,_RNvNtNtNtCsj9seIXo0fHr_9qautodiff4expr5tests8test_subs_7case_06
FN:919,_RNvNtNtNtCsj9seIXo0fHr_9qautodiff4expr5tests8test_subs_7case_07
FN:919,_RNvNtNtNtCsj9seIXo0fHr_9qautodiff4expr5tests8test_subs_7case_08
FN:919,_RNvNtNtNtCsj9seIXo0fHr_9qautodiff4expr5tests8test_subs_7case_09
FN:919,_RNvNtNtNtCsj9seIXo0fHr_9qautodiff4expr5tests8test_subs_7case_10
FN:586,_RNvNtNtNtCsj9seIXo0fHr_9qautodiff4expr5tests9test_addrs_7case_01
FN:586,_RNvNtNtNtCsj9seIXo0fHr_9qautodiff4expr5tests9test_addrs_7case_02
FN:586,_RNvNtNtNtCsj9seIXo0fHr_9qautodiff4expr5tests9test_addrs_7case_03
FN:586,_RNvNtNtNtCsj9seIXo0fHr_9qautodiff4expr5tests9test_addrs_7case_04
FN:586,_RNvNtNtNtCsj9seIXo0fHr_9qautodiff4expr5tests9test_addrs_7case_05
FN:586,_RNvNtNtNtCsj9seIXo0fHr_9qautodiff4expr5tests9test_addrs_7case_06
FN:586,_RNvNtNtNtCsj9seIXo0fHr_9qautodiff4expr5tests9test_addrs_7case_07
FN:586,_RNvNtNtNtCsj9seIXo0fHr_9qautodiff4expr5tests9test_addrs_7case_08
FN:586,_RNvNtNtNtCsj9seIXo0fHr_9qautodiff4expr5tests9test_addrs_7case_09
FN:586,_RNvNtNtNtCsj9seIXo0fHr_9qautodiff4expr5tests9test_addrs_7case_10
FN:1110,_RNvNtNtNtCsj9seIXo0fHr_9qautodiff4expr5tests9test_cmuls_7case_01
FN:1110,_RNvNtNtNtCsj9seIXo0fHr_9qautodiff4expr5tests9test_cmuls_7case_02
FN:1110,_RNvNtNtNtCsj9seIXo0fHr_9qautodiff4expr5tests9test_cmuls_7case_03
FN:1110,_RNvNtNtNtCsj9seIXo0fHr_9qautodiff4expr5tests9test_cmuls_7case_04
FN:1110,_RNvNtNtNtCsj9seIXo0fHr_9qautodiff4expr5tests9test_cmuls_7case_05
FN:1110,_RNvNtNtNtCsj9seIXo0fHr_9qautodiff4expr5tests9test_cmuls_7case_06
FN:1110,_RNvNtNtNtCsj9seIXo0fHr_9qautodiff4expr5tests9test_cmuls_7case_07
FN:1110,_RNvNtNtNtCsj9seIXo0fHr_9qautodiff4expr5tests9test_cmuls_7case_08
FN:1110,_RNvNtNtNtCsj9seIXo0fHr_9qautodiff4expr5tests9test_cmuls_7case_09
FN:1110,_RNvNtNtNtCsj9seIXo0fHr_9qautodiff4expr5tests9test_cmuls_7case_10
FN:1234,_RNvNtNtNtCsj9seIXo0fHr_9qautodiff4expr5tests8test_cmps_7case_01
FN:1234,_RNvNtNtNtCsj9seIXo0fHr_9qautodiff4expr5tests8test_cmps_7case_02
FN:1234,_RNvNtNtNtCsj9seIXo0fHr_9qautodiff4expr5tests8test_cmps_7case_03
FN:1234,_RNvNtNtNtCsj9seIXo0fHr_9qautodiff4expr5tests8test_cmps_7case_04
FN:1234,_RNvNtNtNtCsj9seIXo0fHr_9qautodiff4expr5tests8test_cmps_7case_05
FN:1234,_RNvNtNtNtCsj9seIXo0fHr_9qautodiff4expr5tests8test_cmps_7case_06
FN:1234,_RNvNtNtNtCsj9seIXo0fHr_9qautodiff4expr5tests8test_cmps_7case_07
FN:1234,_RNvNtNtNtCsj9seIXo0fHr_9qautodiff4expr5tests8test_cmps_7case_08
FN:1234,_RNvNtNtNtCsj9seIXo0fHr_9qautodiff4expr5tests8test_cmps_7case_09
FN:1234,_RNvNtNtNtCsj9seIXo0fHr_9qautodiff4expr5tests8test_cmps_7case_10
FN:1234,_RNvNtNtNtCsj9seIXo0fHr_9qautodiff4expr5tests8test_cmps_7case_11
FN:1234,_RNvNtNtNtCsj9seIXo0fHr_9qautodiff4expr5tests8test_cmps_7case_12
FN:1234,_RNvNtNtNtCsj9seIXo0fHr_9qautodiff4expr5tests8test_cmps_7case_13
FN:1234,_RNvNtNtNtCsj9seIXo0fHr_9qautodiff4expr5tests8test_cmps_7case_14
FN:1234,_RNvNtNtNtCsj9seIXo0fHr_9qautodiff4expr5tests8test_cmps_7case_15
FN:1234,_RNvNtNtNtCsj9seIXo0fHr_9qautodiff4expr5tests8test_cmps_7case_16
FN:1234,_RNvNtNtNtCsj9seIXo0fHr_9qautodiff4expr5tests8test_cmps_7case_17
FN:1234,_RNvNtNtNtCsj9seIXo0fHr_9qautodiff4expr5tests8test_cmps_7case_18
FN:1234,_RNvNtNtNtCsj9seIXo0fHr_9qautodiff4expr5tests8test_cmps_7case_19
FN:1234,_RNvNtNtNtCsj9seIXo0fHr_9qautodiff4expr5tests8test_cmps_7case_20
FN:1234,_RNvNtNtNtCsj9seIXo0fHr_9qautodiff4expr5tests8test_cmps_7case_21
FN:1234,_RNvNtNtNtCsj9seIXo0fHr_9qautodiff4expr5tests8test_cmps_7case_22
FN:1234,_RNvNtNtNtCsj9seIXo0fHr_9qautodiff4expr5tests8test_cmps_7case_23
FN:1234,_RNvNtNtNtCsj9seIXo0fHr_9qautodiff4expr5tests8test_cmps_7case_24
FN:1234,_RNvNtNtNtCsj9seIXo0fHr_9qautodiff4expr5tests8test_cmps_7case_25
FN:1234,_RNvNtNtNtCsj9seIXo0fHr_9qautodiff4expr5tests8test_cmps_7case_26
FN:1234,_RNvNtNtNtCsj9seIXo0fHr_9qautodiff4expr5tests8test_cmps_7case_27
FN:1234,_RNvNtNtNtCsj9seIXo0fHr_9qautodiff4expr5tests8test_cmps_7case_28
FN:160,_RNvXININtCsj9seIXo0fHr_9qautodiff4exprsa_0ppEINtB5_4ExprppENtNtCs5cYH0lLSdLc_4core3cmp3Ord3cmpB7_
FN:162,_RNCNvXININtCsj9seIXo0fHr_9qautodiff4exprsa_0ppEINtB7_4ExprppENtNtCs5cYH0lLSdLc_4core3cmp3Ord3cmp0B9_
FN:162,_RNCNCNvXININtCsj9seIXo0fHr_9qautodiff4exprsa_0ppEINtB9_4ExprppENtNtCs5cYH0lLSdLc_4core3cmp3Ord3cmp00Bb_
FN:266,_RNvXININtCsj9seIXo0fHr_9qautodiff4exprsf_0ppEINtB5_4ExprppENtNtNtCsgwwChj5L8ot_5qmath3num7algebra10FloatBased25nearest_base_float_of_f64B7_
FN:399,_RNvXININtCsj9seIXo0fHr_9qautodiff4exprsy_0ppERINtB5_4ExprppEINtNtNtCs5cYH0lLSdLc_4core3ops5arith3AddRpE3addB7_
FN:421,_RNvXININtCsj9seIXo0fHr_9qautodiff4exprsA_0ppERINtB5_4ExprppEINtNtNtCs5cYH0lLSdLc_4core3ops5arith3AddpE3addB7_
FN:430,_RNvXININtCsj9seIXo0fHr_9qautodiff4exprsB_0ppEINtB5_4ExprppENtNtNtCs5cYH0lLSdLc_4core3ops5arith9AddAssign10add_assignB7_
FN:439,_RNvXININtCsj9seIXo0fHr_9qautodiff4exprsC_0ppEINtB5_4ExprppEINtNtNtCs5cYH0lLSdLc_4core3ops5arith9AddAssignpE10add_assignB7_
FN:448,_RNvXININtCsj9seIXo0fHr_9qautodiff4exprsD_0ppEINtB5_4ExprppEINtNtNtCs5cYH0lLSdLc_4core3ops5arith9AddAssignRBH_E10add_assignB7_
FN:457,_RNvXININtCsj9seIXo0fHr_9qautodiff4exprsE_0ppEINtB5_4ExprppEINtNtNtCs5cYH0lLSdLc_4core3ops5arith9AddAssignRpE10add_assignB7_
FN:343,_RNvXININtCsj9seIXo0fHr_9qautodiff4exprsG_0ppEINtB5_4ExprppEINtNtNtCs5cYH0lLSdLc_4core3ops5arith3SubpE3subB7_
FN:374,_RNvXININtCsj9seIXo0fHr_9qautodiff4exprsI_0ppEINtB5_4ExprppEINtNtNtCs5cYH0lLSdLc_4core3ops5arith3SubRpE3subB7_
FN:399,_RNvXININtCsj9seIXo0fHr_9qautodiff4exprsK_0ppERINtB5_4ExprppEINtNtNtCs5cYH0lLSdLc_4core3ops5arith3SubRpE3subB7_
FN:421,_RNvXININtCsj9seIXo0fHr_9qautodiff4exprsM_0ppERINtB5_4ExprppEINtNtNtCs5cYH0lLSdLc_4core3ops5arith3SubpE3subB7_
FN:430,_RNvXININtCsj9seIXo0fHr_9qautodiff4exprsN_0ppEINtB5_4ExprppENtNtNtCs5cYH0lLSdLc_4core3ops5arith9SubAssign10sub_assignB7_
FN:439,_RNvXININtCsj9seIXo0fHr_9qautodiff4exprsO_0ppEINtB5_4ExprppEINtNtNtCs5cYH0lLSdLc_4core3ops5arith9SubAssignpE10sub_assignB7_
FN:448,_RNvXININtCsj9seIXo0fHr_9qautodiff4exprsP_0ppEINtB5_4ExprppEINtNtNtCs5cYH0lLSdLc_4core3ops5arith9SubAssignRBH_E10sub_assignB7_
FN:457,_RNvXININtCsj9seIXo0fHr_9qautodiff4exprsQ_0ppEINtB5_4ExprppEINtNtNtCs5cYH0lLSdLc_4core3ops5arith9SubAssignRpE10sub_assignB7_
FN:343,_RNvXININtCsj9seIXo0fHr_9qautodiff4exprsS_0ppEINtB5_4ExprppEINtNtNtCs5cYH0lLSdLc_4core3ops5arith3MulpE3mulB7_
FN:374,_RNvXININtCsj9seIXo0fHr_9qautodiff4exprsU_0ppEINtB5_4ExprppEINtNtNtCs5cYH0lLSdLc_4core3ops5arith3MulRpE3mulB7_
FN:399,_RNvXININtCsj9seIXo0fHr_9qautodiff4exprsW_0ppERINtB5_4ExprppEINtNtNtCs5cYH0lLSdLc_4core3ops5arith3MulRpE3mulB7_
FN:421,_RNvXININtCsj9seIXo0fHr_9qautodiff4exprsY_0ppERINtB5_4ExprppEINtNtNtCs5cYH0lLSdLc_4core3ops5arith3MulpE3mulB7_
FN:430,_RNvXININtCsj9seIXo0fHr_9qautodiff4exprsZ_0ppEINtB5_4ExprppENtNtNtCs5cYH0lLSdLc_4core3ops5arith9MulAssign10mul_assignB7_
FN:439,_RNvXININtCsj9seIXo0fHr_9qautodiff4exprs10_0ppEINtB5_4ExprppEINtNtNtCs5cYH0lLSdLc_4core3ops5arith9MulAssignpE10mul_assignB7_
FN:448,_RNvXININtCsj9seIXo0fHr_9qautodiff4exprs11_0ppEINtB5_4ExprppEINtNtNtCs5cYH0lLSdLc_4core3ops5arith9MulAssignRBI_E10mul_assignB7_
FN:457,_RNvXININtCsj9seIXo0fHr_9qautodiff4exprs12_0ppEINtB5_4ExprppEINtNtNtCs5cYH0lLSdLc_4core3ops5arith9MulAssignRpE10mul_assignB7_
FN:343,_RNvXININtCsj9seIXo0fHr_9qautodiff4exprs14_0ppEINtB5_4ExprppEINtNtNtCs5cYH0lLSdLc_4core3ops5arith3DivpE3divB7_
FN:374,_RNvXININtCsj9seIXo0fHr_9qautodiff4exprs16_0ppEINtB5_4ExprppEINtNtNtCs5cYH0lLSdLc_4core3ops5arith3DivRpE3divB7_
FN:399,_RNvXININtCsj9seIXo0fHr_9qautodiff4exprs18_0ppERINtB5_4ExprppEINtNtNtCs5cYH0lLSdLc_4core3ops5arith3DivRpE3divB7_
FN:421,_RNvXININtCsj9seIXo0fHr_9qautodiff4exprs1a_0ppERINtB5_4ExprppEINtNtNtCs5cYH0lLSdLc_4core3ops5arith3DivpE3divB7_
FN:430,_RNvXININtCsj9seIXo0fHr_9qautodiff4exprs1b_0ppEINtB5_4ExprppENtNtNtCs5cYH0lLSdLc_4core3ops5arith9DivAssign10div_assignB7_
FN:439,_RNvXININtCsj9seIXo0fHr_9qautodiff4exprs1c_0ppEINtB5_4ExprppEINtNtNtCs5cYH0lLSdLc_4core3ops5arith9DivAssignpE10div_assignB7_
FN:448,_RNvXININtCsj9seIXo0fHr_9qautodiff4exprs1d_0ppEINtB5_4ExprppEINtNtNtCs5cYH0lLSdLc_4core3ops5arith9DivAssignRBI_E10div_assignB7_
FN:457,_RNvXININtCsj9seIXo0fHr_9qautodiff4exprs1e_0ppEINtB5_4ExprppEINtNtNtCs5cYH0lLSdLc_4core3ops5arith9DivAssignRpE10div_assignB7_
FN:556,_RNvNtNtNtCsj9seIXo0fHr_9qautodiff4expr5tests9test_addls_7case_01
FN:556,_RNvNtNtNtCsj9seIXo0fHr_9qautodiff4expr5tests9test_addls_7case_02
FN:556,_RNvNtNtNtCsj9seIXo0fHr_9qautodiff4expr5tests9test_addls_7case_03
FN:556,_RNvNtNtNtCsj9seIXo0fHr_9qautodiff4expr5tests9test_addls_7case_04
FN:556,_RNvNtNtNtCsj9seIXo0fHr_9qautodiff4expr5tests9test_addls_7case_05
FN:556,_RNvNtNtNtCsj9seIXo0fHr_9qautodiff4expr5tests9test_addls_7case_06
FN:556,_RNvNtNtNtCsj9seIXo0fHr_9qautodiff4expr5tests9test_addls_7case_07
FN:556,_RNvNtNtNtCsj9seIXo0fHr_9qautodiff4expr5tests9test_addls_7case_08
FN:556,_RNvNtNtNtCsj9seIXo0fHr_9qautodiff4expr5tests9test_addls_7case_09
FN:556,_RNvNtNtNtCsj9seIXo0fHr_9qautodiff4expr5tests9test_addls_7case_10
FN:1191,_RNvNtNtNtCsj9seIXo0fHr_9qautodiff4expr5tests7test_eqs_7case_01
FN:1191,_RNvNtNtNtCsj9seIXo0fHr_9qautodiff4expr5tests7test_eqs_7case_02
FN:1191,_RNvNtNtNtCsj9seIXo0fHr_9qautodiff4expr5tests7test_eqs_7case_03
FN:1191,_RNvNtNtNtCsj9seIXo0fHr_9qautodiff4expr5tests7test_eqs_7case_04
FN:1191,_RNvNtNtNtCsj9seIXo0fHr_9qautodiff4expr5tests7test_eqs_7case_05
FN:1191,_RNvNtNtNtCsj9seIXo0fHr_9qautodiff4expr5tests7test_eqs_7case_06
FN:1191,_RNvNtNtNtCsj9seIXo0fHr_9qautodiff4expr5tests7test_eqs_7case_07
FN:1191,_RNvNtNtNtCsj9seIXo0fHr_9qautodiff4expr5tests7test_eqs_7case_08
FN:1191,_RNvNtNtNtCsj9seIXo0fHr_9qautodiff4expr5tests7test_eqs_7case_09
FN:1191,_RNvNtNtNtCsj9seIXo0fHr_9qautodiff4expr5tests7test_eqs_7case_10
FN:1191,_RNvNtNtNtCsj9seIXo0fHr_9qautodiff4expr5tests7test_eqs_7case_11
FN:1191,_RNvNtNtNtCsj9seIXo0fHr_9qautodiff4expr5tests7test_eqs_7case_12
FN:1191,_RNvNtNtNtCsj9seIXo0fHr_9qautodiff4expr5tests7test_eqs_7case_13
FN:1191,_RNvNtNtNtCsj9seIXo0fHr_9qautodiff4expr5tests7test_eqs_7case_14
FN:1191,_RNvNtNtNtCsj9seIXo0fHr_9qautodiff4expr5tests7test_eqs_7case_15
FN:1191,_RNvNtNtNtCsj9seIXo0fHr_9qautodiff4expr5tests7test_eqs_7case_16
FN:1191,_RNvNtNtNtCsj9seIXo0fHr_9qautodiff4expr5tests7test_eqs_7case_17
FN:1191,_RNvNtNtNtCsj9seIXo0fHr_9qautodiff4expr5tests7test_eqs_7case_18
FN:1191,_RNvNtNtNtCsj9seIXo0fHr_9qautodiff4expr5tests7test_eqs_7case_19
FN:1191,_RNvNtNtNtCsj9seIXo0fHr_9qautodiff4expr5tests7test_eqs_7case_20
FN:1191,_RNvNtNtNtCsj9seIXo0fHr_9qautodiff4expr5tests7test_eqs_7case_21
FN:1191,_RNvNtNtNtCsj9seIXo0fHr_9qautodiff4expr5tests7test_eqs_7case_22
FN:1191,_RNvNtNtNtCsj9seIXo0fHr_9qautodiff4expr5tests7test_eqs_7case_23
FN:1191,_RNvNtNtNtCsj9seIXo0fHr_9qautodiff4expr5tests7test_eqs_7case_24
FN:1191,_RNvNtNtNtCsj9seIXo0fHr_9qautodiff4expr5tests7test_eqs_7case_25
FN:1191,_RNvNtNtNtCsj9seIXo0fHr_9qautodiff4expr5tests7test_eqs_7case_26
FN:1191,_RNvNtNtNtCsj9seIXo0fHr_9qautodiff4expr5tests7test_eqs_7case_27
FN:1191,_RNvNtNtNtCsj9seIXo0fHr_9qautodiff4expr5tests7test_eqs_7case_28
FN:646,_RNvNtNtNtCsj9seIXo0fHr_9qautodiff4expr5tests9test_subrs_7case_01
FN:646,_RNvNtNtNtCsj9seIXo0fHr_9qautodiff4expr5tests9test_subrs_7case_02
FN:646,_RNvNtNtNtCsj9seIXo0fHr_9qautodiff4expr5tests9test_subrs_7case_03
FN:646,_RNvNtNtNtCsj9seIXo0fHr_9qautodiff4expr5tests9test_subrs_7case_04
FN:646,_RNvNtNtNtCsj9seIXo0fHr_9qautodiff4expr5tests9test_subrs_7case_05
FN:646,_RNvNtNtNtCsj9seIXo0fHr_9qautodiff4expr5tests9test_subrs_7case_06
FN:646,_RNvNtNtNtCsj9seIXo0fHr_9qautodiff4expr5tests9test_subrs_7case_07
FN:646,_RNvNtNtNtCsj9seIXo0fHr_9qautodiff4expr5tests9test_subrs_7case_08
FN:646,_RNvNtNtNtCsj9seIXo0fHr_9qautodiff4expr5tests9test_subrs_7case_09
FN:646,_RNvNtNtNtCsj9seIXo0fHr_9qautodiff4expr5tests9test_subrs_7case_10
FN:1014,_RNvNtNtNtCsj9seIXo0fHr_9qautodiff4expr5tests9test_cnegs_6case_1
FN:1014,_RNvNtNtNtCsj9seIXo0fHr_9qautodiff4expr5tests9test_cnegs_6case_2
FN:1014,_RNvNtNtNtCsj9seIXo0fHr_9qautodiff4expr5tests9test_cnegs_6case_3
FN:1014,_RNvNtNtNtCsj9seIXo0fHr_9qautodiff4expr5tests9test_cnegs_6case_4
FN:1029,_RNvNtNtNtCsj9seIXo0fHr_9qautodiff4expr5tests9test_cexps_6case_1
FN:1029,_RNvNtNtNtCsj9seIXo0fHr_9qautodiff4expr5tests9test_cexps_6case_2
FN:1029,_RNvNtNtNtCsj9seIXo0fHr_9qautodiff4expr5tests9test_cexps_6case_3
FN:1029,_RNvNtNtNtCsj9seIXo0fHr_9qautodiff4expr5tests9test_cexps_6case_4
FNDA:1,_RNvNtNtCsj9seIXo0fHr_9qautodiff4expr5testss_12test_is_real
FNDA:4,_RNvNtNtCsj9seIXo0fHr_9qautodiff4expr5tests8test_fmt
FNDA:4,_RNvNtNtCsj9seIXo0fHr_9qautodiff4expr5tests8test_neg
FNDA:10,_RNvNtNtCsj9seIXo0fHr_9qautodiff4expr5tests9test_addl
FNDA:10,_RNvNtNtCsj9seIXo0fHr_9qautodiff4expr5tests9test_addr
FNDA:10,_RNvNtNtCsj9seIXo0fHr_9qautodiff4expr5tests9test_subl
FNDA:10,_RNvNtNtCsj9seIXo0fHr_9qautodiff4expr5tests9test_subr
FNDA:10,_RNvNtNtCsj9seIXo0fHr_9qautodiff4expr5tests9test_mull
FNDA:10,_RNvNtNtCsj9seIXo0fHr_9qautodiff4expr5tests9test_mulr
FNDA:6,_RNvNtNtCsj9seIXo0fHr_9qautodiff4expr5tests9test_divl
FNDA:6,_RNvNtNtCsj9seIXo0fHr_9qautodiff4expr5tests9test_divr
FNDA:4,_RNvNtNtCsj9seIXo0fHr_9qautodiff4expr5tests8test_exp
FNDA:3,_RNvNtNtCsj9seIXo0fHr_9qautodiff4expr5tests8test_log
FNDA:3,_RNvNtNtCsj9seIXo0fHr_9qautodiff4expr5tests8test_erf
FNDA:3,_RNvNtNtCsj9seIXo0fHr_9qautodiff4expr5tests9test_sqrt
FNDA:12,_RNvNtNtCsj9seIXo0fHr_9qautodiff4expr5tests9test_powi
FNDA:10,_RNvNtNtCsj9seIXo0fHr_9qautodiff4expr5tests8test_add
FNDA:10,_RNvNtNtCsj9seIXo0fHr_9qautodiff4expr5tests8test_sub
FNDA:10,_RNvNtNtCsj9seIXo0fHr_9qautodiff4expr5tests8test_mul
FNDA:6,_RNvNtNtCsj9seIXo0fHr_9qautodiff4expr5tests8test_div
FNDA:4,_RNvNtNtCsj9seIXo0fHr_9qautodiff4expr5tests9test_cneg
FNDA:4,_RNvNtNtCsj9seIXo0fHr_9qautodiff4expr5tests9test_cexp
FNDA:3,_RNvNtNtCsj9seIXo0fHr_9qautodiff4expr5tests9test_clog
FNDA:10,_RNvNtNtCsj9seIXo0fHr_9qautodiff4expr5tests9test_cadd
FNDA:10,_RNvNtNtCsj9seIXo0fHr_9qautodiff4expr5tests9test_csub
FNDA:10,_RNvNtNtCsj9seIXo0fHr_9qautodiff4expr5tests9test_cmul
FNDA:6,_RNvNtNtCsj9seIXo0fHr_9qautodiff4expr5tests9test_cdiv
FNDA:1,_RNvNtNtCsj9seIXo0fHr_9qautodiff4expr5testss_12test_is_zero
FNDA:1,_RNvNtNtCsj9seIXo0fHr_9qautodiff4expr5testss_9test_zero
FNDA:1,_RNvNtNtCsj9seIXo0fHr_9qautodiff4expr5testss_8test_one
FNDA:28,_RNvNtNtCsj9seIXo0fHr_9qautodiff4expr5tests7test_eq
FNDA:28,_RNvNtNtCsj9seIXo0fHr_9qautodiff4expr5tests8test_cmp
FNDA:1,_RNvNtNtCsj9seIXo0fHr_9qautodiff4expr5testss_18test_compound_expr
FNDA:1,_RNvNtNtCsj9seIXo0fHr_9qautodiff4expr5testss_15test_compressed
FNDA:1,_RNvNtNtCsj9seIXo0fHr_9qautodiff4expr5testss_13test_graphviz
FNDA:17,_RNCNvNtNtCsj9seIXo0fHr_9qautodiff4expr5testss_13test_graphviz0B7_
FNDA:1,_RNvNtNtNtCsj9seIXo0fHr_9qautodiff4expr5tests8test_fmts_6case_1
FNDA:1,_RNvNtNtNtCsj9seIXo0fHr_9qautodiff4expr5tests8test_fmts_6case_2
FNDA:1,_RNvNtNtNtCsj9seIXo0fHr_9qautodiff4expr5tests8test_fmts_6case_3
FNDA:1,_RNvNtNtNtCsj9seIXo0fHr_9qautodiff4expr5tests8test_fmts_6case_4
FNDA:1,_RNvNtNtNtCsj9seIXo0fHr_9qautodiff4expr5tests9test_mulls_7case_01
FNDA:1,_RNvNtNtNtCsj9seIXo0fHr_9qautodiff4expr5tests9test_mulls_7case_02
FNDA:1,_RNvNtNtNtCsj9seIXo0fHr_9qautodiff4expr5tests9test_mulls_7case_03
FNDA:1,_RNvNtNtNtCsj9seIXo0fHr_9qautodiff4expr5tests9test_mulls_7case_04
FNDA:1,_RNvNtNtNtCsj9seIXo0fHr_9qautodiff4expr5tests9test_mulls_7case_05
FNDA:1,_RNvNtNtNtCsj9seIXo0fHr_9qautodiff4expr5tests9test_mulls_7case_06
FNDA:1,_RNvNtNtNtCsj9seIXo0fHr_9qautodiff4expr5tests9test_mulls_7case_07
FNDA:1,_RNvNtNtNtCsj9seIXo0fHr_9qautodiff4expr5tests9test_mulls_7case_08
FNDA:1,_RNvNtNtNtCsj9seIXo0fHr_9qautodiff4expr5tests9test_mulls_7case_09
FNDA:1,_RNvNtNtNtCsj9seIXo0fHr_9qautodiff4expr5tests9test_mulls_7case_10
FNDA:1,_RNvNtNtNtCsj9seIXo0fHr_9qautodiff4expr5tests9test_mulrs_7case_01
FNDA:1,_RNvNtNtNtCsj9seIXo0fHr_9qautodiff4expr5tests9test_mulrs_7case_02
FNDA:1,_RNvNtNtNtCsj9seIXo0fHr_9qautodiff4expr5tests9test_mulrs_7case_03
FNDA:1,_RNvNtNtNtCsj9seIXo0fHr_9qautodiff4expr5tests9test_mulrs_7case_04
FNDA:1,_RNvNtNtNtCsj9seIXo0fHr_9qautodiff4expr5tests9test_mulrs_7case_05
FNDA:1,_RNvNtNtNtCsj9seIXo0fHr_9qautodiff4expr5tests9test_mulrs_7case_06
FNDA:1,_RNvNtNtNtCsj9seIXo0fHr_9qautodiff4expr5tests9test_mulrs_7case_07
FNDA:1,_RNvNtNtNtCsj9seIXo0fHr_9qautodiff4expr5tests9test_mulrs_7case_08
FNDA:1,_RNvNtNtNtCsj9seIXo0fHr_9qautodiff4expr5tests9test_mulrs_7case_09
FNDA:1,_RNvNtNtNtCsj9seIXo0fHr_9qautodiff4expr5tests9test_mulrs_7case_10
FNDA:1,_RNvNtNtNtCsj9seIXo0fHr_9qautodiff4expr5tests9test_divrs_6case_1
FNDA:1,_RNvNtNtNtCsj9seIXo0fHr_9qautodiff4expr5tests9test_divrs_6case_2
FNDA:1,_RNvNtNtNtCsj9seIXo0fHr_9qautodiff4expr5tests9test_divrs_6case_3
FNDA:1,_RNvNtNtNtCsj9seIXo0fHr_9qautodiff4expr5tests9test_divrs_6case_4
FNDA:1,_RNvNtNtNtCsj9seIXo0fHr_9qautodiff4expr5tests9test_divrs_6case_5
FNDA:1,_RNvNtNtNtCsj9seIXo0fHr_9qautodiff4expr5tests9test_divrs_6case_6
FNDA:1,_RNvNtNtNtCsj9seIXo0fHr_9qautodiff4expr5tests8test_erfs_6case_1
FNDA:1,_RNvNtNtNtCsj9seIXo0fHr_9qautodiff4expr5tests8test_erfs_6case_2
FNDA:1,_RNvNtNtNtCsj9seIXo0fHr_9qautodiff4expr5tests8test_erfs_6case_3
FNDA:325,_RNvXNtCsj9seIXo0fHr_9qautodiff4exprINtB2_5__ExprRedENtNtCs5cYH0lLSdLc_4core5clone5Clone5cloneB4_
FNDA:56,_RINvMs_NtCsj9seIXo0fHr_9qautodiff4exprINtB5_5__ExprRedE16__indirectly_readINtNtCs5cYH0lLSdLc_4core6option6OptionNtNtB1f_3cmp8OrderingENCNCNvXs9_B5_INtB5_4ExprBN_dENtB1O_10PartialOrd11partial_cmp00EB7_
FNDA:56,_RINvMs_NtCsj9seIXo0fHr_9qautodiff4exprINtB5_5__ExprRedE16__indirectly_readINtNtCs5cYH0lLSdLc_4core6option6OptionNtNtB1f_3cmp8OrderingENCNvXs9_B5_INtB5_4ExprBN_dENtB1O_10PartialOrd11partial_cmp0EB7_
FNDA:4,_RINvMs_NtCsj9seIXo0fHr_9qautodiff4exprINtB5_5__ExprRedE16__indirectly_readINtNtCs5cYH0lLSdLc_4core6result6ResultuNtNtB1f_3fmt5ErrorENCNvXs6_B5_INtB5_4ExprBN_dENtB1P_7Display3fmt0EB7_
FNDA:56,_RINvMs_NtCsj9seIXo0fHr_9qautodiff4exprINtB5_5__ExprRedE16__indirectly_readbNCNCNvXs7_B5_INtB5_4ExprBN_dENtNtCs5cYH0lLSdLc_4core3cmp9PartialEq2eq00EB7_
FNDA:56,_RINvMs_NtCsj9seIXo0fHr_9qautodiff4exprINtB5_5__ExprRedE16__indirectly_readbNCNvXs7_B5_INtB5_4ExprBN_dENtNtCs5cYH0lLSdLc_4core3cmp9PartialEq2eq0EB7_
FNDA:2,_RINvMs_NtCsj9seIXo0fHr_9qautodiff4exprINtB5_5__ExprRedE16__indirectly_readbNvYdNtNtCse6Wwc6JXGuP_10num_traits10identities4Zero7is_zeroEB7_
FNDA:1,_RNvXs0_NtCsj9seIXo0fHr_9qautodiff4exprINtB5_3VarRedENtNtCs5cYH0lLSdLc_4core5clone5Clone5cloneB7_
FNDA:333,_RNvXs1_NtCsj9seIXo0fHr_9qautodiff4exprINtB5_3VarRedEINtNtCs5cYH0lLSdLc_4core7convert5AsRefINtB5_4ExprBK_dEE6as_refB7_
FNDA:1,_RNvXs2_NtCsj9seIXo0fHr_9qautodiff4exprINtB5_3VarRedENtNtNtCs5cYH0lLSdLc_4core3ops5deref5Deref5derefB7_
FNDA:1,_RNvMs3_NtCsj9seIXo0fHr_9qautodiff4exprINtB5_3VarRedE3keyB7_
FNDA:14,_RNvMs4_NtCsj9seIXo0fHr_9qautodiff4exprINtB5_3VarRedE5__nodeB7_
FNDA:325,_RNvXs5_NtCsj9seIXo0fHr_9qautodiff4exprINtB5_4ExprRedENtNtCs5cYH0lLSdLc_4core5clone5Clone5cloneB7_
FNDA:4,_RNvXs6_NtCsj9seIXo0fHr_9qautodiff4exprINtB5_4ExprRedENtNtCs5cYH0lLSdLc_4core3fmt7Display3fmtB7_
FNDA:4,_RNCNvXs6_NtCsj9seIXo0fHr_9qautodiff4exprINtB7_4ExprRedENtNtCs5cYH0lLSdLc_4core3fmt7Display3fmt0B9_
FNDA:56,_RNvXs7_NtCsj9seIXo0fHr_9qautodiff4exprINtB5_4ExprRedENtNtCs5cYH0lLSdLc_4core3cmp9PartialEq2eqB7_
FNDA:56,_RNCNvXs7_NtCsj9seIXo0fHr_9qautodiff4exprINtB7_4ExprRedENtNtCs5cYH0lLSdLc_4core3cmp9PartialEq2eq0B9_
FNDA:56,_RNCNCNvXs7_NtCsj9seIXo0fHr_9qautodiff4exprINtB9_4ExprRedENtNtCs5cYH0lLSdLc_4core3cmp9PartialEq2eq00Bb_
FNDA:56,_RNvXs9_NtCsj9seIXo0fHr_9qautodiff4exprINtB5_4ExprRedENtNtCs5cYH0lLSdLc_4core3cmp10PartialOrd11partial_cmpB7_
FNDA:56,_RNCNvXs9_NtCsj9seIXo0fHr_9qautodiff4exprINtB7_4ExprRedENtNtCs5cYH0lLSdLc_4core3cmp10PartialOrd11partial_cmp0B9_
FNDA:56,_RNCNCNvXs9_NtCsj9seIXo0fHr_9qautodiff4exprINtB9_4ExprRedENtNtCs5cYH0lLSdLc_4core3cmp10PartialOrd11partial_cmp00Bb_
FNDA:644,_RNvXsb_NtCsj9seIXo0fHr_9qautodiff4exprINtB5_4ExprRedEINtNtCs5cYH0lLSdLc_4core7convert4FromINtNtNtB7_5graph4tape4NodeBL_dEE4fromB7_
FNDA:249,_RNvXsc_NtCsj9seIXo0fHr_9qautodiff4exprINtB5_4ExprRedEINtNtCs5cYH0lLSdLc_4core7convert4FromdE4fromB7_
FNDA:4,_RNvXsd_NtCsj9seIXo0fHr_9qautodiff4exprINtB5_4ExprRedEINtNtCs5cYH0lLSdLc_4core7convert4FromINtB5_3VarBL_dEE4fromB7_
FNDA:334,_RNvMse_NtCsj9seIXo0fHr_9qautodiff4exprINtB5_4ExprRedE5valueB7_
FNDA:345,_RNvMse_NtCsj9seIXo0fHr_9qautodiff4exprINtB5_4ExprRedE5gradsB7_
FNDA:1,_RNvMse_NtCsj9seIXo0fHr_9qautodiff4exprINtB5_4ExprRedE3keyB7_
FNDA:1,_RNvMse_NtCsj9seIXo0fHr_9qautodiff4exprINtB5_4ExprRedE8compressB7_
FNDA:1,_RNvMse_NtCsj9seIXo0fHr_9qautodiff4exprINtB5_4ExprRedE8graphvizB7_
FNDA:1,_RNvXsg_NtCsj9seIXo0fHr_9qautodiff4exprINtB5_4ExprRedENtNtCse6Wwc6JXGuP_10num_traits10identities4Zero4zeroB7_
FNDA:2,_RNvXsg_NtCsj9seIXo0fHr_9qautodiff4exprINtB5_4ExprRedENtNtCse6Wwc6JXGuP_10num_traits10identities4Zero7is_zeroB7_
FNDA:1,_RNvXsh_NtCsj9seIXo0fHr_9qautodiff4exprINtB5_4ExprRedENtNtCse6Wwc6JXGuP_10num_traits10identities3One3oneB7_
FNDA:9,_RNvXsi_NtCsj9seIXo0fHr_9qautodiff4exprINtB5_4ExprRedENtNtNtCs5cYH0lLSdLc_4core3ops5arith3Neg3negB7_
FNDA:5,_RNvXsj_NtCsj9seIXo0fHr_9qautodiff4exprRINtB5_4ExprRedENtNtNtCs5cYH0lLSdLc_4core3ops5arith3Neg3negB7_
FNDA:14,_RNvXsk_NtCsj9seIXo0fHr_9qautodiff4exprINtB5_4ExprRedENtNtNtCsgwwChj5L8ot_5qmath3num13elementary_fn4Powi4powiB7_
FNDA:27,_RNvXst_NtCsj9seIXo0fHr_9qautodiff4exprINtB5_4ExprRedENtNtNtCs5cYH0lLSdLc_4core3ops5arith3Add3addB7_
FNDA:1,_RNvXsu_NtCsj9seIXo0fHr_9qautodiff4exprINtB5_4ExprRedEINtNtNtCs5cYH0lLSdLc_4core3ops5arith3AdddE3addB7_
FNDA:95,_RNvXsv_NtCsj9seIXo0fHr_9qautodiff4exprINtB5_4ExprRedEINtNtNtCs5cYH0lLSdLc_4core3ops5arith3AddRBA_E3addB7_
FNDA:1,_RNvXsw_NtCsj9seIXo0fHr_9qautodiff4exprINtB5_4ExprRedEINtNtNtCs5cYH0lLSdLc_4core3ops5arith3AddRdE3addB7_
FNDA:37,_RNvXsx_NtCsj9seIXo0fHr_9qautodiff4exprRINtB5_4ExprRedENtNtNtCs5cYH0lLSdLc_4core3ops5arith3Add3addB7_
FNDA:11,_RNvXsz_NtCsj9seIXo0fHr_9qautodiff4exprRINtB5_4ExprRedEINtNtNtCs5cYH0lLSdLc_4core3ops5arith3AddBB_E3addB7_
FNDA:21,_RNvXsF_NtCsj9seIXo0fHr_9qautodiff4exprINtB5_4ExprRedENtNtNtCs5cYH0lLSdLc_4core3ops5arith3Sub3subB7_
FNDA:85,_RNvXsH_NtCsj9seIXo0fHr_9qautodiff4exprINtB5_4ExprRedEINtNtNtCs5cYH0lLSdLc_4core3ops5arith3SubRBA_E3subB7_
FNDA:33,_RNvXsJ_NtCsj9seIXo0fHr_9qautodiff4exprRINtB5_4ExprRedENtNtNtCs5cYH0lLSdLc_4core3ops5arith3Sub3subB7_
FNDA:11,_RNvXsL_NtCsj9seIXo0fHr_9qautodiff4exprRINtB5_4ExprRedEINtNtNtCs5cYH0lLSdLc_4core3ops5arith3SubBB_E3subB7_
FNDA:25,_RNvXsR_NtCsj9seIXo0fHr_9qautodiff4exprINtB5_4ExprRedENtNtNtCs5cYH0lLSdLc_4core3ops5arith3Mul3mulB7_
FNDA:103,_RNvXsT_NtCsj9seIXo0fHr_9qautodiff4exprINtB5_4ExprRedEINtNtNtCs5cYH0lLSdLc_4core3ops5arith3MulRBA_E3mulB7_
FNDA:45,_RNvXsV_NtCsj9seIXo0fHr_9qautodiff4exprRINtB5_4ExprRedENtNtNtCs5cYH0lLSdLc_4core3ops5arith3Mul3mulB7_
FNDA:11,_RNvXsX_NtCsj9seIXo0fHr_9qautodiff4exprRINtB5_4ExprRedEINtNtNtCs5cYH0lLSdLc_4core3ops5arith3MulBB_E3mulB7_
FNDA:13,_RNvXs13_NtCsj9seIXo0fHr_9qautodiff4exprINtB6_4ExprRedENtNtNtCs5cYH0lLSdLc_4core3ops5arith3Div3divB8_
FNDA:51,_RNvXs15_NtCsj9seIXo0fHr_9qautodiff4exprINtB6_4ExprRedEINtNtNtCs5cYH0lLSdLc_4core3ops5arith3DivRBB_E3divB8_
FNDA:19,_RNvXs17_NtCsj9seIXo0fHr_9qautodiff4exprRINtB6_4ExprRedENtNtNtCs5cYH0lLSdLc_4core3ops5arith3Div3divB8_
FNDA:7,_RNvXs19_NtCsj9seIXo0fHr_9qautodiff4exprRINtB6_4ExprRedEINtNtNtCs5cYH0lLSdLc_4core3ops5arith3DivBC_E3divB8_
FNDA:12,_RNvXs1f_NtCsj9seIXo0fHr_9qautodiff4exprINtB6_4ExprRedENtNtNtCsgwwChj5L8ot_5qmath3num13elementary_fn3Exp3expB8_
FNDA:7,_RNvXs1g_NtCsj9seIXo0fHr_9qautodiff4exprINtB6_4ExprRedENtNtNtCsgwwChj5L8ot_5qmath3num13elementary_fn3Log3logB8_
FNDA:4,_RNvXs1h_NtCsj9seIXo0fHr_9qautodiff4exprINtB6_4ExprRedENtNtNtCsgwwChj5L8ot_5qmath3num13elementary_fn3Erf3erfB8_
FNDA:4,_RNvXs1i_NtCsj9seIXo0fHr_9qautodiff4exprINtB6_4ExprRedENtNtNtCsgwwChj5L8ot_5qmath3num13elementary_fn4Sqrt4sqrtB8_
FNDA:1,_RNvNtNtNtCsj9seIXo0fHr_9qautodiff4expr5tests8test_muls_7case_01
FNDA:1,_RNvNtNtNtCsj9seIXo0fHr_9qautodiff4expr5tests8test_muls_7case_02
FNDA:1,_RNvNtNtNtCsj9seIXo0fHr_9qautodiff4expr5tests8test_muls_7case_03
FNDA:1,_RNvNtNtNtCsj9seIXo0fHr_9qautodiff4expr5tests8test_muls_7case_04
FNDA:1,_RNvNtNtNtCsj9seIXo0fHr_9qautodiff4expr5tests8test_muls_7case_05
FNDA:1,_RNvNtNtNtCsj9seIXo0fHr_9qautodiff4expr5tests8test_muls_7case_06
FNDA:1,_RNvNtNtNtCsj9seIXo0fHr_9qautodiff4expr5tests8test_muls_7case_07
FNDA:1,_RNvNtNtNtCsj9seIXo0fHr_9qautodiff4expr5tests8test_muls_7case_08
FNDA:1,_RNvNtNtNtCsj9seIXo0fHr_9qautodiff4expr5tests8test_muls_7case_09
FNDA:1,_RNvNtNtNtCsj9seIXo0fHr_9qautodiff4expr5tests8test_muls_7case_10
FNDA:1,_RNvNtNtNtCsj9seIXo0fHr_9qautodiff4expr5tests9test_clogs_6case_1
FNDA:1,_RNvNtNtNtCsj9seIXo0fHr_9qautodiff4expr5tests9test_clogs_6case_2
FNDA:1,_RNvNtNtNtCsj9seIXo0fHr_9qautodiff4expr5tests9test_clogs_6case_3
FNDA:1,_RNvNtNtNtCsj9seIXo0fHr_9qautodiff4expr5tests8test_negs_6case_1
FNDA:1,_RNvNtNtNtCsj9seIXo0fHr_9qautodiff4expr5tests8test_negs_6case_2
FNDA:1,_RNvNtNtNtCsj9seIXo0fHr_9qautodiff4expr5tests8test_negs_6case_3
FNDA:1,_RNvNtNtNtCsj9seIXo0fHr_9qautodiff4expr5tests8test_negs_6case_4
FNDA:1,_RNvNtNtNtCsj9seIXo0fHr_9qautodiff4expr5tests9test_subls_7case_01
FNDA:1,_RNvNtNtNtCsj9seIXo0fHr_9qautodiff4expr5tests9test_subls_7case_02
FNDA:1,_RNvNtNtNtCsj9seIXo0fHr_9qautodiff4expr5tests9test_subls_7case_03
FNDA:1,_RNvNtNtNtCsj9seIXo0fHr_9qautodiff4expr5tests9test_subls_7case_04
FNDA:1,_RNvNtNtNtCsj9seIXo0fHr_9qautodiff4expr5tests9test_subls_7case_05
FNDA:1,_RNvNtNtNtCsj9seIXo0fHr_9qautodiff4expr5tests9test_subls_7case_06
FNDA:1,_RNvNtNtNtCsj9seIXo0fHr_9qautodiff4expr5tests9test_subls_7case_07
FNDA:1,_RNvNtNtNtCsj9seIXo0fHr_9qautodiff4expr5tests9test_subls_7case_08
FNDA:1,_RNvNtNtNtCsj9seIXo0fHr_9qautodiff4expr5tests9test_subls_7case_09
FNDA:1,_RNvNtNtNtCsj9seIXo0fHr_9qautodiff4expr5tests9test_subls_7case_10
FNDA:1,_RNvNtNtNtCsj9seIXo0fHr_9qautodiff4expr5tests9test_divls_6case_1
FNDA:1,_RNvNtNtNtCsj9seIXo0fHr_9qautodiff4expr5tests9test_divls_6case_2
FNDA:1,_RNvNtNtNtCsj9seIXo0fHr_9qautodiff4expr5tests9test_divls_6case_3
FNDA:1,_RNvNtNtNtCsj9seIXo0fHr_9qautodiff4expr5tests9test_divls_6case_4
FNDA:1,_RNvNtNtNtCsj9seIXo0fHr_9qautodiff4expr5tests9test_divls_6case_5
FNDA:1,_RNvNtNtNtCsj9seIXo0fHr_9qautodiff4expr5tests9test_divls_6case_6
FNDA:1,_RNvNtNtNtCsj9seIXo0fHr_9qautodiff4expr5tests8test_logs_6case_1
FNDA:1,_RNvNtNtNtCsj9seIXo0fHr_9qautodiff4expr5tests8test_logs_6case_2
FNDA:1,_RNvNtNtNtCsj9seIXo0fHr_9qautodiff4expr5tests8test_logs_6case_3
FNDA:1,_RNvNtNtNtCsj9seIXo0fHr_9qautodiff4expr5tests9test_powis_7case_01
FNDA:1,_RNvNtNtNtCsj9seIXo0fHr_9qautodiff4expr5tests9test_powis_7case_02
FNDA:1,_RNvNtNtNtCsj9seIXo0fHr_9qautodiff4expr5tests9test_powis_7case_03
FNDA:1,_RNvNtNtNtCsj9seIXo0fHr_9qautodiff4expr5tests9test_powis_7case_04
FNDA:1,_RNvNtNtNtCsj9seIXo0fHr_9qautodiff4expr5tests9test_powis_7case_05
FNDA:1,_RNvNtNtNtCsj9seIXo0fHr_9qautodiff4expr5tests9test_powis_7case_06
FNDA:1,_RNvNtNtNtCsj9seIXo0fHr_9qautodiff4expr5tests9test_powis_7case_07
FNDA:1,_RNvNtNtNtCsj9seIXo0fHr_9qautodiff4expr5tests9test_powis_7case_08
FNDA:1,_RNvNtNtNtCsj9seIXo0fHr_9qautodiff4expr5tests9test_powis_7case_09
FNDA:1,_RNvNtNtNtCsj9seIXo0fHr_9qautodiff4expr5tests9test_powis_7case_10
FNDA:1,_RNvNtNtNtCsj9seIXo0fHr_9qautodiff4expr5tests9test_powis_7case_11
FNDA:1,_RNvNtNtNtCsj9seIXo0fHr_9qautodiff4expr5tests9test_powis_7case_12
FNDA:1,_RNvNtNtNtCsj9seIXo0fHr_9qautodiff4expr5tests9test_cadds_7case_01
FNDA:1,_RNvNtNtNtCsj9seIXo0fHr_9qautodiff4expr5tests9test_cadds_7case_02
FNDA:1,_RNvNtNtNtCsj9seIXo0fHr_9qautodiff4expr5tests9test_cadds_7case_03
FNDA:1,_RNvNtNtNtCsj9seIXo0fHr_9qautodiff4expr5tests9test_cadds_7case_04
FNDA:1,_RNvNtNtNtCsj9seIXo0fHr_9qautodiff4expr5tests9test_cadds_7case_05
FNDA:1,_RNvNtNtNtCsj9seIXo0fHr_9qautodiff4expr5tests9test_cadds_7case_06
FNDA:1,_RNvNtNtNtCsj9seIXo0fHr_9qautodiff4expr5tests9test_cadds_7case_07
FNDA:1,_RNvNtNtNtCsj9seIXo0fHr_9qautodiff4expr5tests9test_cadds_7case_08
FNDA:1,_RNvNtNtNtCsj9seIXo0fHr_9qautodiff4expr5tests9test_cadds_7case_09
FNDA:1,_RNvNtNtNtCsj9seIXo0fHr_9qautodiff4expr5tests9test_cadds_7case_10
FNDA:1,_RNvNtNtNtCsj9seIXo0fHr_9qautodiff4expr5tests8test_exps_6case_1
FNDA:1,_RNvNtNtNtCsj9seIXo0fHr_9qautodiff4expr5tests8test_exps_6case_2
FNDA:1,_RNvNtNtNtCsj9seIXo0fHr_9qautodiff4expr5tests8test_exps_6case_3
FNDA:1,_RNvNtNtNtCsj9seIXo0fHr_9qautodiff4expr5tests8test_exps_6case_4
FNDA:1,_RNvNtNtNtCsj9seIXo0fHr_9qautodiff4expr5tests9test_sqrts_6case_1
FNDA:1,_RNvNtNtNtCsj9seIXo0fHr_9qautodiff4expr5tests9test_sqrts_6case_2
FNDA:1,_RNvNtNtNtCsj9seIXo0fHr_9qautodiff4expr5tests9test_sqrts_6case_3
FNDA:1,_RNvNtNtNtCsj9seIXo0fHr_9qautodiff4expr5tests8test_adds_7case_01
FNDA:1,_RNvNtNtNtCsj9seIXo0fHr_9qautodiff4expr5tests8test_adds_7case_02
FNDA:1,_RNvNtNtNtCsj9seIXo0fHr_9qautodiff4expr5tests8test_adds_7case_03
FNDA:1,_RNvNtNtNtCsj9seIXo0fHr_9qautodiff4expr5tests8test_adds_7case_04
FNDA:1,_RNvNtNtNtCsj9seIXo0fHr_9qautodiff4expr5tests8test_adds_7case_05
FNDA:1,_RNvNtNtNtCsj9seIXo0fHr_9qautodiff4expr5tests8test_adds_7case_06
FNDA:1,_RNvNtNtNtCsj9seIXo0fHr_9qautodiff4expr5tests8test_adds_7case_07
FNDA:1,_RNvNtNtNtCsj9seIXo0fHr_9qautodiff4expr5tests8test_adds_7case_08
FNDA:1,_RNvNtNtNtCsj9seIXo0fHr_9qautodiff4expr5tests8test_adds_7case_09
FNDA:1,_RNvNtNtNtCsj9seIXo0fHr_9qautodiff4expr5tests8test_adds_7case_10
FNDA:1,_RNvNtNtNtCsj9seIXo0fHr_9qautodiff4expr5tests9test_cdivs_6case_1
FNDA:1,_RNvNtNtNtCsj9seIXo0fHr_9qautodiff4expr5tests9test_cdivs_6case_2
FNDA:1,_RNvNtNtNtCsj9seIXo0fHr_9qautodiff4expr5tests9test_cdivs_6case_3
FNDA:1,_RNvNtNtNtCsj9seIXo0fHr_9qautodiff4expr5tests9test_cdivs_6case_4
FNDA:1,_RNvNtNtNtCsj9seIXo0fHr_9qautodiff4expr5tests9test_cdivs_6case_5
FNDA:1,_RNvNtNtNtCsj9seIXo0fHr_9qautodiff4expr5tests9test_cdivs_6case_6
FNDA:1,_RNvNtNtNtCsj9seIXo0fHr_9qautodiff4expr5tests8test_divs_6case_1
FNDA:1,_RNvNtNtNtCsj9seIXo0fHr_9qautodiff4expr5tests8test_divs_6case_2
FNDA:1,_RNvNtNtNtCsj9seIXo0fHr_9qautodiff4expr5tests8test_divs_6case_3
FNDA:1,_RNvNtNtNtCsj9seIXo0fHr_9qautodiff4expr5tests8test_divs_6case_4
FNDA:1,_RNvNtNtNtCsj9seIXo0fHr_9qautodiff4expr5tests8test_divs_6case_5
FNDA:1,_RNvNtNtNtCsj9seIXo0fHr_9qautodiff4expr5tests8test_divs_6case_6
FNDA:1,_RNvNtNtNtCsj9seIXo0fHr_9qautodiff4expr5tests9test_csubs_7case_01
FNDA:1,_RNvNtNtNtCsj9seIXo0fHr_9qautodiff4expr5tests9test_csubs_7case_02
FNDA:1,_RNvNtNtNtCsj9seIXo0fHr_9qautodiff4expr5tests9test_csubs_7case_03
FNDA:1,_RNvNtNtNtCsj9seIXo0fHr_9qautodiff4expr5tests9test_csubs_7case_04
FNDA:1,_RNvNtNtNtCsj9seIXo0fHr_9qautodiff4expr5tests9test_csubs_7case_05
FNDA:1,_RNvNtNtNtCsj9seIXo0fHr_9qautodiff4expr5tests9test_csubs_7case_06
FNDA:1,_RNvNtNtNtCsj9seIXo0fHr_9qautodiff4expr5tests9test_csubs_7case_07
FNDA:1,_RNvNtNtNtCsj9seIXo0fHr_9qautodiff4expr5tests9test_csubs_7case_08
FNDA:1,_RNvNtNtNtCsj9seIXo0fHr_9qautodiff4expr5tests9test_csubs_7case_09
FNDA:1,_RNvNtNtNtCsj9seIXo0fHr_9qautodiff4expr5tests9test_csubs_7case_10
FNDA:1,_RNvNtNtNtCsj9seIXo0fHr_9qautodiff4expr5tests8test_subs_7case_01
FNDA:1,_RNvNtNtNtCsj9seIXo0fHr_9qautodiff4expr5tests8test_subs_7case_02
FNDA:1,_RNvNtNtNtCsj9seIXo0fHr_9qautodiff4expr5tests8test_subs_7case_03
FNDA:1,_RNvNtNtNtCsj9seIXo0fHr_9qautodiff4expr5tests8test_subs_7case_04
FNDA:1,_RNvNtNtNtCsj9seIXo0fHr_9qautodiff4expr5tests8test_subs_7case_05
FNDA:1,_RNvNtNtNtCsj9seIXo0fHr_9qautodiff4expr5tests8test_subs_7case_06
FNDA:1,_RNvNtNtNtCsj9seIXo0fHr_9qautodiff4expr5tests8test_subs_7case_07
FNDA:1,_RNvNtNtNtCsj9seIXo0fHr_9qautodiff4expr5tests8test_subs_7case_08
FNDA:1,_RNvNtNtNtCsj9seIXo0fHr_9qautodiff4expr5tests8test_subs_7case_09
FNDA:1,_RNvNtNtNtCsj9seIXo0fHr_9qautodiff4expr5tests8test_subs_7case_10
FNDA:1,_RNvNtNtNtCsj9seIXo0fHr_9qautodiff4expr5tests9test_addrs_7case_01
FNDA:1,_RNvNtNtNtCsj9seIXo0fHr_9qautodiff4expr5tests9test_addrs_7case_02
FNDA:1,_RNvNtNtNtCsj9seIXo0fHr_9qautodiff4expr5tests9test_addrs_7case_03
FNDA:1,_RNvNtNtNtCsj9seIXo0fHr_9qautodiff4expr5tests9test_addrs_7case_04
FNDA:1,_RNvNtNtNtCsj9seIXo0fHr_9qautodiff4expr5tests9test_addrs_7case_05
FNDA:1,_RNvNtNtNtCsj9seIXo0fHr_9qautodiff4expr5tests9test_addrs_7case_06
FNDA:1,_RNvNtNtNtCsj9seIXo0fHr_9qautodiff4expr5tests9test_addrs_7case_07
FNDA:1,_RNvNtNtNtCsj9seIXo0fHr_9qautodiff4expr5tests9test_addrs_7case_08
FNDA:1,_RNvNtNtNtCsj9seIXo0fHr_9qautodiff4expr5tests9test_addrs_7case_09
FNDA:1,_RNvNtNtNtCsj9seIXo0fHr_9qautodiff4expr5tests9test_addrs_7case_10
FNDA:1,_RNvNtNtNtCsj9seIXo0fHr_9qautodiff4expr5tests9test_cmuls_7case_01
FNDA:1,_RNvNtNtNtCsj9seIXo0fHr_9qautodiff4expr5tests9test_cmuls_7case_02
FNDA:1,_RNvNtNtNtCsj9seIXo0fHr_9qautodiff4expr5tests9test_cmuls_7case_03
FNDA:1,_RNvNtNtNtCsj9seIXo0fHr_9qautodiff4expr5tests9test_cmuls_7case_04
FNDA:1,_RNvNtNtNtCsj9seIXo0fHr_9qautodiff4expr5tests9test_cmuls_7case_05
FNDA:1,_RNvNtNtNtCsj9seIXo0fHr_9qautodiff4expr5tests9test_cmuls_7case_06
FNDA:1,_RNvNtNtNtCsj9seIXo0fHr_9qautodiff4expr5tests9test_cmuls_7case_07
FNDA:1,_RNvNtNtNtCsj9seIXo0fHr_9qautodiff4expr5tests9test_cmuls_7case_08
FNDA:1,_RNvNtNtNtCsj9seIXo0fHr_9qautodiff4expr5tests9test_cmuls_7case_09
FNDA:1,_RNvNtNtNtCsj9seIXo0fHr_9qautodiff4expr5tests9test_cmuls_7case_10
FNDA:1,_RNvNtNtNtCsj9seIXo0fHr_9qautodiff4expr5tests8test_cmps_7case_01
FNDA:1,_RNvNtNtNtCsj9seIXo0fHr_9qautodiff4expr5tests8test_cmps_7case_02
FNDA:1,_RNvNtNtNtCsj9seIXo0fHr_9qautodiff4expr5tests8test_cmps_7case_03
FNDA:1,_RNvNtNtNtCsj9seIXo0fHr_9qautodiff4expr5tests8test_cmps_7case_04
FNDA:1,_RNvNtNtNtCsj9seIXo0fHr_9qautodiff4expr5tests8test_cmps_7case_05
FNDA:1,_RNvNtNtNtCsj9seIXo0fHr_9qautodiff4expr5tests8test_cmps_7case_06
FNDA:1,_RNvNtNtNtCsj9seIXo0fHr_9qautodiff4expr5tests8test_cmps_7case_07
FNDA:1,_RNvNtNtNtCsj9seIXo0fHr_9qautodiff4expr5tests8test_cmps_7case_08
FNDA:1,_RNvNtNtNtCsj9seIXo0fHr_9qautodiff4expr5tests8test_cmps_7case_09
FNDA:1,_RNvNtNtNtCsj9seIXo0fHr_9qautodiff4expr5tests8test_cmps_7case_10
FNDA:1,_RNvNtNtNtCsj9seIXo0fHr_9qautodiff4expr5tests8test_cmps_7case_11
FNDA:1,_RNvNtNtNtCsj9seIXo0fHr_9qautodiff4expr5tests8test_cmps_7case_12
FNDA:1,_RNvNtNtNtCsj9seIXo0fHr_9qautodiff4expr5tests8test_cmps_7case_13
FNDA:1,_RNvNtNtNtCsj9seIXo0fHr_9qautodiff4expr5tests8test_cmps_7case_14
FNDA:1,_RNvNtNtNtCsj9seIXo0fHr_9qautodiff4expr5tests8test_cmps_7case_15
FNDA:1,_RNvNtNtNtCsj9seIXo0fHr_9qautodiff4expr5tests8test_cmps_7case_16
FNDA:1,_RNvNtNtNtCsj9seIXo0fHr_9qautodiff4expr5tests8test_cmps_7case_17
FNDA:1,_RNvNtNtNtCsj9seIXo0fHr_9qautodiff4expr5tests8test_cmps_7case_18
FNDA:1,_RNvNtNtNtCsj9seIXo0fHr_9qautodiff4expr5tests8test_cmps_7case_19
FNDA:1,_RNvNtNtNtCsj9seIXo0fHr_9qautodiff4expr5tests8test_cmps_7case_20
FNDA:1,_RNvNtNtNtCsj9seIXo0fHr_9qautodiff4expr5tests8test_cmps_7case_21
FNDA:1,_RNvNtNtNtCsj9seIXo0fHr_9qautodiff4expr5tests8test_cmps_7case_22
FNDA:1,_RNvNtNtNtCsj9seIXo0fHr_9qautodiff4expr5tests8test_cmps_7case_23
FNDA:1,_RNvNtNtNtCsj9seIXo0fHr_9qautodiff4expr5tests8test_cmps_7case_24
FNDA:1,_RNvNtNtNtCsj9seIXo0fHr_9qautodiff4expr5tests8test_cmps_7case_25
FNDA:1,_RNvNtNtNtCsj9seIXo0fHr_9qautodiff4expr5tests8test_cmps_7case_26
FNDA:1,_RNvNtNtNtCsj9seIXo0fHr_9qautodiff4expr5tests8test_cmps_7case_27
FNDA:1,_RNvNtNtNtCsj9seIXo0fHr_9qautodiff4expr5tests8test_cmps_7case_28
FNDA:0,_RNvXININtCsj9seIXo0fHr_9qautodiff4exprsa_0ppEINtB5_4ExprppENtNtCs5cYH0lLSdLc_4core3cmp3Ord3cmpB7_
FNDA:0,_RNCNvXININtCsj9seIXo0fHr_9qautodiff4exprsa_0ppEINtB7_4ExprppENtNtCs5cYH0lLSdLc_4core3cmp3Ord3cmp0B9_
FNDA:0,_RNCNCNvXININtCsj9seIXo0fHr_9qautodiff4exprsa_0ppEINtB9_4ExprppENtNtCs5cYH0lLSdLc_4core3cmp3Ord3cmp00Bb_
FNDA:0,_RNvXININtCsj9seIXo0fHr_9qautodiff4exprsf_0ppEINtB5_4ExprppENtNtNtCsgwwChj5L8ot_5qmath3num7algebra10FloatBased25nearest_base_float_of_f64B7_
FNDA:0,_RNvXININtCsj9seIXo0fHr_9qautodiff4exprsy_0ppERINtB5_4ExprppEINtNtNtCs5cYH0lLSdLc_4core3ops5arith3AddRpE3addB7_
FNDA:0,_RNvXININtCsj9seIXo0fHr_9qautodiff4exprsA_0ppERINtB5_4ExprppEINtNtNtCs5cYH0lLSdLc_4core3ops5arith3AddpE3addB7_
FNDA:0,_RNvXININtCsj9seIXo0fHr_9qautodiff4exprsB_0ppEINtB5_4ExprppENtNtNtCs5cYH0lLSdLc_4core3ops5arith9AddAssign10add_assignB7_
FNDA:0,_RNvXININtCsj9seIXo0fHr_9qautodiff4exprsC_0ppEINtB5_4ExprppEINtNtNtCs5cYH0lLSdLc_4core3ops5arith9AddAssignpE10add_assignB7_
FNDA:0,_RNvXININtCsj9seIXo0fHr_9qautodiff4exprsD_0ppEINtB5_4ExprppEINtNtNtCs5cYH0lLSdLc_4core3ops5arith9AddAssignRBH_E10add_assignB7_
FNDA:0,_RNvXININtCsj9seIXo0fHr_9qautodiff4exprsE_0ppEINtB5_4ExprppEINtNtNtCs5cYH0lLSdLc_4core3ops5arith9AddAssignRpE10add_assignB7_
FNDA:0,_RNvXININtCsj9seIXo0fHr_9qautodiff4exprsG_0ppEINtB5_4ExprppEINtNtNtCs5cYH0lLSdLc_4core3ops5arith3SubpE3subB7_
FNDA:0,_RNvXININtCsj9seIXo0fHr_9qautodiff4exprsI_0ppEINtB5_4ExprppEINtNtNtCs5cYH0lLSdLc_4core3ops5arith3SubRpE3subB7_
FNDA:0,_RNvXININtCsj9seIXo0fHr_9qautodiff4exprsK_0ppERINtB5_4ExprppEINtNtNtCs5cYH0lLSdLc_4core3ops5arith3SubRpE3subB7_
FNDA:0,_RNvXININtCsj9seIXo0fHr_9qautodiff4exprsM_0ppERINtB5_4ExprppEINtNtNtCs5cYH0lLSdLc_4core3ops5arith3SubpE3subB7_
FNDA:0,_RNvXININtCsj9seIXo0fHr_9qautodiff4exprsN_0ppEINtB5_4ExprppENtNtNtCs5cYH0lLSdLc_4core3ops5arith9SubAssign10sub_assignB7_
FNDA:0,_RNvXININtCsj9seIXo0fHr_9qautodiff4exprsO_0ppEINtB5_4ExprppEINtNtNtCs5cYH0lLSdLc_4core3ops5arith9SubAssignpE10sub_assignB7_
FNDA:0,_RNvXININtCsj9seIXo0fHr_9qautodiff4exprsP_0ppEINtB5_4ExprppEINtNtNtCs5cYH0lLSdLc_4core3ops5arith9SubAssignRBH_E10sub_assignB7_
FNDA:0,_RNvXININtCsj9seIXo0fHr_9qautodiff4exprsQ_0ppEINtB5_4ExprppEINtNtNtCs5cYH0lLSdLc_4core3ops5arith9SubAssignRpE10sub_assignB7_
FNDA:0,_RNvXININtCsj9seIXo0fHr_9qautodiff4exprsS_0ppEINtB5_4ExprppEINtNtNtCs5cYH0lLSdLc_4core3ops5arith3MulpE3mulB7_
FNDA:0,_RNvXININtCsj9seIXo0fHr_9qautodiff4exprsU_0ppEINtB5_4ExprppEINtNtNtCs5cYH0lLSdLc_4core3ops5arith3MulRpE3mulB7_
FNDA:0,_RNvXININtCsj9seIXo0fHr_9qautodiff4exprsW_0ppERINtB5_4ExprppEINtNtNtCs5cYH0lLSdLc_4core3ops5arith3MulRpE3mulB7_
FNDA:0,_RNvXININtCsj9seIXo0fHr_9qautodiff4exprsY_0ppERINtB5_4ExprppEINtNtNtCs5cYH0lLSdLc_4core3ops5arith3MulpE3mulB7_
FNDA:0,_RNvXININtCsj9seIXo0fHr_9qautodiff4exprsZ_0ppEINtB5_4ExprppENtNtNtCs5cYH0lLSdLc_4core3ops5arith9MulAssign10mul_assignB7_
FNDA:0,_RNvXININtCsj9seIXo0fHr_9qautodiff4exprs10_0ppEINtB5_4ExprppEINtNtNtCs5cYH0lLSdLc_4core3ops5arith9MulAssignpE10mul_assignB7_
FNDA:0,_RNvXININtCsj9seIXo0fHr_9qautodiff4exprs11_0ppEINtB5_4ExprppEINtNtNtCs5cYH0lLSdLc_4core3ops5arith9MulAssignRBI_E10mul_assignB7_
FNDA:0,_RNvXININtCsj9seIXo0fHr_9qautodiff4exprs12_0ppEINtB5_4ExprppEINtNtNtCs5cYH0lLSdLc_4core3ops5arith9MulAssignRpE10mul_assignB7_
FNDA:0,_RNvXININtCsj9seIXo0fHr_9qautodiff4exprs14_0ppEINtB5_4ExprppEINtNtNtCs5cYH0lLSdLc_4core3ops5arith3DivpE3divB7_
FNDA:0,_RNvXININtCsj9seIXo0fHr_9qautodiff4exprs16_0ppEINtB5_4ExprppEINtNtNtCs5cYH0lLSdLc_4core3ops5arith3DivRpE3divB7_
FNDA:0,_RNvXININtCsj9seIXo0fHr_9qautodiff4exprs18_0ppERINtB5_4ExprppEINtNtNtCs5cYH0lLSdLc_4core3ops5arith3DivRpE3divB7_
FNDA:0,_RNvXININtCsj9seIXo0fHr_9qautodiff4exprs1a_0ppERINtB5_4ExprppEINtNtNtCs5cYH0lLSdLc_4core3ops5arith3DivpE3divB7_
FNDA:0,_RNvXININtCsj9seIXo0fHr_9qautodiff4exprs1b_0ppEINtB5_4ExprppENtNtNtCs5cYH0lLSdLc_4core3ops5arith9DivAssign10div_assignB7_
FNDA:0,_RNvXININtCsj9seIXo0fHr_9qautodiff4exprs1c_0ppEINtB5_4ExprppEINtNtNtCs5cYH0lLSdLc_4core3ops5arith9DivAssignpE10div_assignB7_
FNDA:0,_RNvXININtCsj9seIXo0fHr_9qautodiff4exprs1d_0ppEINtB5_4ExprppEINtNtNtCs5cYH0lLSdLc_4core3ops5arith9DivAssignRBI_E10div_assignB7_
FNDA:0,_RNvXININtCsj9seIXo0fHr_9qautodiff4exprs1e_0ppEINtB5_4ExprppEINtNtNtCs5cYH0lLSdLc_4core3ops5arith9DivAssignRpE10div_assignB7_
FNDA:1,_RNvNtNtNtCsj9seIXo0fHr_9qautodiff4expr5tests9test_addls_7case_01
FNDA:1,_RNvNtNtNtCsj9seIXo0fHr_9qautodiff4expr5tests9test_addls_7case_02
FNDA:1,_RNvNtNtNtCsj9seIXo0fHr_9qautodiff4expr5tests9test_addls_7case_03
FNDA:1,_RNvNtNtNtCsj9seIXo0fHr_9qautodiff4expr5tests9test_addls_7case_04
FNDA:1,_RNvNtNtNtCsj9seIXo0fHr_9qautodiff4expr5tests9test_addls_7case_05
FNDA:1,_RNvNtNtNtCsj9seIXo0fHr_9qautodiff4expr5tests9test_addls_7case_06
FNDA:1,_RNvNtNtNtCsj9seIXo0fHr_9qautodiff4expr5tests9test_addls_7case_07
FNDA:1,_RNvNtNtNtCsj9seIXo0fHr_9qautodiff4expr5tests9test_addls_7case_08
FNDA:1,_RNvNtNtNtCsj9seIXo0fHr_9qautodiff4expr5tests9test_addls_7case_09
FNDA:1,_RNvNtNtNtCsj9seIXo0fHr_9qautodiff4expr5tests9test_addls_7case_10
FNDA:1,_RNvNtNtNtCsj9seIXo0fHr_9qautodiff4expr5tests7test_eqs_7case_01
FNDA:1,_RNvNtNtNtCsj9seIXo0fHr_9qautodiff4expr5tests7test_eqs_7case_02
FNDA:1,_RNvNtNtNtCsj9seIXo0fHr_9qautodiff4expr5tests7test_eqs_7case_03
FNDA:1,_RNvNtNtNtCsj9seIXo0fHr_9qautodiff4expr5tests7test_eqs_7case_04
FNDA:1,_RNvNtNtNtCsj9seIXo0fHr_9qautodiff4expr5tests7test_eqs_7case_05
FNDA:1,_RNvNtNtNtCsj9seIXo0fHr_9qautodiff4expr5tests7test_eqs_7case_06
FNDA:1,_RNvNtNtNtCsj9seIXo0fHr_9qautodiff4expr5tests7test_eqs_7case_07
FNDA:1,_RNvNtNtNtCsj9seIXo0fHr_9qautodiff4expr5tests7test_eqs_7case_08
FNDA:1,_RNvNtNtNtCsj9seIXo0fHr_9qautodiff4expr5tests7test_eqs_7case_09
FNDA:1,_RNvNtNtNtCsj9seIXo0fHr_9qautodiff4expr5tests7test_eqs_7case_10
FNDA:1,_RNvNtNtNtCsj9seIXo0fHr_9qautodiff4expr5tests7test_eqs_7case_11
FNDA:1,_RNvNtNtNtCsj9seIXo0fHr_9qautodiff4expr5tests7test_eqs_7case_12
FNDA:1,_RNvNtNtNtCsj9seIXo0fHr_9qautodiff4expr5tests7test_eqs_7case_13
FNDA:1,_RNvNtNtNtCsj9seIXo0fHr_9qautodiff4expr5tests7test_eqs_7case_14
FNDA:1,_RNvNtNtNtCsj9seIXo0fHr_9qautodiff4expr5tests7test_eqs_7case_15
FNDA:1,_RNvNtNtNtCsj9seIXo0fHr_9qautodiff4expr5tests7test_eqs_7case_16
FNDA:1,_RNvNtNtNtCsj9seIXo0fHr_9qautodiff4expr5tests7test_eqs_7case_17
FNDA:1,_RNvNtNtNtCsj9seIXo0fHr_9qautodiff4expr5tests7test_eqs_7case_18
FNDA:1,_RNvNtNtNtCsj9seIXo0fHr_9qautodiff4expr5tests7test_eqs_7case_19
FNDA:1,_RNvNtNtNtCsj9seIXo0fHr_9qautodiff4expr5tests7test_eqs_7case_20
FNDA:1,_RNvNtNtNtCsj9seIXo0fHr_9qautodiff4expr5tests7test_eqs_7case_21
FNDA:1,_RNvNtNtNtCsj9seIXo0fHr_9qautodiff4expr5tests7test_eqs_7case_22
FNDA:1,_RNvNtNtNtCsj9seIXo0fHr_9qautodiff4expr5tests7test_eqs_7case_23
FNDA:1,_RNvNtNtNtCsj9seIXo0fHr_9qautodiff4expr5tests7test_eqs_7case_24
FNDA:1,_RNvNtNtNtCsj9seIXo0fHr_9qautodiff4expr5tests7test_eqs_7case_25
FNDA:1,_RNvNtNtNtCsj9seIXo0fHr_9qautodiff4expr5tests7test_eqs_7case_26
FNDA:1,_RNvNtNtNtCsj9seIXo0fHr_9qautodiff4expr5tests7test_eqs_7case_27
FNDA:1,_RNvNtNtNtCsj9seIXo0fHr_9qautodiff4expr5tests7test_eqs_7case_28
FNDA:1,_RNvNtNtNtCsj9seIXo0fHr_9qautodiff4expr5tests9test_subrs_7case_01
FNDA:1,_RNvNtNtNtCsj9seIXo0fHr_9qautodiff4expr5tests9test_subrs_7case_02
FNDA:1,_RNvNtNtNtCsj9seIXo0fHr_9qautodiff4expr5tests9test_subrs_7case_03
FNDA:1,_RNvNtNtNtCsj9seIXo0fHr_9qautodiff4expr5tests9test_subrs_7case_04
FNDA:1,_RNvNtNtNtCsj9seIXo0fHr_9qautodiff4expr5tests9test_subrs_7case_05
FNDA:1,_RNvNtNtNtCsj9seIXo0fHr_9qautodiff4expr5tests9test_subrs_7case_06
FNDA:1,_RNvNtNtNtCsj9seIXo0fHr_9qautodiff4expr5tests9test_subrs_7case_07
FNDA:1,_RNvNtNtNtCsj9seIXo0fHr_9qautodiff4expr5tests9test_subrs_7case_08
FNDA:1,_RNvNtNtNtCsj9seIXo0fHr_9qautodiff4expr5tests9test_subrs_7case_09
FNDA:1,_RNvNtNtNtCsj9seIXo0fHr_9qautodiff4expr5tests9test_subrs_7case_10
FNDA:1,_RNvNtNtNtCsj9seIXo0fHr_9qautodiff4expr5tests9test_cnegs_6case_1
FNDA:1,_RNvNtNtNtCsj9seIXo0fHr_9qautodiff4expr5tests9test_cnegs_6case_2
FNDA:1,_RNvNtNtNtCsj9seIXo0fHr_9qautodiff4expr5tests9test_cnegs_6case_3
FNDA:1,_RNvNtNtNtCsj9seIXo0fHr_9qautodiff4expr5tests9test_cnegs_6case_4
FNDA:1,_RNvNtNtNtCsj9seIXo0fHr_9qautodiff4expr5tests9test_cexps_6case_1
FNDA:1,_RNvNtNtNtCsj9seIXo0fHr_9qautodiff4expr5tests9test_cexps_6case_2
FNDA:1,_RNvNtNtNtCsj9seIXo0fHr_9qautodiff4expr5tests9test_cexps_6case_3
FNDA:1,_RNvNtNtNtCsj9seIXo0fHr_9qautodiff4expr5tests9test_cexps_6case_4
FNF:83
FNH:73
DA:27,325
DA:28,325
DA:29,72
DA:30,253
DA:32,325
DA:37,230
DA:38,230
DA:39,0
DA:40,230
DA:42,230
DA:56,1
DA:57,1
DA:58,1
DA:63,333
DA:64,333
DA:65,333
DA:71,1
DA:72,1
DA:73,1
DA:79,1
DA:80,1
DA:81,1
DA:82,1
DA:83,1
DA:84,1
DA:85,1
DA:86,1
DA:92,14
DA:93,14
DA:94,14
DA:95,0
DA:97,14
DA:111,325
DA:112,325
DA:113,325
DA:124,4
DA:125,4
DA:126,4
DA:137,56
DA:138,56
DA:139,56
DA:140,56
DA:150,56
DA:151,56
DA:152,56
DA:153,56
DA:160,0
DA:161,0
DA:162,0
DA:163,0
DA:171,644
DA:172,644
DA:173,644
DA:178,249
DA:179,249
DA:180,249
DA:185,4
DA:186,4
DA:187,4
DA:196,334
DA:197,334
DA:198,334
DA:199,334
DA:200,334
DA:201,85
DA:202,249
DA:204,334
DA:208,345
DA:209,345
DA:210,345
DA:211,345
DA:212,345
DA:213,85
DA:214,260
DA:216,345
DA:221,1
DA:222,1
DA:223,1
DA:224,1
DA:225,1
DA:226,0
DA:227,1
DA:229,1
DA:233,1
DA:234,1
DA:235,1
DA:236,1
DA:237,1
DA:238,0
DA:239,1
DA:241,1
DA:245,1
DA:246,1
DA:247,1
DA:248,1
DA:249,1
DA:250,1
DA:251,0
DA:252,1
DA:254,1
DA:266,0
DA:267,0
DA:268,0
DA:276,1
DA:277,1
DA:278,1
DA:281,2
DA:282,2
DA:283,2
DA:291,1
DA:292,1
DA:293,1
DA:303,9
DA:304,9
DA:305,4
DA:306,5
DA:308,9
DA:318,5
DA:319,5
DA:320,5
DA:332,86
DA:333,86
DA:334,86
DA:343,1
DA:344,1
DA:345,1
DA:354,334
DA:355,334
DA:356,72
DA:357,76
DA:358,76
DA:360,77
DA:361,77
DA:363,109
DA:365,334
DA:374,1
DA:375,1
DA:376,0
DA:377,1
DA:379,1
DA:388,134
DA:389,134
DA:390,134
DA:399,0
DA:400,0
DA:401,0
DA:410,40
DA:411,40
DA:412,40
DA:421,0
DA:422,0
DA:423,0
DA:430,0
DA:431,0
DA:432,0
DA:439,0
DA:440,0
DA:441,0
DA:448,0
DA:449,0
DA:450,0
DA:457,0
DA:458,0
DA:459,0
DA:478,27
DA:479,27
DA:480,7
DA:481,20
DA:483,27
DA:500,14
DA:501,14
DA:502,0
DA:503,14
DA:505,14
DA:521,1
DA:522,1
DA:523,1
DA:524,1
DA:526,4
DA:538,4
DA:556,10
DA:586,10
DA:616,10
DA:646,10
DA:676,10
DA:706,10
DA:736,6
DA:762,6
DA:788,4
DA:806,3
DA:823,3
DA:843,3
DA:860,12
DA:886,10
DA:919,10
DA:952,10
DA:985,6
DA:1014,4
DA:1029,4
DA:1044,3
DA:1058,10
DA:1084,10
DA:1110,10
DA:1136,6
DA:1159,1
DA:1160,1
DA:1161,1
DA:1162,1
DA:1163,1
DA:1164,1
DA:1165,1
DA:1166,1
DA:1167,1
DA:1168,1
DA:1169,1
DA:1170,1
DA:1171,1
DA:1174,1
DA:1175,1
DA:1176,1
DA:1177,1
DA:1178,1
DA:1179,1
DA:1180,1
DA:1183,1
DA:1184,1
DA:1185,1
DA:1186,1
DA:1187,1
DA:1188,1
DA:1189,1
DA:1191,28
DA:1234,28
DA:1278,1
DA:1279,1
DA:1280,1
DA:1281,1
DA:1282,1
DA:1283,1
DA:1284,1
DA:1285,1
DA:1286,1
DA:1287,1
DA:1288,1
DA:1289,1
DA:1290,1
DA:1291,1
DA:1292,1
DA:1293,1
DA:1294,1
DA:1295,1
DA:1296,1
DA:1297,1
DA:1300,1
DA:1301,1
DA:1302,1
DA:1303,1
DA:1304,1
DA:1305,1
DA:1306,1
DA:1307,1
DA:1308,1
DA:1309,1
DA:1310,1
DA:1311,1
DA:1312,1
DA:1313,1
DA:1314,1
DA:1315,1
DA:1316,1
DA:1319,1
DA:1320,1
DA:1321,1
DA:1322,1
DA:1323,1
DA:1324,1
DA:1325,1
DA:1326,1
DA:1327,1
DA:1328,1
DA:1329,1
DA:1330,1
DA:1331,1
DA:1332,17
DA:1333,1
DA:1334,1
DA:1335,1
DA:1336,1
DA:1337,1
DA:1338,1
DA:1339,1
DA:1340,1
DA:1341,1
DA:1342,1
DA:1343,1
DA:1344,1
DA:1345,1
DA:1346,1
DA:1347,1
DA:1348,1
DA:1349,1
DA:1350,1
DA:1351,1
DA:1352,1
DA:1353,1
DA:1354,1
DA:1355,1
DA:1356,1
DA:1357,1
DA:1358,1
DA:1359,1
DA:1360,1
DA:1361,1
DA:1362,1
DA:1363,1
DA:1364,1
DA:1365,1
DA:1366,1
DA:1367,1
DA:1368,1
DA:1369,1
DA:1370,1
DA:1371,1
DA:1372,1
DA:1373,1
DA:1374,1
DA:1375,1
DA:1376,1
DA:1377,1
DA:1378,1
DA:1379,1
DA:1380,1
BRF:0
BRH:0
LF:340
LH:306
end_of_record
SF:/home/runner/work/qrs/qrs/libs/core/qautodiff/src/graph/grads.rs
FN:293,_RNvNtNtNtCsj9seIXo0fHr_9qautodiff5graph5grads5testss_14test_grads_wrt
FN:313,_RNvNtNtNtCsj9seIXo0fHr_9qautodiff5graph5grads5testss_28test_grads_wrt_exteranal_var
FN:331,_RNvNtNtNtCsj9seIXo0fHr_9qautodiff5graph5grads5testss_20test_grads_accum_wrt
FN:336,_RNCNvNtNtNtCsj9seIXo0fHr_9qautodiff5graph5grads5testss_20test_grads_accum_wrt0B9_
FN:343,_RNCNvNtNtNtCsj9seIXo0fHr_9qautodiff5graph5grads5testss_20test_grads_accum_wrts_0B9_
FN:352,_RNvNtNtNtCsj9seIXo0fHr_9qautodiff5graph5grads5testss_33test_grads_accum_wrt_external_var
FN:358,_RNCNvNtNtNtCsj9seIXo0fHr_9qautodiff5graph5grads5testss_33test_grads_accum_wrt_external_var0B9_
FN:365,_RNCNvNtNtNtCsj9seIXo0fHr_9qautodiff5graph5grads5testss_33test_grads_accum_wrt_external_vars_0B9_
FN:373,_RNvNtNtNtCsj9seIXo0fHr_9qautodiff5graph5grads5testss_24test_grads_accum_collect
FN:378,_RNCNvNtNtNtCsj9seIXo0fHr_9qautodiff5graph5grads5testss_24test_grads_accum_collect0B9_
FN:385,_RNCNvNtNtNtCsj9seIXo0fHr_9qautodiff5graph5grads5testss_24test_grads_accum_collects_0B9_
FN:26,_RNvXNtNtCsj9seIXo0fHr_9qautodiff5graph5gradsINtB2_12__GradCollectdEINtNtB4_4tape9__BackPropRedE7__on_varB6_
FN:72,_RNvXs_NtNtCsj9seIXo0fHr_9qautodiff5graph5gradsINtB4_9__GradPooldENtNtCs5cYH0lLSdLc_4core7default7Default7defaultB8_
FN:82,_RINvMs0_NtNtCsj9seIXo0fHr_9qautodiff5graph5gradsINtB6_9__GradPooldE10__calc_gradReEBa_
FN:92,_RNCINvMs0_NtNtCsj9seIXo0fHr_9qautodiff5graph5gradsINtB8_9__GradPooldE10__calc_gradReE0Bc_
FN:123,_RNvXs1_NtNtCsj9seIXo0fHr_9qautodiff5graph5gradsINtB5_5GradsRedENtNtNtCs5cYH0lLSdLc_4core3ops4drop4Drop4dropB9_
FN:149,_RNvMs3_NtNtCsj9seIXo0fHr_9qautodiff5graph5gradsINtB5_5GradsRedE3wrtB9_
FN:164,_RINvMs3_NtNtCsj9seIXo0fHr_9qautodiff5graph5gradsINtB6_5GradsRedE14collect_mappedNCINvB2_7collectINtNtNtNtCs2FIVCi1Wrow_3std11collections4hash3map7HashMapBW_dEE0TBW_dEB1w_EBa_
FN:164,_RINvMs3_NtNtCsj9seIXo0fHr_9qautodiff5graph5gradsINtB6_5GradsRedE14collect_mappedNCNvMs1_NtB8_4tapeINtB1o_4NodeBW_dE9__compresss_0dINtNtCsaz9ix1H7t6h_5alloc3vec3VecdEEBa_
FN:174,_RNCINvMs3_NtNtCsj9seIXo0fHr_9qautodiff5graph5gradsINtB8_5GradsRedE14collect_mappedNCINvB4_7collectINtNtNtNtCs2FIVCi1Wrow_3std11collections4hash3map7HashMapBY_dEE0TBY_dEB1y_E0Bc_
FN:174,_RNCINvMs3_NtNtCsj9seIXo0fHr_9qautodiff5graph5gradsINtB8_5GradsRedE14collect_mappedNCNvMs1_NtBa_4tapeINtB1q_4NodeBY_dE9__compresss_0dINtNtCsaz9ix1H7t6h_5alloc3vec3VecdEE0Bc_
FN:182,_RINvMs3_NtNtCsj9seIXo0fHr_9qautodiff5graph5gradsINtB6_5GradsRedE7collectINtNtNtNtCs2FIVCi1Wrow_3std11collections4hash3map7HashMapBW_dEEBa_
FN:188,_RNCINvMs3_NtNtCsj9seIXo0fHr_9qautodiff5graph5gradsINtB8_5GradsRedE7collectINtNtNtNtCs2FIVCi1Wrow_3std11collections4hash3map7HashMapBY_dEE0Bc_
FN:211,_RNvMs4_NtNtCsj9seIXo0fHr_9qautodiff5graph5gradsINtB5_10GradsAccumRedE3newB9_
FN:227,_RNvMs5_NtNtCsj9seIXo0fHr_9qautodiff5graph5gradsINtB5_10GradsAccumRedE3wrtB9_
FN:239,_RINvMs5_NtNtCsj9seIXo0fHr_9qautodiff5graph5gradsINtB6_10GradsAccumRedE7collectINtNtNtNtCs2FIVCi1Wrow_3std11collections4hash3map7HashMapB12_dEEBa_
FN:249,_RNCINvMs5_NtNtCsj9seIXo0fHr_9qautodiff5graph5gradsINtB8_10GradsAccumRedE7collectINtNtNtNtCs2FIVCi1Wrow_3std11collections4hash3map7HashMapB14_dEE0Bc_
FN:266,_RINvMs5_NtNtCsj9seIXo0fHr_9qautodiff5graph5gradsINtB6_10GradsAccumRedE5accumNCNvNtB6_5testss_20test_grads_accum_wrts_0EBa_
FN:266,_RINvMs5_NtNtCsj9seIXo0fHr_9qautodiff5graph5gradsINtB6_10GradsAccumRedE5accumNCNvNtB6_5testss_24test_grads_accum_collects_0EBa_
FN:266,_RINvMs5_NtNtCsj9seIXo0fHr_9qautodiff5graph5gradsINtB6_10GradsAccumRedE5accumNCNvNtB6_5testss_33test_grads_accum_wrt_external_vars_0EBa_
FN:134,_RNvXININtNtCsj9seIXo0fHr_9qautodiff5graph5gradss2_0ppEINtB5_5GradsppENtNtCs5cYH0lLSdLc_4core5clone5Clone5cloneB9_
FNDA:1,_RNvNtNtNtCsj9seIXo0fHr_9qautodiff5graph5grads5testss_14test_grads_wrt
FNDA:1,_RNvNtNtNtCsj9seIXo0fHr_9qautodiff5graph5grads5testss_28test_grads_wrt_exteranal_var
FNDA:1,_RNvNtNtNtCsj9seIXo0fHr_9qautodiff5graph5grads5testss_20test_grads_accum_wrt
FNDA:3,_RNCNvNtNtNtCsj9seIXo0fHr_9qautodiff5graph5grads5testss_20test_grads_accum_wrt0B9_
FNDA:6,_RNCNvNtNtNtCsj9seIXo0fHr_9qautodiff5graph5grads5testss_20test_grads_accum_wrts_0B9_
FNDA:1,_RNvNtNtNtCsj9seIXo0fHr_9qautodiff5graph5grads5testss_33test_grads_accum_wrt_external_var
FNDA:3,_RNCNvNtNtNtCsj9seIXo0fHr_9qautodiff5graph5grads5testss_33test_grads_accum_wrt_external_var0B9_
FNDA:6,_RNCNvNtNtNtCsj9seIXo0fHr_9qautodiff5graph5grads5testss_33test_grads_accum_wrt_external_vars_0B9_
FNDA:1,_RNvNtNtNtCsj9seIXo0fHr_9qautodiff5graph5grads5testss_24test_grads_accum_collect
FNDA:3,_RNCNvNtNtNtCsj9seIXo0fHr_9qautodiff5graph5grads5testss_24test_grads_accum_collect0B9_
FNDA:6,_RNCNvNtNtNtCsj9seIXo0fHr_9qautodiff5graph5grads5testss_24test_grads_accum_collects_0B9_
FNDA:339,_RNvXNtNtCsj9seIXo0fHr_9qautodiff5graph5gradsINtB2_12__GradCollectdEINtNtB4_4tape9__BackPropRedE7__on_varB6_
FNDA:234,_RNvXs_NtNtCsj9seIXo0fHr_9qautodiff5graph5gradsINtB4_9__GradPooldENtNtCs5cYH0lLSdLc_4core7default7Default7defaultB8_
FNDA:261,_RINvMs0_NtNtCsj9seIXo0fHr_9qautodiff5graph5gradsINtB6_9__GradPooldE10__calc_gradReEBa_
FNDA:145,_RNCINvMs0_NtNtCsj9seIXo0fHr_9qautodiff5graph5gradsINtB8_9__GradPooldE10__calc_gradReE0Bc_
FNDA:261,_RNvXs1_NtNtCsj9seIXo0fHr_9qautodiff5graph5gradsINtB5_5GradsRedENtNtNtCs5cYH0lLSdLc_4core3ops4drop4Drop4dropB9_
FNDA:4,_RNvMs3_NtNtCsj9seIXo0fHr_9qautodiff5graph5gradsINtB5_5GradsRedE3wrtB9_
FNDA:249,_RINvMs3_NtNtCsj9seIXo0fHr_9qautodiff5graph5gradsINtB6_5GradsRedE14collect_mappedNCINvB2_7collectINtNtNtNtCs2FIVCi1Wrow_3std11collections4hash3map7HashMapBW_dEE0TBW_dEB1w_EBa_
FNDA:1,_RINvMs3_NtNtCsj9seIXo0fHr_9qautodiff5graph5gradsINtB6_5GradsRedE14collect_mappedNCNvMs1_NtB8_4tapeINtB1o_4NodeBW_dE9__compresss_0dINtNtCsaz9ix1H7t6h_5alloc3vec3VecdEEBa_
FNDA:324,_RNCINvMs3_NtNtCsj9seIXo0fHr_9qautodiff5graph5gradsINtB8_5GradsRedE14collect_mappedNCINvB4_7collectINtNtNtNtCs2FIVCi1Wrow_3std11collections4hash3map7HashMapBY_dEE0TBY_dEB1y_E0Bc_
FNDA:2,_RNCINvMs3_NtNtCsj9seIXo0fHr_9qautodiff5graph5gradsINtB8_5GradsRedE14collect_mappedNCNvMs1_NtBa_4tapeINtB1q_4NodeBY_dE9__compresss_0dINtNtCsaz9ix1H7t6h_5alloc3vec3VecdEE0Bc_
FNDA:249,_RINvMs3_NtNtCsj9seIXo0fHr_9qautodiff5graph5gradsINtB6_5GradsRedE7collectINtNtNtNtCs2FIVCi1Wrow_3std11collections4hash3map7HashMapBW_dEEBa_
FNDA:324,_RNCINvMs3_NtNtCsj9seIXo0fHr_9qautodiff5graph5gradsINtB8_5GradsRedE7collectINtNtNtNtCs2FIVCi1Wrow_3std11collections4hash3map7HashMapBY_dEE0Bc_
FNDA:3,_RNvMs4_NtNtCsj9seIXo0fHr_9qautodiff5graph5gradsINtB5_10GradsAccumRedE3newB9_
FNDA:4,_RNvMs5_NtNtCsj9seIXo0fHr_9qautodiff5graph5gradsINtB5_10GradsAccumRedE3wrtB9_
FNDA:1,_RINvMs5_NtNtCsj9seIXo0fHr_9qautodiff5graph5gradsINtB6_10GradsAccumRedE7collectINtNtNtNtCs2FIVCi1Wrow_3std11collections4hash3map7HashMapB12_dEEBa_
FNDA:3,_RNCINvMs5_NtNtCsj9seIXo0fHr_9qautodiff5graph5gradsINtB8_10GradsAccumRedE7collectINtNtNtNtCs2FIVCi1Wrow_3std11collections4hash3map7HashMapB14_dEE0Bc_
FNDA:3,_RINvMs5_NtNtCsj9seIXo0fHr_9qautodiff5graph5gradsINtB6_10GradsAccumRedE5accumNCNvNtB6_5testss_20test_grads_accum_wrts_0EBa_
FNDA:3,_RINvMs5_NtNtCsj9seIXo0fHr_9qautodiff5graph5gradsINtB6_10GradsAccumRedE5accumNCNvNtB6_5testss_24test_grads_accum_collects_0EBa_
FNDA:3,_RINvMs5_NtNtCsj9seIXo0fHr_9qautodiff5graph5gradsINtB6_10GradsAccumRedE5accumNCNvNtB6_5testss_33test_grads_accum_wrt_external_vars_0EBa_
FNDA:0,_RNvXININtNtCsj9seIXo0fHr_9qautodiff5graph5gradss2_0ppEINtB5_5GradsppENtNtCs5cYH0lLSdLc_4core5clone5Clone5cloneB9_
FNF:27
FNH:26
DA:26,339
DA:27,339
DA:28,339
DA:29,339
DA:30,339
DA:31,339
DA:32,339
DA:33,339
DA:34,339
DA:35,297
DA:36,297
DA:37,339
DA:38,339
DA:39,339
DA:72,234
DA:73,234
DA:74,234
DA:75,234
DA:76,234
DA:77,234
DA:82,261
DA:83,261
DA:84,261
DA:85,261
DA:86,261
DA:87,261
DA:88,261
DA:89,261
DA:90,261
DA:91,261
DA:92,261
DA:93,145
DA:94,145
DA:95,145
DA:96,145
DA:97,145
DA:98,261
DA:99,261
DA:100,261
DA:101,261
DA:102,261
DA:103,261
DA:104,261
DA:105,261
DA:106,261
DA:107,261
DA:123,261
DA:124,261
DA:125,261
DA:126,261
DA:127,261
DA:128,261
DA:129,261
DA:134,0
DA:135,0
DA:136,0
DA:137,0
DA:138,0
DA:139,0
DA:140,0
DA:149,4
DA:150,4
DA:151,4
DA:152,4
DA:153,4
DA:154,1
DA:155,3
DA:156,3
DA:157,3
DA:158,3
DA:159,3
DA:160,4
DA:164,250
DA:165,250
DA:166,250
DA:167,250
DA:168,250
DA:169,250
DA:170,250
DA:171,250
DA:172,250
DA:173,250
DA:174,326
DA:175,326
DA:176,326
DA:177,326
DA:178,250
DA:179,250
DA:182,249
DA:183,249
DA:184,249
DA:185,249
DA:186,249
DA:187,249
DA:188,324
DA:189,249
DA:211,3
DA:212,3
DA:213,3
DA:214,3
DA:215,3
DA:216,3
DA:227,4
DA:228,4
DA:229,4
DA:230,4
DA:231,4
DA:232,1
DA:233,3
DA:234,3
DA:235,3
DA:236,4
DA:239,1
DA:240,1
DA:241,1
DA:242,1
DA:243,1
DA:244,1
DA:245,1
DA:246,1
DA:247,1
DA:248,1
DA:249,3
DA:250,3
DA:251,3
DA:252,3
DA:253,3
DA:254,3
DA:255,1
DA:256,1
DA:266,9
DA:267,9
DA:268,9
DA:269,9
DA:270,9
DA:271,9
DA:272,0
DA:273,9
DA:274,9
DA:275,9
DA:276,9
DA:277,9
DA:278,9
DA:279,18
DA:280,18
DA:281,18
DA:282,9
DA:283,9
DA:293,1
DA:294,1
DA:295,1
DA:296,1
DA:297,1
DA:298,1
DA:299,1
DA:300,1
DA:301,1
DA:302,1
DA:303,1
DA:304,1
DA:305,1
DA:306,1
DA:307,1
DA:308,1
DA:309,1
DA:310,1
DA:313,1
DA:314,1
DA:315,1
DA:316,1
DA:317,1
DA:318,1
DA:319,1
DA:320,1
DA:321,1
DA:322,1
DA:323,1
DA:324,1
DA:325,1
DA:326,1
DA:327,1
DA:328,1
DA:331,1
DA:332,1
DA:333,1
DA:334,1
DA:335,1
DA:336,3
DA:337,1
DA:338,1
DA:339,1
DA:340,4
DA:341,3
DA:342,3
DA:343,6
DA:344,3
DA:346,1
DA:347,1
DA:348,1
DA:349,1
DA:352,1
DA:353,1
DA:354,1
DA:355,1
DA:356,1
DA:357,1
DA:358,3
DA:359,1
DA:360,1
DA:361,1
DA:362,4
DA:363,3
DA:364,3
DA:365,6
DA:366,3
DA:369,1
DA:370,1
DA:373,1
DA:374,1
DA:375,1
DA:376,1
DA:377,1
DA:378,3
DA:379,1
DA:380,1
DA:381,1
DA:382,4
DA:383,3
DA:384,3
DA:385,6
DA:386,3
DA:388,1
DA:389,1
DA:390,1
DA:391,1
DA:392,1
DA:393,1
BRF:0
BRH:0
LF:250
LH:242
end_of_record
SF:/home/runner/work/qrs/qrs/libs/core/qautodiff/src/graph/graph_impl.rs
FN:91,_RNvNtNtNtCsj9seIXo0fHr_9qautodiff5graph10graph_impl5testss_15test_create_var
FN:101,_RNvNtNtNtCsj9seIXo0fHr_9qautodiff5graph10graph_impl5testss_34test_create_var_err_already_exists
FN:112,_RNvNtNtNtCsj9seIXo0fHr_9qautodiff5graph10graph_impl5testss_11test_ptr_eq
FN:120,_RNvNtNtNtCsj9seIXo0fHr_9qautodiff5graph10graph_impl5testss_12test_ptr_neq
FN:27,_RNvXNtNtCsj9seIXo0fHr_9qautodiff5graph10graph_implINtB2_5GraphRedENtNtCs5cYH0lLSdLc_4core5clone5Clone5cloneB6_
FN:44,_RNvMs0_NtNtCsj9seIXo0fHr_9qautodiff5graph10graph_implINtB5_5GraphRedE3newB9_
FN:57,_RNvMs1_NtNtCsj9seIXo0fHr_9qautodiff5graph10graph_implINtB5_5GraphRedE10create_varB9_
FN:68,_RNvMs1_NtNtCsj9seIXo0fHr_9qautodiff5graph10graph_implINtB5_5GraphRedE6ptr_eqB9_
FN:73,_RNvMs1_NtNtCsj9seIXo0fHr_9qautodiff5graph10graph_implINtB5_5GraphRedE15gen_grads_accumB9_
FN:81,_RNvMs2_NtNtCsj9seIXo0fHr_9qautodiff5graph10graph_implINtB5_5GraphRedE10__debug_ptrB9_
FN:37,_RNvXININtNtCsj9seIXo0fHr_9qautodiff5graph10graph_impls_0ppEINtB5_5GraphppENtNtCs5cYH0lLSdLc_4core7default7Default7defaultB9_
FNDA:1,_RNvNtNtNtCsj9seIXo0fHr_9qautodiff5graph10graph_impl5testss_15test_create_var
FNDA:1,_RNvNtNtNtCsj9seIXo0fHr_9qautodiff5graph10graph_impl5testss_34test_create_var_err_already_exists
FNDA:1,_RNvNtNtNtCsj9seIXo0fHr_9qautodiff5graph10graph_impl5testss_11test_ptr_eq
FNDA:1,_RNvNtNtNtCsj9seIXo0fHr_9qautodiff5graph10graph_impl5testss_12test_ptr_neq
FNDA:1162,_RNvXNtNtCsj9seIXo0fHr_9qautodiff5graph10graph_implINtB2_5GraphRedENtNtCs5cYH0lLSdLc_4core5clone5Clone5cloneB6_
FNDA:234,_RNvMs0_NtNtCsj9seIXo0fHr_9qautodiff5graph10graph_implINtB5_5GraphRedE3newB9_
FNDA:342,_RNvMs1_NtNtCsj9seIXo0fHr_9qautodiff5graph10graph_implINtB5_5GraphRedE10create_varB9_
FNDA:128,_RNvMs1_NtNtCsj9seIXo0fHr_9qautodiff5graph10graph_implINtB5_5GraphRedE6ptr_eqB9_
FNDA:3,_RNvMs1_NtNtCsj9seIXo0fHr_9qautodiff5graph10graph_implINtB5_5GraphRedE15gen_grads_accumB9_
FNDA:0,_RNvMs2_NtNtCsj9seIXo0fHr_9qautodiff5graph10graph_implINtB5_5GraphRedE10__debug_ptrB9_
FNDA:0,_RNvXININtNtCsj9seIXo0fHr_9qautodiff5graph10graph_impls_0ppEINtB5_5GraphppENtNtCs5cYH0lLSdLc_4core7default7Default7defaultB9_
FNF:11
FNH:9
DA:27,1162
DA:28,1162
DA:29,1162
DA:37,0
DA:38,0
DA:39,0
DA:44,234
DA:45,234
DA:46,234
DA:47,234
DA:48,234
DA:49,234
DA:50,234
DA:57,342
DA:58,342
DA:59,342
DA:60,342
DA:61,342
DA:62,342
DA:68,128
DA:69,128
DA:70,128
DA:73,3
DA:74,3
DA:75,3
DA:81,0
DA:82,0
DA:83,0
DA:91,1
DA:92,1
DA:93,1
DA:94,1
DA:95,1
DA:96,1
DA:97,1
DA:98,1
DA:101,1
DA:102,1
DA:103,1
DA:104,1
DA:105,1
DA:106,1
DA:107,1
DA:108,1
DA:109,1
DA:112,1
DA:113,1
DA:114,1
DA:115,1
DA:116,1
DA:117,1
DA:120,1
DA:121,1
DA:122,1
DA:123,1
DA:124,1
DA:125,1
BRF:0
BRH:0
LF:57
LH:51
end_of_record
SF:/home/runner/work/qrs/qrs/libs/core/qautodiff/src/graph/tape.rs
FN:1800,_RNvNtNtNtCsj9seIXo0fHr_9qautodiff5graph4tape5testss_15test_refcnt_var
FN:1834,_RNvNtNtNtCsj9seIXo0fHr_9qautodiff5graph4tape5testss_15test_refcnt_neg
FN:1857,_RNvNtNtNtCsj9seIXo0fHr_9qautodiff5graph4tape5testss_16test_refcnt_addl
FN:1880,_RNvNtNtNtCsj9seIXo0fHr_9qautodiff5graph4tape5testss_16test_refcnt_addr
FN:1903,_RNvNtNtNtCsj9seIXo0fHr_9qautodiff5graph4tape5testss_16test_refcnt_subl
FN:1926,_RNvNtNtNtCsj9seIXo0fHr_9qautodiff5graph4tape5testss_16test_refcnt_subr
FN:1949,_RNvNtNtNtCsj9seIXo0fHr_9qautodiff5graph4tape5testss_16test_refcnt_mull
FN:1972,_RNvNtNtNtCsj9seIXo0fHr_9qautodiff5graph4tape5testss_16test_refcnt_mulr
FN:1995,_RNvNtNtNtCsj9seIXo0fHr_9qautodiff5graph4tape5testss_16test_refcnt_divl
FN:2018,_RNvNtNtNtCsj9seIXo0fHr_9qautodiff5graph4tape5testss_16test_refcnt_divr
FN:2041,_RNvNtNtNtCsj9seIXo0fHr_9qautodiff5graph4tape5testss_15test_refcnt_exp
FN:2064,_RNvNtNtNtCsj9seIXo0fHr_9qautodiff5graph4tape5testss_15test_refcnt_log
FN:2087,_RNvNtNtNtCsj9seIXo0fHr_9qautodiff5graph4tape5testss_15test_refcnt_erf
FN:2110,_RNvNtNtNtCsj9seIXo0fHr_9qautodiff5graph4tape5testss_16test_refcnt_sqrt
FN:2133,_RNvNtNtNtCsj9seIXo0fHr_9qautodiff5graph4tape5testss_16test_refcnt_powi
FN:2156,_RNvNtNtNtCsj9seIXo0fHr_9qautodiff5graph4tape5testss_15test_refcnt_add
FN:2182,_RNvNtNtNtCsj9seIXo0fHr_9qautodiff5graph4tape5testss_15test_refcnt_sub
FN:2208,_RNvNtNtNtCsj9seIXo0fHr_9qautodiff5graph4tape5testss_15test_refcnt_mul
FN:2234,_RNvNtNtNtCsj9seIXo0fHr_9qautodiff5graph4tape5testss_15test_refcnt_div
FN:2260,_RNvNtNtNtCsj9seIXo0fHr_9qautodiff5graph4tape5testss_26test_refcnt_recursive_decl
FN:2288,_RNvNtNtNtCsj9seIXo0fHr_9qautodiff5graph4tape5testss_22test_reuse_vacant_cell
FN:46,_RNvMNtNtCsj9seIXo0fHr_9qautodiff5graph4tapeINtB2_5__NodedE5valueB6_
FN:83,_RNvXs_NtNtCsj9seIXo0fHr_9qautodiff5graph4tapeINtB4_4NodeRedENtNtCs5cYH0lLSdLc_4core5clone5Clone5cloneB8_
FN:94,_RNvXs0_NtNtCsj9seIXo0fHr_9qautodiff5graph4tapeINtB5_4NodeRedENtNtNtCs5cYH0lLSdLc_4core3ops4drop4Drop4dropB9_
FN:104,_RINvMs1_NtNtCsj9seIXo0fHr_9qautodiff5graph4tapeINtB6_4NodeRedE16__indirectly_readINtNtCs5cYH0lLSdLc_4core6option6OptionNtNtB1m_3cmp8OrderingENCNCNvXs9_NtBa_4exprINtB2p_4ExprBU_dENtB1V_10PartialOrd11partial_cmp00EBa_
FN:104,_RINvMs1_NtNtCsj9seIXo0fHr_9qautodiff5graph4tapeINtB6_4NodeRedE16__indirectly_readINtNtCs5cYH0lLSdLc_4core6option6OptionNtNtB1m_3cmp8OrderingENCNvXs9_NtBa_4exprINtB2n_4ExprBU_dENtB1V_10PartialOrd11partial_cmp0EBa_
[...]
FNDA:1,_RNvXs_NtNtCscDhm8WtgM3g_8qrscript4cmds14gen_doc_schemaINtB4_10SchemaItemINtNtNtNtCsitN9y70jITB_6qmodel5curve9composite7datasrc12CompositeReqINtNtNtB1f_6adjust7variant3AdjdEEENtNtCs5cYH0lLSdLc_4core7default7Default7defaultB8_
FNDA:1,_RNvXs_NtNtCscDhm8WtgM3g_8qrscript4cmds14gen_doc_schemaINtB4_10SchemaItemNtNtCs4W4NnGXuE7K_8qfincore3ccy3CcyENtNtCs5cYH0lLSdLc_4core7default7Default7defaultB8_
FNDA:1,_RNvXs_NtNtCscDhm8WtgM3g_8qrscript4cmds14gen_doc_schemaINtB4_10SchemaItemNtNtNtCs3QLul8WEL97_7qchrono8calendar13calendar_impl8CalendarENtNtCs5cYH0lLSdLc_4core7default7Default7defaultB8_
FNDA:1,_RNvXs_NtNtCscDhm8WtgM3g_8qrscript4cmds14gen_doc_schemaINtB4_10SchemaItemNtNtNtCs4W4NnGXuE7K_8qfincore5fxmkt4spot12FxSpotMktReqENtNtCs5cYH0lLSdLc_4core7default7Default7defaultB8_
FNDA:1,_RNvXs_NtNtCscDhm8WtgM3g_8qrscript4cmds14gen_doc_schemaINtB4_10SchemaItemNtNtNtCs4W4NnGXuE7K_8qfincore8daycount7variant11DayCountSymENtNtCs5cYH0lLSdLc_4core7default7Default7defaultB8_
FNDA:1,_RNvMs0_NtNtCscDhm8WtgM3g_8qrscript4cmds14gen_doc_schemaINtB5_10SchemaItemINtNtNtNtCsitN9y70jITB_6qmodel5curve4atom7variant4AtomdEE6createB9_
FNDA:1,_RNvMs0_NtNtCscDhm8WtgM3g_8qrscript4cmds14gen_doc_schemaINtB5_10SchemaItemINtNtNtNtCsitN9y70jITB_6qmodel5curve9composite7datasrc12CompositeReqINtNtNtB1g_6adjust7variant3AdjdEEE6createB9_
FNDA:1,_RNvMs0_NtNtCscDhm8WtgM3g_8qrscript4cmds14gen_doc_schemaINtB5_10SchemaItemNtNtCs4W4NnGXuE7K_8qfincore3ccy3CcyE6createB9_
FNDA:1,_RNvMs0_NtNtCscDhm8WtgM3g_8qrscript4cmds14gen_doc_schemaINtB5_10SchemaItemNtNtNtCs3QLul8WEL97_7qchrono8calendar13calendar_impl8CalendarE6createB9_
FNDA:1,_RNvMs0_NtNtCscDhm8WtgM3g_8qrscript4cmds14gen_doc_schemaINtB5_10SchemaItemNtNtNtCs4W4NnGXuE7K_8qfincore5fxmkt4spot12FxSpotMktReqE6createB9_
FNDA:1,_RNvMs0_NtNtCscDhm8WtgM3g_8qrscript4cmds14gen_doc_schemaINtB5_10SchemaItemNtNtNtCs4W4NnGXuE7K_8qfincore8daycount7variant11DayCountSymE6createB9_
FNDA:0,_RNvXs1_NtNtCscDhm8WtgM3g_8qrscript4cmds14gen_doc_schemaINtB5_10SchemaItemINtNtNtNtCsitN9y70jITB_6qmodel5curve4atom7variant4AtomdEENtB5_11ISchemaItem4nameB9_
FNDA:0,_RNvXs1_NtNtCscDhm8WtgM3g_8qrscript4cmds14gen_doc_schemaINtB5_10SchemaItemINtNtNtNtCsitN9y70jITB_6qmodel5curve9composite7datasrc12CompositeReqINtNtNtB1g_6adjust7variant3AdjdEEENtB5_11ISchemaItem4nameB9_
FNDA:0,_RNvXs1_NtNtCscDhm8WtgM3g_8qrscript4cmds14gen_doc_schemaINtB5_10SchemaItemNtNtCs4W4NnGXuE7K_8qfincore3ccy3CcyENtB5_11ISchemaItem4nameB9_
FNDA:0,_RNvXs1_NtNtCscDhm8WtgM3g_8qrscript4cmds14gen_doc_schemaINtB5_10SchemaItemNtNtNtCs3QLul8WEL97_7qchrono8calendar13calendar_impl8CalendarENtB5_11ISchemaItem4nameB9_
FNDA:0,_RNvXs1_NtNtCscDhm8WtgM3g_8qrscript4cmds14gen_doc_schemaINtB5_10SchemaItemNtNtNtCs4W4NnGXuE7K_8qfincore5fxmkt4spot12FxSpotMktReqENtB5_11ISchemaItem4nameB9_
FNDA:0,_RNvXs1_NtNtCscDhm8WtgM3g_8qrscript4cmds14gen_doc_schemaINtB5_10SchemaItemNtNtNtCs4W4NnGXuE7K_8qfincore8daycount7variant11DayCountSymENtB5_11ISchemaItem4nameB9_
FNDA:1,_RNvXs1_NtNtCscDhm8WtgM3g_8qrscript4cmds14gen_doc_schemaINtB5_10SchemaItemINtNtNtNtCsitN9y70jITB_6qmodel5curve4atom7variant4AtomdEENtB5_11ISchemaItem3genB9_
FNDA:1,_RNvXs1_NtNtCscDhm8WtgM3g_8qrscript4cmds14gen_doc_schemaINtB5_10SchemaItemINtNtNtNtCsitN9y70jITB_6qmodel5curve9composite7datasrc12CompositeReqINtNtNtB1g_6adjust7variant3AdjdEEENtB5_11ISchemaItem3genB9_
FNDA:1,_RNvXs1_NtNtCscDhm8WtgM3g_8qrscript4cmds14gen_doc_schemaINtB5_10SchemaItemNtNtCs4W4NnGXuE7K_8qfincore3ccy3CcyENtB5_11ISchemaItem3genB9_
FNDA:1,_RNvXs1_NtNtCscDhm8WtgM3g_8qrscript4cmds14gen_doc_schemaINtB5_10SchemaItemNtNtNtCs3QLul8WEL97_7qchrono8calendar13calendar_impl8CalendarENtB5_11ISchemaItem3genB9_
FNDA:1,_RNvXs1_NtNtCscDhm8WtgM3g_8qrscript4cmds14gen_doc_schemaINtB5_10SchemaItemNtNtNtCs4W4NnGXuE7K_8qfincore5fxmkt4spot12FxSpotMktReqENtB5_11ISchemaItem3genB9_
FNDA:1,_RNvXs1_NtNtCscDhm8WtgM3g_8qrscript4cmds14gen_doc_schemaINtB5_10SchemaItemNtNtNtCs4W4NnGXuE7K_8qfincore8daycount7variant11DayCountSymENtB5_11ISchemaItem3genB9_
FNDA:1,_RNCNvXs1_NtNtCscDhm8WtgM3g_8qrscript4cmds14gen_doc_schemaINtB7_10SchemaItemINtNtNtNtCsitN9y70jITB_6qmodel5curve4atom7variant4AtomdEENtB7_11ISchemaItem3gen0Bb_
FNDA:1,_RNCNvXs1_NtNtCscDhm8WtgM3g_8qrscript4cmds14gen_doc_schemaINtB7_10SchemaItemINtNtNtNtCsitN9y70jITB_6qmodel5curve9composite7datasrc12CompositeReqINtNtNtB1i_6adjust7variant3AdjdEEENtB7_11ISchemaItem3gen0Bb_
FNDA:1,_RNCNvXs1_NtNtCscDhm8WtgM3g_8qrscript4cmds14gen_doc_schemaINtB7_10SchemaItemNtNtCs4W4NnGXuE7K_8qfincore3ccy3CcyENtB7_11ISchemaItem3gen0Bb_
FNDA:1,_RNCNvXs1_NtNtCscDhm8WtgM3g_8qrscript4cmds14gen_doc_schemaINtB7_10SchemaItemNtNtNtCs3QLul8WEL97_7qchrono8calendar13calendar_impl8CalendarENtB7_11ISchemaItem3gen0Bb_
FNDA:1,_RNCNvXs1_NtNtCscDhm8WtgM3g_8qrscript4cmds14gen_doc_schemaINtB7_10SchemaItemNtNtNtCs4W4NnGXuE7K_8qfincore5fxmkt4spot12FxSpotMktReqENtB7_11ISchemaItem3gen0Bb_
FNDA:1,_RNCNvXs1_NtNtCscDhm8WtgM3g_8qrscript4cmds14gen_doc_schemaINtB7_10SchemaItemNtNtNtCs4W4NnGXuE7K_8qfincore8daycount7variant11DayCountSymENtB7_11ISchemaItem3gen0Bb_
FNDA:1,_RNvNtNtCscDhm8WtgM3g_8qrscript4cmds14gen_doc_schema16get_schema_items
FNDA:1,_RNvNtNtCscDhm8WtgM3g_8qrscript4cmds14gen_doc_schema10gen_schema
FNDA:1,_RNvNtNtNtCscDhm8WtgM3g_8qrscript4cmds14gen_doc_schema5testss_15test_gen_schema
FNDA:0,_RNvXNtNtCscDhm8WtgM3g_8qrscript4cmds14gen_doc_schemaNtB2_4ArgsNtB4_3Cmd3run
FNDA:0,_RNCNvXNtNtCscDhm8WtgM3g_8qrscript4cmds14gen_doc_schemaNtB4_4ArgsNtB6_3Cmd3run0B8_
FNF:10
FNH:7
DA:37,0
DA:38,0
DA:39,0
DA:40,0
DA:41,0
DA:42,0
DA:43,0
DA:44,0
DA:45,0
DA:46,0
DA:47,0
DA:48,0
DA:49,0
DA:50,0
DA:51,0
DA:52,0
DA:53,0
DA:54,0
DA:55,0
DA:56,0
DA:57,0
DA:59,0
DA:60,0
DA:61,0
DA:62,0
DA:63,0
DA:64,0
DA:65,0
DA:66,0
DA:67,0
DA:68,0
DA:69,0
DA:71,0
DA:72,0
DA:73,0
DA:74,0
DA:75,0
DA:78,0
DA:79,0
DA:93,6
DA:94,6
DA:95,6
DA:99,6
DA:100,6
DA:101,6
DA:105,0
DA:106,0
DA:107,0
DA:108,6
DA:109,6
DA:110,6
DA:111,6
DA:112,6
DA:113,6
DA:114,6
DA:115,6
DA:116,6
DA:117,6
DA:118,6
DA:124,1
DA:125,1
DA:126,1
DA:127,1
DA:128,1
DA:129,1
DA:130,1
DA:131,1
DA:132,1
DA:133,1
DA:135,1
DA:136,1
DA:137,1
DA:138,1
DA:139,1
DA:141,7
DA:142,6
DA:143,6
DA:145,1
DA:146,1
DA:155,1
DA:156,1
DA:157,1
DA:158,1
DA:159,1
DA:160,1
DA:161,1
DA:162,7
DA:163,7
DA:164,7
DA:165,1
DA:166,6
DA:167,6
DA:168,6
DA:169,6
DA:170,6
DA:171,6
DA:172,6
DA:174,15
DA:175,15
DA:176,15
DA:177,0
DA:178,15
DA:179,15
DA:180,15
DA:181,15
DA:182,15
DA:183,15
DA:184,15
DA:186,1
DA:188,1
DA:189,1
DA:190,1
DA:191,1
DA:192,1
DA:193,12
DA:194,11
DA:195,11
DA:196,11
DA:198,7
DA:199,6
DA:200,6
DA:201,6
DA:203,1
DA:204,1
DA:205,1
DA:206,1
BRF:0
BRH:0
LF:130
LH:85
end_of_record
SF:/home/runner/work/qrs/qrs/scripts/qrscript/src/cmds/gen_doc_schema/schema_cleaner.rs
FN:9,_RNvXNtNtNtCscDhm8WtgM3g_8qrscript4cmds14gen_doc_schema14schema_cleanerNtB2_13SchemaCleanerNtNtCsclQZJnOO5Ty_8schemars5visit7Visitor19visit_schema_object
FN:18,_RNvNtNtNtCscDhm8WtgM3g_8qrscript4cmds14gen_doc_schema14schema_cleaner20single_enum_to_const
FN:31,_RNvNtNtNtCscDhm8WtgM3g_8qrscript4cmds14gen_doc_schema14schema_cleaner20single_subsch_to_ref
FN:75,_RNvNtNtNtCscDhm8WtgM3g_8qrscript4cmds14gen_doc_schema14schema_cleaner22one_of_strings_to_enum
FNDA:106,_RNvXNtNtNtCscDhm8WtgM3g_8qrscript4cmds14gen_doc_schema14schema_cleanerNtB2_13SchemaCleanerNtNtCsclQZJnOO5Ty_8schemars5visit7Visitor19visit_schema_object
FNDA:106,_RNvNtNtNtCscDhm8WtgM3g_8qrscript4cmds14gen_doc_schema14schema_cleaner20single_enum_to_const
FNDA:106,_RNvNtNtNtCscDhm8WtgM3g_8qrscript4cmds14gen_doc_schema14schema_cleaner20single_subsch_to_ref
FNDA:106,_RNvNtNtNtCscDhm8WtgM3g_8qrscript4cmds14gen_doc_schema14schema_cleaner22one_of_strings_to_enum
FNF:4
FNH:4
DA:9,106
DA:10,106
DA:11,106
DA:12,106
DA:13,106
DA:14,106
DA:15,106
DA:18,106
DA:19,106
DA:20,19
DA:21,2
DA:22,17
DA:23,17
DA:25,87
DA:27,17
DA:28,17
DA:29,106
DA:31,106
DA:32,106
DA:33,100
DA:35,6
DA:36,6
DA:37,6
DA:38,6
DA:40,0
DA:41,6
DA:42,6
DA:43,0
DA:44,0
DA:45,0
DA:46,0
DA:47,0
DA:49,0
DA:50,6
DA:51,0
DA:52,0
DA:53,0
DA:54,0
DA:55,0
DA:57,0
DA:58,6
DA:59,6
DA:60,6
DA:61,0
DA:62,0
DA:63,0
DA:65,0
DA:67,0
DA:69,0
DA:70,0
DA:71,0
DA:72,0
DA:73,0
DA:74,106
DA:75,106
DA:76,106
DA:77,100
DA:79,6
DA:80,6
DA:81,6
DA:82,6
DA:83,6
DA:84,6
DA:86,0
DA:87,6
DA:88,6
DA:89,0
DA:91,6
DA:92,6
DA:93,6
DA:94,0
DA:96,6
DA:97,0
DA:99,6
DA:100,6
DA:101,0
DA:102,0
DA:103,0
DA:105,0
DA:107,0
DA:108,0
DA:109,0
DA:110,0
DA:111,0
DA:112,0
DA:113,106
BRF:0
BRH:0
LF:86
LH:49
end_of_record
SF:/home/runner/work/qrs/qrs/scripts/qrscript/src/cmds/gen_doc_schema/schema_collector.rs
FN:16,_RNvXNtNtNtCscDhm8WtgM3g_8qrscript4cmds14gen_doc_schema16schema_collectorNtB2_15SchemaCollectorNtNtCsclQZJnOO5Ty_8schemars5visit7Visitor17visit_root_schema
FN:32,_RNCNvXNtNtNtCscDhm8WtgM3g_8qrscript4cmds14gen_doc_schema16schema_collectorNtB4_15SchemaCollectorNtNtCsclQZJnOO5Ty_8schemars5visit7Visitor17visit_root_schema0Ba_
FN:36,_RNvXNtNtNtCscDhm8WtgM3g_8qrscript4cmds14gen_doc_schema16schema_collectorNtB2_15SchemaCollectorNtNtCsclQZJnOO5Ty_8schemars5visit7Visitor19visit_schema_object
FNDA:6,_RNvXNtNtNtCscDhm8WtgM3g_8qrscript4cmds14gen_doc_schema16schema_collectorNtB2_15SchemaCollectorNtNtCsclQZJnOO5Ty_8schemars5visit7Visitor17visit_root_schema
FNDA:6,_RNCNvXNtNtNtCscDhm8WtgM3g_8qrscript4cmds14gen_doc_schema16schema_collectorNtB4_15SchemaCollectorNtNtCsclQZJnOO5Ty_8schemars5visit7Visitor17visit_root_schema0Ba_
FNDA:106,_RNvXNtNtNtCscDhm8WtgM3g_8qrscript4cmds14gen_doc_schema16schema_collectorNtB2_15SchemaCollectorNtNtCsclQZJnOO5Ty_8schemars5visit7Visitor19visit_schema_object
FNF:3
FNH:3
DA:16,6
DA:17,6
DA:18,17
DA:19,17
DA:20,17
DA:21,17
DA:22,17
DA:23,17
DA:25,6
DA:26,6
DA:27,6
DA:28,6
DA:29,6
DA:30,6
DA:31,6
DA:32,6
DA:33,6
DA:34,6
DA:35,6
DA:36,106
DA:37,106
DA:38,106
DA:39,106
DA:40,106
DA:41,27
DA:42,27
DA:43,27
DA:44,27
DA:45,27
DA:46,79
DA:47,106
DA:48,0
DA:49,106
BRF:0
BRH:0
LF:34
LH:33
end_of_record
SF:/home/runner/work/qrs/qrs/scripts/qrscript/src/cmds/gen_test_data_interp1d.rs
FN:28,_RNvMNtNtCscDhm8WtgM3g_8qrscript4cmds22gen_test_data_interp1dNtB2_6Format12as_generator
FN:42,_RNCNvXs6_NtNtCscDhm8WtgM3g_8qrscript4cmds22gen_test_data_interp1dNtB7_4ArgsNtNtCskHjNahiOvoe_12clap_builder6derive14FromArgMatches20from_arg_matches_mut0Bb_
FN:42,_RNCNvXs6_NtNtCscDhm8WtgM3g_8qrscript4cmds22gen_test_data_interp1dNtB7_4ArgsNtNtCskHjNahiOvoe_12clap_builder6derive14FromArgMatches27update_from_arg_matches_mut0Bb_
FN:58,_RNvXs_NtNtCscDhm8WtgM3g_8qrscript4cmds22gen_test_data_interp1dNtB4_4ArgsNtB6_3Cmd3run
FN:59,_RNCNvXs_NtNtCscDhm8WtgM3g_8qrscript4cmds22gen_test_data_interp1dNtB6_4ArgsNtB8_3Cmd3run0Ba_
FN:63,_RNCNvXs_NtNtCscDhm8WtgM3g_8qrscript4cmds22gen_test_data_interp1dNtB6_4ArgsNtB8_3Cmd3runs_0Ba_
FN:106,_RNvXNvXNvNtNtCscDhm8WtgM3g_8qrscript4cmds22gen_test_data_interp1d1__NtB7_6InterpNtNtCsiZoUPCtu7gE_5serde2de11Deserialize11deserializeNtB2_14___FieldVisitorNtB1i_7Visitor9expecting
FN:106,_RINvXNvXNvNtNtCscDhm8WtgM3g_8qrscript4cmds22gen_test_data_interp1d1__NtB8_6InterpNtNtCsiZoUPCtu7gE_5serde2de11Deserialize11deserializeNtB3_14___FieldVisitorNtB1j_7Visitor9visit_u64pEBc_
FN:106,_RINvXNvXNvNtNtCscDhm8WtgM3g_8qrscript4cmds22gen_test_data_interp1d1__NtB8_6InterpNtNtCsiZoUPCtu7gE_5serde2de11Deserialize11deserializeNtB3_14___FieldVisitorNtB1j_7Visitor9visit_strpEBc_
FN:106,_RINvXNvXNvNtNtCscDhm8WtgM3g_8qrscript4cmds22gen_test_data_interp1d1__NtB8_6InterpNtNtCsiZoUPCtu7gE_5serde2de11Deserialize11deserializeNtB3_14___FieldVisitorNtB1j_7Visitor11visit_bytespEBc_
FN:106,_RINvXs_NvXNvNtNtCscDhm8WtgM3g_8qrscript4cmds22gen_test_data_interp1d1__NtBa_6InterpNtNtCsiZoUPCtu7gE_5serde2de11Deserialize11deserializeNtB5_7___FieldB1j_11deserializepEBe_
FN:114,_RNvMs0_NtNtCscDhm8WtgM3g_8qrscript4cmds22gen_test_data_interp1dNtB5_6Interp8into_dyn
FN:127,_RNvXNvXNvNtNtCscDhm8WtgM3g_8qrscript4cmds22gen_test_data_interp1ds_1__NtB7_6InDataNtNtCsiZoUPCtu7gE_5serde2de11Deserialize11deserializeNtB2_14___FieldVisitorNtB1k_7Visitor9expecting
FN:127,_RINvXNvXNvNtNtCscDhm8WtgM3g_8qrscript4cmds22gen_test_data_interp1ds_1__NtB8_6InDataNtNtCsiZoUPCtu7gE_5serde2de11Deserialize11deserializeNtB3_14___FieldVisitorNtB1l_7Visitor9visit_u64pEBc_
FN:127,_RINvXNvXNvNtNtCscDhm8WtgM3g_8qrscript4cmds22gen_test_data_interp1ds_1__NtB8_6InDataNtNtCsiZoUPCtu7gE_5serde2de11Deserialize11deserializeNtB3_14___FieldVisitorNtB1l_7Visitor9visit_strpEBc_
FN:127,_RINvXNvXNvNtNtCscDhm8WtgM3g_8qrscript4cmds22gen_test_data_interp1ds_1__NtB8_6InDataNtNtCsiZoUPCtu7gE_5serde2de11Deserialize11deserializeNtB3_14___FieldVisitorNtB1l_7Visitor11visit_bytespEBc_
FN:127,_RINvXs_NvXNvNtNtCscDhm8WtgM3g_8qrscript4cmds22gen_test_data_interp1ds_1__NtBa_6InDataNtNtCsiZoUPCtu7gE_5serde2de11Deserialize11deserializeNtB5_7___FieldB1l_11deserializepEBe_
FN:127,_RNvXs0_NvXNvNtNtCscDhm8WtgM3g_8qrscript4cmds22gen_test_data_interp1ds_1__NtBa_6InDataNtNtCsiZoUPCtu7gE_5serde2de11Deserialize11deserializeNtB5_9___VisitorNtB1n_7Visitor9expecting
FN:127,_RINvXs0_NvXNvNtNtCscDhm8WtgM3g_8qrscript4cmds22gen_test_data_interp1ds_1__NtBb_6InDataNtNtCsiZoUPCtu7gE_5serde2de11Deserialize11deserializeNtB6_9___VisitorNtB1o_7Visitor9visit_seqpEBf_
FN:127,_RINvXs0_NvXNvNtNtCscDhm8WtgM3g_8qrscript4cmds22gen_test_data_interp1ds_1__NtBb_6InDataNtNtCsiZoUPCtu7gE_5serde2de11Deserialize11deserializeNtB6_9___VisitorNtB1o_7Visitor9visit_mappEBf_
FN:145,_RNvXs1_NtNtCscDhm8WtgM3g_8qrscript4cmds22gen_test_data_interp1dNtB5_12CsvGeneratorNtB5_9Generator3gen
FNDA:0,_RNvMNtNtCscDhm8WtgM3g_8qrscript4cmds22gen_test_data_interp1dNtB2_6Format12as_generator
FNDA:0,_RNCNvXs6_NtNtCscDhm8WtgM3g_8qrscript4cmds22gen_test_data_interp1dNtB7_4ArgsNtNtCskHjNahiOvoe_12clap_builder6derive14FromArgMatches20from_arg_matches_mut0Bb_
FNDA:0,_RNCNvXs6_NtNtCscDhm8WtgM3g_8qrscript4cmds22gen_test_data_interp1dNtB7_4ArgsNtNtCskHjNahiOvoe_12clap_builder6derive14FromArgMatches27update_from_arg_matches_mut0Bb_
FNDA:0,_RNvXs_NtNtCscDhm8WtgM3g_8qrscript4cmds22gen_test_data_interp1dNtB4_4ArgsNtB6_3Cmd3run
FNDA:0,_RNCNvXs_NtNtCscDhm8WtgM3g_8qrscript4cmds22gen_test_data_interp1dNtB6_4ArgsNtB8_3Cmd3run0Ba_
FNDA:0,_RNCNvXs_NtNtCscDhm8WtgM3g_8qrscript4cmds22gen_test_data_interp1dNtB6_4ArgsNtB8_3Cmd3runs_0Ba_
FNDA:0,_RNvXNvXNvNtNtCscDhm8WtgM3g_8qrscript4cmds22gen_test_data_interp1d1__NtB7_6InterpNtNtCsiZoUPCtu7gE_5serde2de11Deserialize11deserializeNtB2_14___FieldVisitorNtB1i_7Visitor9expecting
FNDA:0,_RINvXNvXNvNtNtCscDhm8WtgM3g_8qrscript4cmds22gen_test_data_interp1d1__NtB8_6InterpNtNtCsiZoUPCtu7gE_5serde2de11Deserialize11deserializeNtB3_14___FieldVisitorNtB1j_7Visitor9visit_u64pEBc_
FNDA:0,_RINvXNvXNvNtNtCscDhm8WtgM3g_8qrscript4cmds22gen_test_data_interp1d1__NtB8_6InterpNtNtCsiZoUPCtu7gE_5serde2de11Deserialize11deserializeNtB3_14___FieldVisitorNtB1j_7Visitor9visit_strpEBc_
FNDA:0,_RINvXNvXNvNtNtCscDhm8WtgM3g_8qrscript4cmds22gen_test_data_interp1d1__NtB8_6InterpNtNtCsiZoUPCtu7gE_5serde2de11Deserialize11deserializeNtB3_14___FieldVisitorNtB1j_7Visitor11visit_bytespEBc_
FNDA:0,_RINvXs_NvXNvNtNtCscDhm8WtgM3g_8qrscript4cmds22gen_test_data_interp1d1__NtBa_6InterpNtNtCsiZoUPCtu7gE_5serde2de11Deserialize11deserializeNtB5_7___FieldB1j_11deserializepEBe_
FNDA:0,_RNvMs0_NtNtCscDhm8WtgM3g_8qrscript4cmds22gen_test_data_interp1dNtB5_6Interp8into_dyn
FNDA:0,_RNvXNvXNvNtNtCscDhm8WtgM3g_8qrscript4cmds22gen_test_data_interp1ds_1__NtB7_6InDataNtNtCsiZoUPCtu7gE_5serde2de11Deserialize11deserializeNtB2_14___FieldVisitorNtB1k_7Visitor9expecting
FNDA:0,_RINvXNvXNvNtNtCscDhm8WtgM3g_8qrscript4cmds22gen_test_data_interp1ds_1__NtB8_6InDataNtNtCsiZoUPCtu7gE_5serde2de11Deserialize11deserializeNtB3_14___FieldVisitorNtB1l_7Visitor9visit_u64pEBc_
FNDA:0,_RINvXNvXNvNtNtCscDhm8WtgM3g_8qrscript4cmds22gen_test_data_interp1ds_1__NtB8_6InDataNtNtCsiZoUPCtu7gE_5serde2de11Deserialize11deserializeNtB3_14___FieldVisitorNtB1l_7Visitor9visit_strpEBc_
FNDA:0,_RINvXNvXNvNtNtCscDhm8WtgM3g_8qrscript4cmds22gen_test_data_interp1ds_1__NtB8_6InDataNtNtCsiZoUPCtu7gE_5serde2de11Deserialize11deserializeNtB3_14___FieldVisitorNtB1l_7Visitor11visit_bytespEBc_
FNDA:0,_RINvXs_NvXNvNtNtCscDhm8WtgM3g_8qrscript4cmds22gen_test_data_interp1ds_1__NtBa_6InDataNtNtCsiZoUPCtu7gE_5serde2de11Deserialize11deserializeNtB5_7___FieldB1l_11deserializepEBe_
FNDA:0,_RNvXs0_NvXNvNtNtCscDhm8WtgM3g_8qrscript4cmds22gen_test_data_interp1ds_1__NtBa_6InDataNtNtCsiZoUPCtu7gE_5serde2de11Deserialize11deserializeNtB5_9___VisitorNtB1n_7Visitor9expecting
FNDA:0,_RINvXs0_NvXNvNtNtCscDhm8WtgM3g_8qrscript4cmds22gen_test_data_interp1ds_1__NtBb_6InDataNtNtCsiZoUPCtu7gE_5serde2de11Deserialize11deserializeNtB6_9___VisitorNtB1o_7Visitor9visit_seqpEBf_
FNDA:0,_RINvXs0_NvXNvNtNtCscDhm8WtgM3g_8qrscript4cmds22gen_test_data_interp1ds_1__NtBb_6InDataNtNtCsiZoUPCtu7gE_5serde2de11Deserialize11deserializeNtB6_9___VisitorNtB1o_7Visitor9visit_mappEBf_
FNDA:0,_RNvXs1_NtNtCscDhm8WtgM3g_8qrscript4cmds22gen_test_data_interp1dNtB5_12CsvGeneratorNtB5_9Generator3gen
FNF:9
FNH:0
DA:28,0
DA:29,0
DA:30,0
DA:31,0
DA:32,0
DA:42,0
DA:58,0
DA:59,0
DA:60,0
DA:61,0
DA:62,0
DA:63,0
DA:64,0
DA:65,0
DA:66,0
DA:67,0
DA:68,0
DA:69,0
DA:70,0
DA:71,0
DA:72,0
DA:73,0
DA:74,0
DA:75,0
DA:76,0
DA:77,0
DA:78,0
DA:79,0
DA:80,0
DA:81,0
DA:82,0
DA:83,0
DA:84,0
DA:85,0
DA:87,0
DA:88,0
DA:89,0
DA:90,0
DA:91,0
DA:92,0
DA:93,0
DA:94,0
DA:95,0
DA:96,0
DA:97,0
DA:99,0
DA:100,0
DA:106,0
DA:114,0
DA:115,0
DA:116,0
DA:117,0
DA:118,0
DA:119,0
DA:121,0
DA:127,0
DA:145,0
DA:146,0
DA:147,0
DA:148,0
DA:149,0
DA:150,0
DA:151,0
DA:152,0
DA:153,0
DA:154,0
DA:156,0
DA:157,0
DA:158,0
DA:159,0
DA:160,0
DA:162,0
DA:163,0
BRF:0
BRH:0
LF:77
LH:0
end_of_record
SF:/home/runner/work/qrs/qrs/scripts/qrscript/src/main.rs
FN:18,_RNvCscDhm8WtgM3g_8qrscript4main
FN:32,_RNvCscDhm8WtgM3g_8qrscript8make_cli
FNDA:0,_RNvCscDhm8WtgM3g_8qrscript4main
FNDA:0,_RNvCscDhm8WtgM3g_8qrscript8make_cli
FNF:2
FNH:0
DA:18,0
DA:19,0
DA:20,0
DA:21,0
DA:22,0
DA:23,0
DA:24,0
DA:25,0
DA:27,0
DA:28,0
DA:29,0
DA:30,0
DA:32,0
DA:33,0
DA:34,0
DA:35,0
DA:36,0
DA:37,0
DA:38,0
DA:39,0
DA:41,0
DA:42,0
DA:43,0
DA:44,0
DA:45,0
DA:46,0
DA:48,0
DA:49,0
DA:50,0
BRF:0
BRH:0
LF:29
LH:0
end_of_record
SF:/home/runner/work/qrs/qrs/scripts/qrscript/src/util/interactive_cmd.rs
FN:5,_RNvNtNtCscDhm8WtgM3g_8qrscript4util15interactive_cmd15interactive_cmd
FN:11,_RNvNtNtCscDhm8WtgM3g_8qrscript4util15interactive_cmd12ask_cmd_args
FN:13,_RNCNvNtNtCscDhm8WtgM3g_8qrscript4util15interactive_cmd12ask_cmd_args0B7_
FN:32,_RNvNtNtCscDhm8WtgM3g_8qrscript4util15interactive_cmd7ask_arg
FN:41,_RNCNvNtNtCscDhm8WtgM3g_8qrscript4util15interactive_cmd7ask_arg0B7_
FN:63,_RNvNtNtCscDhm8WtgM3g_8qrscript4util15interactive_cmd8ask_enum
FN:64,_RNCNvNtNtCscDhm8WtgM3g_8qrscript4util15interactive_cmd8ask_enum0B7_
FN:73,_RNvNtNtCscDhm8WtgM3g_8qrscript4util15interactive_cmd14get_option_str
FNDA:0,_RNvNtNtCscDhm8WtgM3g_8qrscript4util15interactive_cmd15interactive_cmd
FNDA:0,_RNvNtNtCscDhm8WtgM3g_8qrscript4util15interactive_cmd12ask_cmd_args
FNDA:0,_RNCNvNtNtCscDhm8WtgM3g_8qrscript4util15interactive_cmd12ask_cmd_args0B7_
FNDA:0,_RNvNtNtCscDhm8WtgM3g_8qrscript4util15interactive_cmd7ask_arg
FNDA:0,_RNCNvNtNtCscDhm8WtgM3g_8qrscript4util15interactive_cmd7ask_arg0B7_
FNDA:0,_RNvNtNtCscDhm8WtgM3g_8qrscript4util15interactive_cmd8ask_enum
FNDA:0,_RNCNvNtNtCscDhm8WtgM3g_8qrscript4util15interactive_cmd8ask_enum0B7_
FNDA:0,_RNvNtNtCscDhm8WtgM3g_8qrscript4util15interactive_cmd14get_option_str
FNF:8
FNH:0
DA:5,0
DA:6,0
DA:7,0
DA:8,0
DA:9,0
DA:11,0
DA:12,0
DA:13,0
DA:14,0
DA:15,0
DA:16,0
DA:17,0
DA:18,0
DA:19,0
DA:21,0
DA:22,0
DA:24,0
DA:25,0
DA:26,0
DA:28,0
DA:30,0
DA:32,0
DA:33,0
DA:34,0
DA:35,0
DA:36,0
DA:37,0
DA:38,0
DA:39,0
DA:40,0
DA:41,0
DA:43,0
DA:44,0
DA:46,0
DA:47,0
DA:48,0
DA:49,0
DA:50,0
DA:51,0
DA:55,0
DA:56,0
DA:57,0
DA:58,0
DA:59,0
DA:60,0
DA:61,0
DA:63,0
DA:64,0
DA:65,0
DA:66,0
DA:67,0
DA:68,0
DA:69,0
DA:70,0
DA:71,0
DA:73,0
DA:74,0
DA:75,0
DA:76,0
DA:77,0
DA:79,0
DA:81,0
BRF:0
BRH:0
LF:65
LH:0
end_of_record
SF:/home/runner/work/qrs/qrs/scripts/qrscript/src/util/path.rs
FN:3,_RNvNtNtCscDhm8WtgM3g_8qrscript4util4path9repo_root
FNDA:1,_RNvNtNtCscDhm8WtgM3g_8qrscript4util4path9repo_root
FNF:1
FNH:1
DA:3,1
DA:4,1
DA:5,1
DA:6,1
DA:7,1
BRF:0
BRH:0
LF:5
LH:5
end_of_record