SF:/home/runner/work/qrs/qrs/libs/core/qautodiff/src/error.rs
FN:4,_RNvXININtCs73haefz8j34_9qautodiff5errors0_0pEINtB5_5ErrorpENtNtCs2fyPGiZs4Bj_4core3fmt7Display3fmtB7_
FNDA:0,_RNvXININtCs73haefz8j34_9qautodiff5errors0_0pEINtB5_5ErrorpENtNtCs2fyPGiZs4Bj_4core3fmt7Display3fmtB7_
FNF:1
FNH:0
DA:4,0
BRF:0
BRH:0
LF:1
LH:0
end_of_record
SF:/home/runner/work/qrs/qrs/libs/core/qautodiff/src/expr.rs
FN:566,_RNvNtNtCs73haefz8j34_9qautodiff4expr5testss_12test_is_real
FN:571,_RNvNtNtCs73haefz8j34_9qautodiff4expr5tests8test_fmt
FN:583,_RNvNtNtCs73haefz8j34_9qautodiff4expr5tests8test_neg
FN:601,_RNvNtNtCs73haefz8j34_9qautodiff4expr5tests9test_addl
FN:631,_RNvNtNtCs73haefz8j34_9qautodiff4expr5tests9test_addr
FN:661,_RNvNtNtCs73haefz8j34_9qautodiff4expr5tests9test_subl
FN:691,_RNvNtNtCs73haefz8j34_9qautodiff4expr5tests9test_subr
FN:721,_RNvNtNtCs73haefz8j34_9qautodiff4expr5tests9test_mull
FN:751,_RNvNtNtCs73haefz8j34_9qautodiff4expr5tests9test_mulr
FN:781,_RNvNtNtCs73haefz8j34_9qautodiff4expr5tests9test_divl
FN:807,_RNvNtNtCs73haefz8j34_9qautodiff4expr5tests9test_divr
FN:833,_RNvNtNtCs73haefz8j34_9qautodiff4expr5tests8test_exp
FN:851,_RNvNtNtCs73haefz8j34_9qautodiff4expr5tests8test_log
FN:868,_RNvNtNtCs73haefz8j34_9qautodiff4expr5tests8test_erf
FN:888,_RNvNtNtCs73haefz8j34_9qautodiff4expr5tests9test_sqrt
FN:905,_RNvNtNtCs73haefz8j34_9qautodiff4expr5tests9test_powi
FN:931,_RNvNtNtCs73haefz8j34_9qautodiff4expr5tests8test_add
FN:964,_RNvNtNtCs73haefz8j34_9qautodiff4expr5tests8test_sub
FN:997,_RNvNtNtCs73haefz8j34_9qautodiff4expr5tests8test_mul
FN:1030,_RNvNtNtCs73haefz8j34_9qautodiff4expr5tests8test_div
FN:1059,_RNvNtNtCs73haefz8j34_9qautodiff4expr5tests9test_cneg
FN:1074,_RNvNtNtCs73haefz8j34_9qautodiff4expr5tests9test_cexp
FN:1089,_RNvNtNtCs73haefz8j34_9qautodiff4expr5tests9test_clog
FN:1103,_RNvNtNtCs73haefz8j34_9qautodiff4expr5tests9test_cadd
FN:1129,_RNvNtNtCs73haefz8j34_9qautodiff4expr5tests9test_csub
FN:1155,_RNvNtNtCs73haefz8j34_9qautodiff4expr5tests9test_cmul
FN:1181,_RNvNtNtCs73haefz8j34_9qautodiff4expr5tests9test_cdiv
FN:1204,_RNvNtNtCs73haefz8j34_9qautodiff4expr5testss_12test_is_zero
FN:1219,_RNvNtNtCs73haefz8j34_9qautodiff4expr5testss_9test_zero
FN:1228,_RNvNtNtCs73haefz8j34_9qautodiff4expr5testss_8test_one
FN:1236,_RNvNtNtCs73haefz8j34_9qautodiff4expr5tests7test_eq
FN:1279,_RNvNtNtCs73haefz8j34_9qautodiff4expr5tests8test_cmp
FN:1323,_RNvNtNtCs73haefz8j34_9qautodiff4expr5testss_18test_compound_expr
FN:1345,_RNvNtNtCs73haefz8j34_9qautodiff4expr5testss_15test_compressed
FN:1364,_RNvNtNtCs73haefz8j34_9qautodiff4expr5testss_13test_graphviz
FN:1377,_RNCNvNtNtCs73haefz8j34_9qautodiff4expr5testss_13test_graphviz0B7_
FN:583,_RNvNtNtNtCs73haefz8j34_9qautodiff4expr5tests8test_negs_6case_1
FN:583,_RNvNtNtNtCs73haefz8j34_9qautodiff4expr5tests8test_negs_6case_2
FN:583,_RNvNtNtNtCs73haefz8j34_9qautodiff4expr5tests8test_negs_6case_3
FN:583,_RNvNtNtNtCs73haefz8j34_9qautodiff4expr5tests8test_negs_6case_4
FN:751,_RNvNtNtNtCs73haefz8j34_9qautodiff4expr5tests9test_mulrs_7case_01
FN:751,_RNvNtNtNtCs73haefz8j34_9qautodiff4expr5tests9test_mulrs_7case_02
FN:751,_RNvNtNtNtCs73haefz8j34_9qautodiff4expr5tests9test_mulrs_7case_03
FN:751,_RNvNtNtNtCs73haefz8j34_9qautodiff4expr5tests9test_mulrs_7case_04
FN:751,_RNvNtNtNtCs73haefz8j34_9qautodiff4expr5tests9test_mulrs_7case_05
FN:751,_RNvNtNtNtCs73haefz8j34_9qautodiff4expr5tests9test_mulrs_7case_06
FN:751,_RNvNtNtNtCs73haefz8j34_9qautodiff4expr5tests9test_mulrs_7case_07
FN:751,_RNvNtNtNtCs73haefz8j34_9qautodiff4expr5tests9test_mulrs_7case_08
FN:751,_RNvNtNtNtCs73haefz8j34_9qautodiff4expr5tests9test_mulrs_7case_09
FN:751,_RNvNtNtNtCs73haefz8j34_9qautodiff4expr5tests9test_mulrs_7case_10
FN:905,_RNvNtNtNtCs73haefz8j34_9qautodiff4expr5tests9test_powis_7case_01
FN:905,_RNvNtNtNtCs73haefz8j34_9qautodiff4expr5tests9test_powis_7case_02
FN:905,_RNvNtNtNtCs73haefz8j34_9qautodiff4expr5tests9test_powis_7case_03
FN:905,_RNvNtNtNtCs73haefz8j34_9qautodiff4expr5tests9test_powis_7case_04
FN:905,_RNvNtNtNtCs73haefz8j34_9qautodiff4expr5tests9test_powis_7case_05
FN:905,_RNvNtNtNtCs73haefz8j34_9qautodiff4expr5tests9test_powis_7case_06
FN:905,_RNvNtNtNtCs73haefz8j34_9qautodiff4expr5tests9test_powis_7case_07
FN:905,_RNvNtNtNtCs73haefz8j34_9qautodiff4expr5tests9test_powis_7case_08
FN:905,_RNvNtNtNtCs73haefz8j34_9qautodiff4expr5tests9test_powis_7case_09
FN:905,_RNvNtNtNtCs73haefz8j34_9qautodiff4expr5tests9test_powis_7case_10
FN:905,_RNvNtNtNtCs73haefz8j34_9qautodiff4expr5tests9test_powis_7case_11
FN:905,_RNvNtNtNtCs73haefz8j34_9qautodiff4expr5tests9test_powis_7case_12
FN:27,_RNvXNtCs73haefz8j34_9qautodiff4exprINtB2_5__ExprRedENtNtCs2fyPGiZs4Bj_4core5clone5Clone5cloneB4_
FN:37,_RINvMs_NtCs73haefz8j34_9qautodiff4exprINtB5_5__ExprRedE16__indirectly_readINtNtCs2fyPGiZs4Bj_4core6option6OptionNtNtB1f_3cmp8OrderingENCNCNvXs9_B5_INtB5_4ExprBN_dENtB1O_10PartialOrd11partial_cmp00EB7_
FN:37,_RINvMs_NtCs73haefz8j34_9qautodiff4exprINtB5_5__ExprRedE16__indirectly_readINtNtCs2fyPGiZs4Bj_4core6option6OptionNtNtB1f_3cmp8OrderingENCNvXs9_B5_INtB5_4ExprBN_dENtB1O_10PartialOrd11partial_cmp0EB7_
FN:37,_RINvMs_NtCs73haefz8j34_9qautodiff4exprINtB5_5__ExprRedE16__indirectly_readINtNtCs2fyPGiZs4Bj_4core6result6ResultuNtNtB1f_3fmt5ErrorENCNvXs6_B5_INtB5_4ExprBN_dENtB1P_7Display3fmt0EB7_
FN:37,_RINvMs_NtCs73haefz8j34_9qautodiff4exprINtB5_5__ExprRedE16__indirectly_readbNCNCNvXs7_B5_INtB5_4ExprBN_dENtNtCs2fyPGiZs4Bj_4core3cmp9PartialEq2eq00EB7_
FN:37,_RINvMs_NtCs73haefz8j34_9qautodiff4exprINtB5_5__ExprRedE16__indirectly_readbNCNvXs7_B5_INtB5_4ExprBN_dENtNtCs2fyPGiZs4Bj_4core3cmp9PartialEq2eq0EB7_
FN:37,_RINvMs_NtCs73haefz8j34_9qautodiff4exprINtB5_5__ExprRedE16__indirectly_readbNvYdNtNtCs3hlyyetf6no_10num_traits10identities4Zero7is_zeroEB7_
FN:56,_RNvXs0_NtCs73haefz8j34_9qautodiff4exprINtB5_3VarRedENtNtCs2fyPGiZs4Bj_4core5clone5Clone5cloneB7_
FN:63,_RNvXs1_NtCs73haefz8j34_9qautodiff4exprINtB5_3VarRedEINtNtCs2fyPGiZs4Bj_4core7convert5AsRefINtB5_4ExprBK_dEE6as_refB7_
FN:71,_RNvXs2_NtCs73haefz8j34_9qautodiff4exprINtB5_3VarRedENtNtNtCs2fyPGiZs4Bj_4core3ops5deref5Deref5derefB7_
FN:79,_RNvMs3_NtCs73haefz8j34_9qautodiff4exprINtB5_3VarRedE3keyB7_
FN:111,_RNvXs5_NtCs73haefz8j34_9qautodiff4exprINtB5_4ExprRedENtNtCs2fyPGiZs4Bj_4core5clone5Clone5cloneB7_
FN:124,_RNvXs6_NtCs73haefz8j34_9qautodiff4exprINtB5_4ExprRedENtNtCs2fyPGiZs4Bj_4core3fmt7Display3fmtB7_
FN:125,_RNCNvXs6_NtCs73haefz8j34_9qautodiff4exprINtB7_4ExprRedENtNtCs2fyPGiZs4Bj_4core3fmt7Display3fmt0B9_
FN:137,_RNvXs7_NtCs73haefz8j34_9qautodiff4exprINtB5_4ExprRedENtNtCs2fyPGiZs4Bj_4core3cmp9PartialEq2eqB7_
FN:139,_RNCNvXs7_NtCs73haefz8j34_9qautodiff4exprINtB7_4ExprRedENtNtCs2fyPGiZs4Bj_4core3cmp9PartialEq2eq0B9_
FN:139,_RNCNCNvXs7_NtCs73haefz8j34_9qautodiff4exprINtB9_4ExprRedENtNtCs2fyPGiZs4Bj_4core3cmp9PartialEq2eq00Bb_
FN:150,_RNvXs9_NtCs73haefz8j34_9qautodiff4exprINtB5_4ExprRedENtNtCs2fyPGiZs4Bj_4core3cmp10PartialOrd11partial_cmpB7_
FN:152,_RNCNvXs9_NtCs73haefz8j34_9qautodiff4exprINtB7_4ExprRedENtNtCs2fyPGiZs4Bj_4core3cmp10PartialOrd11partial_cmp0B9_
FN:152,_RNCNCNvXs9_NtCs73haefz8j34_9qautodiff4exprINtB9_4ExprRedENtNtCs2fyPGiZs4Bj_4core3cmp10PartialOrd11partial_cmp00Bb_
FN:171,_RNvXsb_NtCs73haefz8j34_9qautodiff4exprINtB5_4ExprRedEINtNtCs2fyPGiZs4Bj_4core7convert4FromINtNtNtB7_5graph4tape4NodeBL_dEE4fromB7_
FN:178,_RNvXsc_NtCs73haefz8j34_9qautodiff4exprINtB5_4ExprRedEINtNtCs2fyPGiZs4Bj_4core7convert4FromdE4fromB7_
FN:185,_RNvXsd_NtCs73haefz8j34_9qautodiff4exprINtB5_4ExprRedEINtNtCs2fyPGiZs4Bj_4core7convert4FromINtB5_3VarBL_dEE4fromB7_
FN:196,_RNvMse_NtCs73haefz8j34_9qautodiff4exprINtB5_4ExprRedE5valueB7_
FN:208,_RNvMse_NtCs73haefz8j34_9qautodiff4exprINtB5_4ExprRedE5gradsB7_
FN:221,_RNvMse_NtCs73haefz8j34_9qautodiff4exprINtB5_4ExprRedE3keyB7_
FN:233,_RNvMse_NtCs73haefz8j34_9qautodiff4exprINtB5_4ExprRedE8compressB7_
FN:245,_RNvMse_NtCs73haefz8j34_9qautodiff4exprINtB5_4ExprRedE8graphvizB7_
FN:276,_RNvXsg_NtCs73haefz8j34_9qautodiff4exprINtB5_4ExprRedENtNtCs3hlyyetf6no_10num_traits10identities4Zero4zeroB7_
FN:281,_RNvXsg_NtCs73haefz8j34_9qautodiff4exprINtB5_4ExprRedENtNtCs3hlyyetf6no_10num_traits10identities4Zero7is_zeroB7_
FN:291,_RNvXsh_NtCs73haefz8j34_9qautodiff4exprINtB5_4ExprRedENtNtCs3hlyyetf6no_10num_traits10identities3One3oneB7_
FN:303,_RNvXsi_NtCs73haefz8j34_9qautodiff4exprINtB5_4ExprRedENtNtNtCs2fyPGiZs4Bj_4core3ops5arith3Neg3negB7_
FN:318,_RNvXsj_NtCs73haefz8j34_9qautodiff4exprRINtB5_4ExprRedENtNtNtCs2fyPGiZs4Bj_4core3ops5arith3Neg3negB7_
FN:545,_RNvXsk_NtCs73haefz8j34_9qautodiff4exprINtB5_4ExprRedENtNtNtCs8DBUPlMzazI_5qmath3num13elementary_fn4Powi4powiB7_
FN:335,_RNvXst_NtCs73haefz8j34_9qautodiff4exprINtB5_4ExprRedENtNtNtCs2fyPGiZs4Bj_4core3ops5arith3Add3addB7_
FN:355,_RNvXsu_NtCs73haefz8j34_9qautodiff4exprINtB5_4ExprRedEINtNtNtCs2fyPGiZs4Bj_4core3ops5arith3AdddE3addB7_
FN:369,_RNvXsv_NtCs73haefz8j34_9qautodiff4exprINtB5_4ExprRedEINtNtNtCs2fyPGiZs4Bj_4core3ops5arith3AddRBA_E3addB7_
FN:405,_RNvXsx_NtCs73haefz8j34_9qautodiff4exprRINtB5_4ExprRedENtNtNtCs2fyPGiZs4Bj_4core3ops5arith3Add3addB7_
FN:441,_RNvXsz_NtCs73haefz8j34_9qautodiff4exprRINtB5_4ExprRedEINtNtNtCs2fyPGiZs4Bj_4core3ops5arith3AddBB_E3addB7_
FN:335,_RNvXsF_NtCs73haefz8j34_9qautodiff4exprINtB5_4ExprRedENtNtNtCs2fyPGiZs4Bj_4core3ops5arith3Sub3subB7_
FN:369,_RNvXsH_NtCs73haefz8j34_9qautodiff4exprINtB5_4ExprRedEINtNtNtCs2fyPGiZs4Bj_4core3ops5arith3SubRBA_E3subB7_
FN:405,_RNvXsJ_NtCs73haefz8j34_9qautodiff4exprRINtB5_4ExprRedENtNtNtCs2fyPGiZs4Bj_4core3ops5arith3Sub3subB7_
FN:441,_RNvXsL_NtCs73haefz8j34_9qautodiff4exprRINtB5_4ExprRedEINtNtNtCs2fyPGiZs4Bj_4core3ops5arith3SubBB_E3subB7_
FN:335,_RNvXsR_NtCs73haefz8j34_9qautodiff4exprINtB5_4ExprRedENtNtNtCs2fyPGiZs4Bj_4core3ops5arith3Mul3mulB7_
FN:369,_RNvXsT_NtCs73haefz8j34_9qautodiff4exprINtB5_4ExprRedEINtNtNtCs2fyPGiZs4Bj_4core3ops5arith3MulRBA_E3mulB7_
FN:405,_RNvXsV_NtCs73haefz8j34_9qautodiff4exprRINtB5_4ExprRedENtNtNtCs2fyPGiZs4Bj_4core3ops5arith3Mul3mulB7_
FN:441,_RNvXsX_NtCs73haefz8j34_9qautodiff4exprRINtB5_4ExprRedEINtNtNtCs2fyPGiZs4Bj_4core3ops5arith3MulBB_E3mulB7_
FN:335,_RNvXs13_NtCs73haefz8j34_9qautodiff4exprINtB6_4ExprRedENtNtNtCs2fyPGiZs4Bj_4core3ops5arith3Div3divB8_
FN:369,_RNvXs15_NtCs73haefz8j34_9qautodiff4exprINtB6_4ExprRedEINtNtNtCs2fyPGiZs4Bj_4core3ops5arith3DivRBB_E3divB8_
FN:405,_RNvXs17_NtCs73haefz8j34_9qautodiff4exprRINtB6_4ExprRedENtNtNtCs2fyPGiZs4Bj_4core3ops5arith3Div3divB8_
FN:441,_RNvXs19_NtCs73haefz8j34_9qautodiff4exprRINtB6_4ExprRedEINtNtNtCs2fyPGiZs4Bj_4core3ops5arith3DivBC_E3divB8_
FN:523,_RNvXs1f_NtCs73haefz8j34_9qautodiff4exprINtB6_4ExprRedENtNtNtCs8DBUPlMzazI_5qmath3num13elementary_fn3Exp3expB8_
FN:523,_RNvXs1g_NtCs73haefz8j34_9qautodiff4exprINtB6_4ExprRedENtNtNtCs8DBUPlMzazI_5qmath3num13elementary_fn3Log3logB8_
FN:523,_RNvXs1h_NtCs73haefz8j34_9qautodiff4exprINtB6_4ExprRedENtNtNtCs8DBUPlMzazI_5qmath3num13elementary_fn3Erf3erfB8_
FN:523,_RNvXs1i_NtCs73haefz8j34_9qautodiff4exprINtB6_4ExprRedENtNtNtCs8DBUPlMzazI_5qmath3num13elementary_fn4Sqrt4sqrtB8_
FN:601,_RNvNtNtNtCs73haefz8j34_9qautodiff4expr5tests9test_addls_7case_01
FN:601,_RNvNtNtNtCs73haefz8j34_9qautodiff4expr5tests9test_addls_7case_02
FN:601,_RNvNtNtNtCs73haefz8j34_9qautodiff4expr5tests9test_addls_7case_03
FN:601,_RNvNtNtNtCs73haefz8j34_9qautodiff4expr5tests9test_addls_7case_04
FN:601,_RNvNtNtNtCs73haefz8j34_9qautodiff4expr5tests9test_addls_7case_05
FN:601,_RNvNtNtNtCs73haefz8j34_9qautodiff4expr5tests9test_addls_7case_06
FN:601,_RNvNtNtNtCs73haefz8j34_9qautodiff4expr5tests9test_addls_7case_07
FN:601,_RNvNtNtNtCs73haefz8j34_9qautodiff4expr5tests9test_addls_7case_08
FN:601,_RNvNtNtNtCs73haefz8j34_9qautodiff4expr5tests9test_addls_7case_09
FN:601,_RNvNtNtNtCs73haefz8j34_9qautodiff4expr5tests9test_addls_7case_10
FN:631,_RNvNtNtNtCs73haefz8j34_9qautodiff4expr5tests9test_addrs_7case_01
FN:631,_RNvNtNtNtCs73haefz8j34_9qautodiff4expr5tests9test_addrs_7case_02
FN:631,_RNvNtNtNtCs73haefz8j34_9qautodiff4expr5tests9test_addrs_7case_03
FN:631,_RNvNtNtNtCs73haefz8j34_9qautodiff4expr5tests9test_addrs_7case_04
FN:631,_RNvNtNtNtCs73haefz8j34_9qautodiff4expr5tests9test_addrs_7case_05
FN:631,_RNvNtNtNtCs73haefz8j34_9qautodiff4expr5tests9test_addrs_7case_06
FN:631,_RNvNtNtNtCs73haefz8j34_9qautodiff4expr5tests9test_addrs_7case_07
FN:631,_RNvNtNtNtCs73haefz8j34_9qautodiff4expr5tests9test_addrs_7case_08
FN:631,_RNvNtNtNtCs73haefz8j34_9qautodiff4expr5tests9test_addrs_7case_09
FN:631,_RNvNtNtNtCs73haefz8j34_9qautodiff4expr5tests9test_addrs_7case_10
FN:807,_RNvNtNtNtCs73haefz8j34_9qautodiff4expr5tests9test_divrs_6case_1
FN:807,_RNvNtNtNtCs73haefz8j34_9qautodiff4expr5tests9test_divrs_6case_2
FN:807,_RNvNtNtNtCs73haefz8j34_9qautodiff4expr5tests9test_divrs_6case_3
FN:807,_RNvNtNtNtCs73haefz8j34_9qautodiff4expr5tests9test_divrs_6case_4
FN:807,_RNvNtNtNtCs73haefz8j34_9qautodiff4expr5tests9test_divrs_6case_5
FN:807,_RNvNtNtNtCs73haefz8j34_9qautodiff4expr5tests9test_divrs_6case_6
FN:888,_RNvNtNtNtCs73haefz8j34_9qautodiff4expr5tests9test_sqrts_6case_1
FN:888,_RNvNtNtNtCs73haefz8j34_9qautodiff4expr5tests9test_sqrts_6case_2
FN:888,_RNvNtNtNtCs73haefz8j34_9qautodiff4expr5tests9test_sqrts_6case_3
FN:1236,_RNvNtNtNtCs73haefz8j34_9qautodiff4expr5tests7test_eqs_7case_01
FN:1236,_RNvNtNtNtCs73haefz8j34_9qautodiff4expr5tests7test_eqs_7case_02
FN:1236,_RNvNtNtNtCs73haefz8j34_9qautodiff4expr5tests7test_eqs_7case_03
FN:1236,_RNvNtNtNtCs73haefz8j34_9qautodiff4expr5tests7test_eqs_7case_04
FN:1236,_RNvNtNtNtCs73haefz8j34_9qautodiff4expr5tests7test_eqs_7case_05
FN:1236,_RNvNtNtNtCs73haefz8j34_9qautodiff4expr5tests7test_eqs_7case_06
FN:1236,_RNvNtNtNtCs73haefz8j34_9qautodiff4expr5tests7test_eqs_7case_07
FN:1236,_RNvNtNtNtCs73haefz8j34_9qautodiff4expr5tests7test_eqs_7case_08
FN:1236,_RNvNtNtNtCs73haefz8j34_9qautodiff4expr5tests7test_eqs_7case_09
FN:1236,_RNvNtNtNtCs73haefz8j34_9qautodiff4expr5tests7test_eqs_7case_10
FN:1236,_RNvNtNtNtCs73haefz8j34_9qautodiff4expr5tests7test_eqs_7case_11
FN:1236,_RNvNtNtNtCs73haefz8j34_9qautodiff4expr5tests7test_eqs_7case_12
FN:1236,_RNvNtNtNtCs73haefz8j34_9qautodiff4expr5tests7test_eqs_7case_13
FN:1236,_RNvNtNtNtCs73haefz8j34_9qautodiff4expr5tests7test_eqs_7case_14
FN:1236,_RNvNtNtNtCs73haefz8j34_9qautodiff4expr5tests7test_eqs_7case_15
FN:1236,_RNvNtNtNtCs73haefz8j34_9qautodiff4expr5tests7test_eqs_7case_16
FN:1236,_RNvNtNtNtCs73haefz8j34_9qautodiff4expr5tests7test_eqs_7case_17
FN:1236,_RNvNtNtNtCs73haefz8j34_9qautodiff4expr5tests7test_eqs_7case_18
FN:1236,_RNvNtNtNtCs73haefz8j34_9qautodiff4expr5tests7test_eqs_7case_19
FN:1236,_RNvNtNtNtCs73haefz8j34_9qautodiff4expr5tests7test_eqs_7case_20
FN:1236,_RNvNtNtNtCs73haefz8j34_9qautodiff4expr5tests7test_eqs_7case_21
FN:1236,_RNvNtNtNtCs73haefz8j34_9qautodiff4expr5tests7test_eqs_7case_22
FN:1236,_RNvNtNtNtCs73haefz8j34_9qautodiff4expr5tests7test_eqs_7case_23
FN:1236,_RNvNtNtNtCs73haefz8j34_9qautodiff4expr5tests7test_eqs_7case_24
FN:1236,_RNvNtNtNtCs73haefz8j34_9qautodiff4expr5tests7test_eqs_7case_25
FN:1236,_RNvNtNtNtCs73haefz8j34_9qautodiff4expr5tests7test_eqs_7case_26
FN:1236,_RNvNtNtNtCs73haefz8j34_9qautodiff4expr5tests7test_eqs_7case_27
FN:1236,_RNvNtNtNtCs73haefz8j34_9qautodiff4expr5tests7test_eqs_7case_28
FN:1059,_RNvNtNtNtCs73haefz8j34_9qautodiff4expr5tests9test_cnegs_6case_1
FN:1059,_RNvNtNtNtCs73haefz8j34_9qautodiff4expr5tests9test_cnegs_6case_2
FN:1059,_RNvNtNtNtCs73haefz8j34_9qautodiff4expr5tests9test_cnegs_6case_3
FN:1059,_RNvNtNtNtCs73haefz8j34_9qautodiff4expr5tests9test_cnegs_6case_4
FN:1155,_RNvNtNtNtCs73haefz8j34_9qautodiff4expr5tests9test_cmuls_7case_01
FN:1155,_RNvNtNtNtCs73haefz8j34_9qautodiff4expr5tests9test_cmuls_7case_02
FN:1155,_RNvNtNtNtCs73haefz8j34_9qautodiff4expr5tests9test_cmuls_7case_03
FN:1155,_RNvNtNtNtCs73haefz8j34_9qautodiff4expr5tests9test_cmuls_7case_04
FN:1155,_RNvNtNtNtCs73haefz8j34_9qautodiff4expr5tests9test_cmuls_7case_05
FN:1155,_RNvNtNtNtCs73haefz8j34_9qautodiff4expr5tests9test_cmuls_7case_06
FN:1155,_RNvNtNtNtCs73haefz8j34_9qautodiff4expr5tests9test_cmuls_7case_07
FN:1155,_RNvNtNtNtCs73haefz8j34_9qautodiff4expr5tests9test_cmuls_7case_08
FN:1155,_RNvNtNtNtCs73haefz8j34_9qautodiff4expr5tests9test_cmuls_7case_09
FN:1155,_RNvNtNtNtCs73haefz8j34_9qautodiff4expr5tests9test_cmuls_7case_10
FN:92,_RNvMs4_NtCs73haefz8j34_9qautodiff4exprINtB5_3VarppE5__nodeB7_
FN:160,_RNvXININtCs73haefz8j34_9qautodiff4exprsa_0ppEINtB5_4ExprppENtNtCs2fyPGiZs4Bj_4core3cmp3Ord3cmpB7_
FN:162,_RNCNvXININtCs73haefz8j34_9qautodiff4exprsa_0ppEINtB7_4ExprppENtNtCs2fyPGiZs4Bj_4core3cmp3Ord3cmp0B9_
FN:162,_RNCNCNvXININtCs73haefz8j34_9qautodiff4exprsa_0ppEINtB9_4ExprppENtNtCs2fyPGiZs4Bj_4core3cmp3Ord3cmp00Bb_
FN:266,_RNvXININtCs73haefz8j34_9qautodiff4exprsf_0ppEINtB5_4ExprppENtNtNtCs8DBUPlMzazI_5qmath3num7algebra10FloatBased25nearest_base_float_of_f64B7_
FN:391,_RNvXININtCs73haefz8j34_9qautodiff4exprsw_0ppEINtB5_4ExprppEINtNtNtCs2fyPGiZs4Bj_4core3ops5arith3AddRpE3addB7_
FN:427,_RNvXININtCs73haefz8j34_9qautodiff4exprsy_0ppERINtB5_4ExprppEINtNtNtCs2fyPGiZs4Bj_4core3ops5arith3AddRpE3addB7_
FN:463,_RNvXININtCs73haefz8j34_9qautodiff4exprsA_0ppERINtB5_4ExprppEINtNtNtCs2fyPGiZs4Bj_4core3ops5arith3AddpE3addB7_
FN:475,_RNvXININtCs73haefz8j34_9qautodiff4exprsB_0ppEINtB5_4ExprppENtNtNtCs2fyPGiZs4Bj_4core3ops5arith9AddAssign10add_assignB7_
FN:484,_RNvXININtCs73haefz8j34_9qautodiff4exprsC_0ppEINtB5_4ExprppEINtNtNtCs2fyPGiZs4Bj_4core3ops5arith9AddAssignpE10add_assignB7_
FN:493,_RNvXININtCs73haefz8j34_9qautodiff4exprsD_0ppEINtB5_4ExprppEINtNtNtCs2fyPGiZs4Bj_4core3ops5arith9AddAssignRBH_E10add_assignB7_
FN:502,_RNvXININtCs73haefz8j34_9qautodiff4exprsE_0ppEINtB5_4ExprppEINtNtNtCs2fyPGiZs4Bj_4core3ops5arith9AddAssignRpE10add_assignB7_
FN:355,_RNvXININtCs73haefz8j34_9qautodiff4exprsG_0ppEINtB5_4ExprppEINtNtNtCs2fyPGiZs4Bj_4core3ops5arith3SubpE3subB7_
FN:391,_RNvXININtCs73haefz8j34_9qautodiff4exprsI_0ppEINtB5_4ExprppEINtNtNtCs2fyPGiZs4Bj_4core3ops5arith3SubRpE3subB7_
FN:427,_RNvXININtCs73haefz8j34_9qautodiff4exprsK_0ppERINtB5_4ExprppEINtNtNtCs2fyPGiZs4Bj_4core3ops5arith3SubRpE3subB7_
FN:463,_RNvXININtCs73haefz8j34_9qautodiff4exprsM_0ppERINtB5_4ExprppEINtNtNtCs2fyPGiZs4Bj_4core3ops5arith3SubpE3subB7_
FN:475,_RNvXININtCs73haefz8j34_9qautodiff4exprsN_0ppEINtB5_4ExprppENtNtNtCs2fyPGiZs4Bj_4core3ops5arith9SubAssign10sub_assignB7_
FN:484,_RNvXININtCs73haefz8j34_9qautodiff4exprsO_0ppEINtB5_4ExprppEINtNtNtCs2fyPGiZs4Bj_4core3ops5arith9SubAssignpE10sub_assignB7_
FN:493,_RNvXININtCs73haefz8j34_9qautodiff4exprsP_0ppEINtB5_4ExprppEINtNtNtCs2fyPGiZs4Bj_4core3ops5arith9SubAssignRBH_E10sub_assignB7_
FN:502,_RNvXININtCs73haefz8j34_9qautodiff4exprsQ_0ppEINtB5_4ExprppEINtNtNtCs2fyPGiZs4Bj_4core3ops5arith9SubAssignRpE10sub_assignB7_
FN:355,_RNvXININtCs73haefz8j34_9qautodiff4exprsS_0ppEINtB5_4ExprppEINtNtNtCs2fyPGiZs4Bj_4core3ops5arith3MulpE3mulB7_
FN:391,_RNvXININtCs73haefz8j34_9qautodiff4exprsU_0ppEINtB5_4ExprppEINtNtNtCs2fyPGiZs4Bj_4core3ops5arith3MulRpE3mulB7_
FN:427,_RNvXININtCs73haefz8j34_9qautodiff4exprsW_0ppERINtB5_4ExprppEINtNtNtCs2fyPGiZs4Bj_4core3ops5arith3MulRpE3mulB7_
FN:463,_RNvXININtCs73haefz8j34_9qautodiff4exprsY_0ppERINtB5_4ExprppEINtNtNtCs2fyPGiZs4Bj_4core3ops5arith3MulpE3mulB7_
FN:475,_RNvXININtCs73haefz8j34_9qautodiff4exprsZ_0ppEINtB5_4ExprppENtNtNtCs2fyPGiZs4Bj_4core3ops5arith9MulAssign10mul_assignB7_
FN:484,_RNvXININtCs73haefz8j34_9qautodiff4exprs10_0ppEINtB5_4ExprppEINtNtNtCs2fyPGiZs4Bj_4core3ops5arith9MulAssignpE10mul_assignB7_
FN:493,_RNvXININtCs73haefz8j34_9qautodiff4exprs11_0ppEINtB5_4ExprppEINtNtNtCs2fyPGiZs4Bj_4core3ops5arith9MulAssignRBI_E10mul_assignB7_
FN:502,_RNvXININtCs73haefz8j34_9qautodiff4exprs12_0ppEINtB5_4ExprppEINtNtNtCs2fyPGiZs4Bj_4core3ops5arith9MulAssignRpE10mul_assignB7_
FN:355,_RNvXININtCs73haefz8j34_9qautodiff4exprs14_0ppEINtB5_4ExprppEINtNtNtCs2fyPGiZs4Bj_4core3ops5arith3DivpE3divB7_
FN:391,_RNvXININtCs73haefz8j34_9qautodiff4exprs16_0ppEINtB5_4ExprppEINtNtNtCs2fyPGiZs4Bj_4core3ops5arith3DivRpE3divB7_
FN:427,_RNvXININtCs73haefz8j34_9qautodiff4exprs18_0ppERINtB5_4ExprppEINtNtNtCs2fyPGiZs4Bj_4core3ops5arith3DivRpE3divB7_
FN:463,_RNvXININtCs73haefz8j34_9qautodiff4exprs1a_0ppERINtB5_4ExprppEINtNtNtCs2fyPGiZs4Bj_4core3ops5arith3DivpE3divB7_
FN:475,_RNvXININtCs73haefz8j34_9qautodiff4exprs1b_0ppEINtB5_4ExprppENtNtNtCs2fyPGiZs4Bj_4core3ops5arith9DivAssign10div_assignB7_
FN:484,_RNvXININtCs73haefz8j34_9qautodiff4exprs1c_0ppEINtB5_4ExprppEINtNtNtCs2fyPGiZs4Bj_4core3ops5arith9DivAssignpE10div_assignB7_
FN:493,_RNvXININtCs73haefz8j34_9qautodiff4exprs1d_0ppEINtB5_4ExprppEINtNtNtCs2fyPGiZs4Bj_4core3ops5arith9DivAssignRBI_E10div_assignB7_
FN:502,_RNvXININtCs73haefz8j34_9qautodiff4exprs1e_0ppEINtB5_4ExprppEINtNtNtCs2fyPGiZs4Bj_4core3ops5arith9DivAssignRpE10div_assignB7_
FN:931,_RNvNtNtNtCs73haefz8j34_9qautodiff4expr5tests8test_adds_7case_01
FN:931,_RNvNtNtNtCs73haefz8j34_9qautodiff4expr5tests8test_adds_7case_02
FN:931,_RNvNtNtNtCs73haefz8j34_9qautodiff4expr5tests8test_adds_7case_03
FN:931,_RNvNtNtNtCs73haefz8j34_9qautodiff4expr5tests8test_adds_7case_04
FN:931,_RNvNtNtNtCs73haefz8j34_9qautodiff4expr5tests8test_adds_7case_05
FN:931,_RNvNtNtNtCs73haefz8j34_9qautodiff4expr5tests8test_adds_7case_06
FN:931,_RNvNtNtNtCs73haefz8j34_9qautodiff4expr5tests8test_adds_7case_07
FN:931,_RNvNtNtNtCs73haefz8j34_9qautodiff4expr5tests8test_adds_7case_08
FN:931,_RNvNtNtNtCs73haefz8j34_9qautodiff4expr5tests8test_adds_7case_09
FN:931,_RNvNtNtNtCs73haefz8j34_9qautodiff4expr5tests8test_adds_7case_10
FN:1074,_RNvNtNtNtCs73haefz8j34_9qautodiff4expr5tests9test_cexps_6case_1
FN:1074,_RNvNtNtNtCs73haefz8j34_9qautodiff4expr5tests9test_cexps_6case_2
FN:1074,_RNvNtNtNtCs73haefz8j34_9qautodiff4expr5tests9test_cexps_6case_3
FN:1074,_RNvNtNtNtCs73haefz8j34_9qautodiff4expr5tests9test_cexps_6case_4
FN:1129,_RNvNtNtNtCs73haefz8j34_9qautodiff4expr5tests9test_csubs_7case_01
FN:1129,_RNvNtNtNtCs73haefz8j34_9qautodiff4expr5tests9test_csubs_7case_02
FN:1129,_RNvNtNtNtCs73haefz8j34_9qautodiff4expr5tests9test_csubs_7case_03
FN:1129,_RNvNtNtNtCs73haefz8j34_9qautodiff4expr5tests9test_csubs_7case_04
FN:1129,_RNvNtNtNtCs73haefz8j34_9qautodiff4expr5tests9test_csubs_7case_05
FN:1129,_RNvNtNtNtCs73haefz8j34_9qautodiff4expr5tests9test_csubs_7case_06
FN:1129,_RNvNtNtNtCs73haefz8j34_9qautodiff4expr5tests9test_csubs_7case_07
FN:1129,_RNvNtNtNtCs73haefz8j34_9qautodiff4expr5tests9test_csubs_7case_08
FN:1129,_RNvNtNtNtCs73haefz8j34_9qautodiff4expr5tests9test_csubs_7case_09
FN:1129,_RNvNtNtNtCs73haefz8j34_9qautodiff4expr5tests9test_csubs_7case_10
FN:691,_RNvNtNtNtCs73haefz8j34_9qautodiff4expr5tests9test_subrs_7case_01
FN:691,_RNvNtNtNtCs73haefz8j34_9qautodiff4expr5tests9test_subrs_7case_02
FN:691,_RNvNtNtNtCs73haefz8j34_9qautodiff4expr5tests9test_subrs_7case_03
FN:691,_RNvNtNtNtCs73haefz8j34_9qautodiff4expr5tests9test_subrs_7case_04
FN:691,_RNvNtNtNtCs73haefz8j34_9qautodiff4expr5tests9test_subrs_7case_05
FN:691,_RNvNtNtNtCs73haefz8j34_9qautodiff4expr5tests9test_subrs_7case_06
FN:691,_RNvNtNtNtCs73haefz8j34_9qautodiff4expr5tests9test_subrs_7case_07
FN:691,_RNvNtNtNtCs73haefz8j34_9qautodiff4expr5tests9test_subrs_7case_08
FN:691,_RNvNtNtNtCs73haefz8j34_9qautodiff4expr5tests9test_subrs_7case_09
FN:691,_RNvNtNtNtCs73haefz8j34_9qautodiff4expr5tests9test_subrs_7case_10
FN:833,_RNvNtNtNtCs73haefz8j34_9qautodiff4expr5tests8test_exps_6case_1
FN:833,_RNvNtNtNtCs73haefz8j34_9qautodiff4expr5tests8test_exps_6case_2
FN:833,_RNvNtNtNtCs73haefz8j34_9qautodiff4expr5tests8test_exps_6case_3
FN:833,_RNvNtNtNtCs73haefz8j34_9qautodiff4expr5tests8test_exps_6case_4
FN:1030,_RNvNtNtNtCs73haefz8j34_9qautodiff4expr5tests8test_divs_6case_1
FN:1030,_RNvNtNtNtCs73haefz8j34_9qautodiff4expr5tests8test_divs_6case_2
FN:1030,_RNvNtNtNtCs73haefz8j34_9qautodiff4expr5tests8test_divs_6case_3
FN:1030,_RNvNtNtNtCs73haefz8j34_9qautodiff4expr5tests8test_divs_6case_4
FN:1030,_RNvNtNtNtCs73haefz8j34_9qautodiff4expr5tests8test_divs_6case_5
FN:1030,_RNvNtNtNtCs73haefz8j34_9qautodiff4expr5tests8test_divs_6case_6
FN:1103,_RNvNtNtNtCs73haefz8j34_9qautodiff4expr5tests9test_cadds_7case_01
FN:1103,_RNvNtNtNtCs73haefz8j34_9qautodiff4expr5tests9test_cadds_7case_02
FN:1103,_RNvNtNtNtCs73haefz8j34_9qautodiff4expr5tests9test_cadds_7case_03
FN:1103,_RNvNtNtNtCs73haefz8j34_9qautodiff4expr5tests9test_cadds_7case_04
FN:1103,_RNvNtNtNtCs73haefz8j34_9qautodiff4expr5tests9test_cadds_7case_05
FN:1103,_RNvNtNtNtCs73haefz8j34_9qautodiff4expr5tests9test_cadds_7case_06
FN:1103,_RNvNtNtNtCs73haefz8j34_9qautodiff4expr5tests9test_cadds_7case_07
FN:1103,_RNvNtNtNtCs73haefz8j34_9qautodiff4expr5tests9test_cadds_7case_08
FN:1103,_RNvNtNtNtCs73haefz8j34_9qautodiff4expr5tests9test_cadds_7case_09
FN:1103,_RNvNtNtNtCs73haefz8j34_9qautodiff4expr5tests9test_cadds_7case_10
FN:781,_RNvNtNtNtCs73haefz8j34_9qautodiff4expr5tests9test_divls_6case_1
FN:781,_RNvNtNtNtCs73haefz8j34_9qautodiff4expr5tests9test_divls_6case_2
FN:781,_RNvNtNtNtCs73haefz8j34_9qautodiff4expr5tests9test_divls_6case_3
FN:781,_RNvNtNtNtCs73haefz8j34_9qautodiff4expr5tests9test_divls_6case_4
FN:781,_RNvNtNtNtCs73haefz8j34_9qautodiff4expr5tests9test_divls_6case_5
FN:781,_RNvNtNtNtCs73haefz8j34_9qautodiff4expr5tests9test_divls_6case_6
FN:997,_RNvNtNtNtCs73haefz8j34_9qautodiff4expr5tests8test_muls_7case_01
FN:997,_RNvNtNtNtCs73haefz8j34_9qautodiff4expr5tests8test_muls_7case_02
FN:997,_RNvNtNtNtCs73haefz8j34_9qautodiff4expr5tests8test_muls_7case_03
FN:997,_RNvNtNtNtCs73haefz8j34_9qautodiff4expr5tests8test_muls_7case_04
FN:997,_RNvNtNtNtCs73haefz8j34_9qautodiff4expr5tests8test_muls_7case_05
FN:997,_RNvNtNtNtCs73haefz8j34_9qautodiff4expr5tests8test_muls_7case_06
FN:997,_RNvNtNtNtCs73haefz8j34_9qautodiff4expr5tests8test_muls_7case_07
FN:997,_RNvNtNtNtCs73haefz8j34_9qautodiff4expr5tests8test_muls_7case_08
FN:997,_RNvNtNtNtCs73haefz8j34_9qautodiff4expr5tests8test_muls_7case_09
FN:997,_RNvNtNtNtCs73haefz8j34_9qautodiff4expr5tests8test_muls_7case_10
FN:571,_RNvNtNtNtCs73haefz8j34_9qautodiff4expr5tests8test_fmts_6case_1
FN:571,_RNvNtNtNtCs73haefz8j34_9qautodiff4expr5tests8test_fmts_6case_2
FN:571,_RNvNtNtNtCs73haefz8j34_9qautodiff4expr5tests8test_fmts_6case_3
FN:571,_RNvNtNtNtCs73haefz8j34_9qautodiff4expr5tests8test_fmts_6case_4
FN:661,_RNvNtNtNtCs73haefz8j34_9qautodiff4expr5tests9test_subls_7case_01
FN:661,_RNvNtNtNtCs73haefz8j34_9qautodiff4expr5tests9test_subls_7case_02
FN:661,_RNvNtNtNtCs73haefz8j34_9qautodiff4expr5tests9test_subls_7case_03
FN:661,_RNvNtNtNtCs73haefz8j34_9qautodiff4expr5tests9test_subls_7case_04
FN:661,_RNvNtNtNtCs73haefz8j34_9qautodiff4expr5tests9test_subls_7case_05
FN:661,_RNvNtNtNtCs73haefz8j34_9qautodiff4expr5tests9test_subls_7case_06
FN:661,_RNvNtNtNtCs73haefz8j34_9qautodiff4expr5tests9test_subls_7case_07
FN:661,_RNvNtNtNtCs73haefz8j34_9qautodiff4expr5tests9test_subls_7case_08
FN:661,_RNvNtNtNtCs73haefz8j34_9qautodiff4expr5tests9test_subls_7case_09
FN:661,_RNvNtNtNtCs73haefz8j34_9qautodiff4expr5tests9test_subls_7case_10
FN:868,_RNvNtNtNtCs73haefz8j34_9qautodiff4expr5tests8test_erfs_6case_1
FN:868,_RNvNtNtNtCs73haefz8j34_9qautodiff4expr5tests8test_erfs_6case_2
FN:868,_RNvNtNtNtCs73haefz8j34_9qautodiff4expr5tests8test_erfs_6case_3
FN:1279,_RNvNtNtNtCs73haefz8j34_9qautodiff4expr5tests8test_cmps_7case_01
FN:1279,_RNvNtNtNtCs73haefz8j34_9qautodiff4expr5tests8test_cmps_7case_02
FN:1279,_RNvNtNtNtCs73haefz8j34_9qautodiff4expr5tests8test_cmps_7case_03
FN:1279,_RNvNtNtNtCs73haefz8j34_9qautodiff4expr5tests8test_cmps_7case_04
FN:1279,_RNvNtNtNtCs73haefz8j34_9qautodiff4expr5tests8test_cmps_7case_05
FN:1279,_RNvNtNtNtCs73haefz8j34_9qautodiff4expr5tests8test_cmps_7case_06
FN:1279,_RNvNtNtNtCs73haefz8j34_9qautodiff4expr5tests8test_cmps_7case_07
FN:1279,_RNvNtNtNtCs73haefz8j34_9qautodiff4expr5tests8test_cmps_7case_08
FN:1279,_RNvNtNtNtCs73haefz8j34_9qautodiff4expr5tests8test_cmps_7case_09
FN:1279,_RNvNtNtNtCs73haefz8j34_9qautodiff4expr5tests8test_cmps_7case_10
FN:1279,_RNvNtNtNtCs73haefz8j34_9qautodiff4expr5tests8test_cmps_7case_11
FN:1279,_RNvNtNtNtCs73haefz8j34_9qautodiff4expr5tests8test_cmps_7case_12
FN:1279,_RNvNtNtNtCs73haefz8j34_9qautodiff4expr5tests8test_cmps_7case_13
FN:1279,_RNvNtNtNtCs73haefz8j34_9qautodiff4expr5tests8test_cmps_7case_14
FN:1279,_RNvNtNtNtCs73haefz8j34_9qautodiff4expr5tests8test_cmps_7case_15
FN:1279,_RNvNtNtNtCs73haefz8j34_9qautodiff4expr5tests8test_cmps_7case_16
FN:1279,_RNvNtNtNtCs73haefz8j34_9qautodiff4expr5tests8test_cmps_7case_17
FN:1279,_RNvNtNtNtCs73haefz8j34_9qautodiff4expr5tests8test_cmps_7case_18
FN:1279,_RNvNtNtNtCs73haefz8j34_9qautodiff4expr5tests8test_cmps_7case_19
FN:1279,_RNvNtNtNtCs73haefz8j34_9qautodiff4expr5tests8test_cmps_7case_20
FN:1279,_RNvNtNtNtCs73haefz8j34_9qautodiff4expr5tests8test_cmps_7case_21
FN:1279,_RNvNtNtNtCs73haefz8j34_9qautodiff4expr5tests8test_cmps_7case_22
FN:1279,_RNvNtNtNtCs73haefz8j34_9qautodiff4expr5tests8test_cmps_7case_23
FN:1279,_RNvNtNtNtCs73haefz8j34_9qautodiff4expr5tests8test_cmps_7case_24
FN:1279,_RNvNtNtNtCs73haefz8j34_9qautodiff4expr5tests8test_cmps_7case_25
FN:1279,_RNvNtNtNtCs73haefz8j34_9qautodiff4expr5tests8test_cmps_7case_26
FN:1279,_RNvNtNtNtCs73haefz8j34_9qautodiff4expr5tests8test_cmps_7case_27
FN:1279,_RNvNtNtNtCs73haefz8j34_9qautodiff4expr5tests8test_cmps_7case_28
FN:721,_RNvNtNtNtCs73haefz8j34_9qautodiff4expr5tests9test_mulls_7case_01
FN:721,_RNvNtNtNtCs73haefz8j34_9qautodiff4expr5tests9test_mulls_7case_02
FN:721,_RNvNtNtNtCs73haefz8j34_9qautodiff4expr5tests9test_mulls_7case_03
FN:721,_RNvNtNtNtCs73haefz8j34_9qautodiff4expr5tests9test_mulls_7case_04
FN:721,_RNvNtNtNtCs73haefz8j34_9qautodiff4expr5tests9test_mulls_7case_05
FN:721,_RNvNtNtNtCs73haefz8j34_9qautodiff4expr5tests9test_mulls_7case_06
FN:721,_RNvNtNtNtCs73haefz8j34_9qautodiff4expr5tests9test_mulls_7case_07
FN:721,_RNvNtNtNtCs73haefz8j34_9qautodiff4expr5tests9test_mulls_7case_08
FN:721,_RNvNtNtNtCs73haefz8j34_9qautodiff4expr5tests9test_mulls_7case_09
FN:721,_RNvNtNtNtCs73haefz8j34_9qautodiff4expr5tests9test_mulls_7case_10
FN:851,_RNvNtNtNtCs73haefz8j34_9qautodiff4expr5tests8test_logs_6case_1
FN:851,_RNvNtNtNtCs73haefz8j34_9qautodiff4expr5tests8test_logs_6case_2
FN:851,_RNvNtNtNtCs73haefz8j34_9qautodiff4expr5tests8test_logs_6case_3
FN:1181,_RNvNtNtNtCs73haefz8j34_9qautodiff4expr5tests9test_cdivs_6case_1
FN:1181,_RNvNtNtNtCs73haefz8j34_9qautodiff4expr5tests9test_cdivs_6case_2
FN:1181,_RNvNtNtNtCs73haefz8j34_9qautodiff4expr5tests9test_cdivs_6case_3
FN:1181,_RNvNtNtNtCs73haefz8j34_9qautodiff4expr5tests9test_cdivs_6case_4
FN:1181,_RNvNtNtNtCs73haefz8j34_9qautodiff4expr5tests9test_cdivs_6case_5
FN:1181,_RNvNtNtNtCs73haefz8j34_9qautodiff4expr5tests9test_cdivs_6case_6
FN:964,_RNvNtNtNtCs73haefz8j34_9qautodiff4expr5tests8test_subs_7case_01
FN:964,_RNvNtNtNtCs73haefz8j34_9qautodiff4expr5tests8test_subs_7case_02
FN:964,_RNvNtNtNtCs73haefz8j34_9qautodiff4expr5tests8test_subs_7case_03
FN:964,_RNvNtNtNtCs73haefz8j34_9qautodiff4expr5tests8test_subs_7case_04
FN:964,_RNvNtNtNtCs73haefz8j34_9qautodiff4expr5tests8test_subs_7case_05
FN:964,_RNvNtNtNtCs73haefz8j34_9qautodiff4expr5tests8test_subs_7case_06
FN:964,_RNvNtNtNtCs73haefz8j34_9qautodiff4expr5tests8test_subs_7case_07
FN:964,_RNvNtNtNtCs73haefz8j34_9qautodiff4expr5tests8test_subs_7case_08
FN:964,_RNvNtNtNtCs73haefz8j34_9qautodiff4expr5tests8test_subs_7case_09
FN:964,_RNvNtNtNtCs73haefz8j34_9qautodiff4expr5tests8test_subs_7case_10
FN:1089,_RNvNtNtNtCs73haefz8j34_9qautodiff4expr5tests9test_clogs_6case_1
FN:1089,_RNvNtNtNtCs73haefz8j34_9qautodiff4expr5tests9test_clogs_6case_2
FN:1089,_RNvNtNtNtCs73haefz8j34_9qautodiff4expr5tests9test_clogs_6case_3
FNDA:1,_RNvNtNtCs73haefz8j34_9qautodiff4expr5testss_12test_is_real
FNDA:4,_RNvNtNtCs73haefz8j34_9qautodiff4expr5tests8test_fmt
FNDA:4,_RNvNtNtCs73haefz8j34_9qautodiff4expr5tests8test_neg
FNDA:10,_RNvNtNtCs73haefz8j34_9qautodiff4expr5tests9test_addl
FNDA:10,_RNvNtNtCs73haefz8j34_9qautodiff4expr5tests9test_addr
FNDA:10,_RNvNtNtCs73haefz8j34_9qautodiff4expr5tests9test_subl
FNDA:10,_RNvNtNtCs73haefz8j34_9qautodiff4expr5tests9test_subr
FNDA:10,_RNvNtNtCs73haefz8j34_9qautodiff4expr5tests9test_mull
FNDA:10,_RNvNtNtCs73haefz8j34_9qautodiff4expr5tests9test_mulr
FNDA:6,_RNvNtNtCs73haefz8j34_9qautodiff4expr5tests9test_divl
FNDA:6,_RNvNtNtCs73haefz8j34_9qautodiff4expr5tests9test_divr
FNDA:4,_RNvNtNtCs73haefz8j34_9qautodiff4expr5tests8test_exp
FNDA:3,_RNvNtNtCs73haefz8j34_9qautodiff4expr5tests8test_log
FNDA:3,_RNvNtNtCs73haefz8j34_9qautodiff4expr5tests8test_erf
FNDA:3,_RNvNtNtCs73haefz8j34_9qautodiff4expr5tests9test_sqrt
FNDA:12,_RNvNtNtCs73haefz8j34_9qautodiff4expr5tests9test_powi
FNDA:10,_RNvNtNtCs73haefz8j34_9qautodiff4expr5tests8test_add
FNDA:10,_RNvNtNtCs73haefz8j34_9qautodiff4expr5tests8test_sub
FNDA:10,_RNvNtNtCs73haefz8j34_9qautodiff4expr5tests8test_mul
FNDA:6,_RNvNtNtCs73haefz8j34_9qautodiff4expr5tests8test_div
FNDA:4,_RNvNtNtCs73haefz8j34_9qautodiff4expr5tests9test_cneg
FNDA:4,_RNvNtNtCs73haefz8j34_9qautodiff4expr5tests9test_cexp
FNDA:3,_RNvNtNtCs73haefz8j34_9qautodiff4expr5tests9test_clog
FNDA:10,_RNvNtNtCs73haefz8j34_9qautodiff4expr5tests9test_cadd
FNDA:10,_RNvNtNtCs73haefz8j34_9qautodiff4expr5tests9test_csub
FNDA:10,_RNvNtNtCs73haefz8j34_9qautodiff4expr5tests9test_cmul
FNDA:6,_RNvNtNtCs73haefz8j34_9qautodiff4expr5tests9test_cdiv
FNDA:1,_RNvNtNtCs73haefz8j34_9qautodiff4expr5testss_12test_is_zero
FNDA:1,_RNvNtNtCs73haefz8j34_9qautodiff4expr5testss_9test_zero
FNDA:1,_RNvNtNtCs73haefz8j34_9qautodiff4expr5testss_8test_one
FNDA:28,_RNvNtNtCs73haefz8j34_9qautodiff4expr5tests7test_eq
FNDA:28,_RNvNtNtCs73haefz8j34_9qautodiff4expr5tests8test_cmp
FNDA:1,_RNvNtNtCs73haefz8j34_9qautodiff4expr5testss_18test_compound_expr
FNDA:1,_RNvNtNtCs73haefz8j34_9qautodiff4expr5testss_15test_compressed
FNDA:1,_RNvNtNtCs73haefz8j34_9qautodiff4expr5testss_13test_graphviz
FNDA:17,_RNCNvNtNtCs73haefz8j34_9qautodiff4expr5testss_13test_graphviz0B7_
FNDA:1,_RNvNtNtNtCs73haefz8j34_9qautodiff4expr5tests8test_negs_6case_1
FNDA:1,_RNvNtNtNtCs73haefz8j34_9qautodiff4expr5tests8test_negs_6case_2
FNDA:1,_RNvNtNtNtCs73haefz8j34_9qautodiff4expr5tests8test_negs_6case_3
FNDA:1,_RNvNtNtNtCs73haefz8j34_9qautodiff4expr5tests8test_negs_6case_4
FNDA:1,_RNvNtNtNtCs73haefz8j34_9qautodiff4expr5tests9test_mulrs_7case_01
FNDA:1,_RNvNtNtNtCs73haefz8j34_9qautodiff4expr5tests9test_mulrs_7case_02
FNDA:1,_RNvNtNtNtCs73haefz8j34_9qautodiff4expr5tests9test_mulrs_7case_03
FNDA:1,_RNvNtNtNtCs73haefz8j34_9qautodiff4expr5tests9test_mulrs_7case_04
FNDA:1,_RNvNtNtNtCs73haefz8j34_9qautodiff4expr5tests9test_mulrs_7case_05
FNDA:1,_RNvNtNtNtCs73haefz8j34_9qautodiff4expr5tests9test_mulrs_7case_06
FNDA:1,_RNvNtNtNtCs73haefz8j34_9qautodiff4expr5tests9test_mulrs_7case_07
FNDA:1,_RNvNtNtNtCs73haefz8j34_9qautodiff4expr5tests9test_mulrs_7case_08
FNDA:1,_RNvNtNtNtCs73haefz8j34_9qautodiff4expr5tests9test_mulrs_7case_09
FNDA:1,_RNvNtNtNtCs73haefz8j34_9qautodiff4expr5tests9test_mulrs_7case_10
FNDA:1,_RNvNtNtNtCs73haefz8j34_9qautodiff4expr5tests9test_powis_7case_01
FNDA:1,_RNvNtNtNtCs73haefz8j34_9qautodiff4expr5tests9test_powis_7case_02
FNDA:1,_RNvNtNtNtCs73haefz8j34_9qautodiff4expr5tests9test_powis_7case_03
FNDA:1,_RNvNtNtNtCs73haefz8j34_9qautodiff4expr5tests9test_powis_7case_04
FNDA:1,_RNvNtNtNtCs73haefz8j34_9qautodiff4expr5tests9test_powis_7case_05
FNDA:1,_RNvNtNtNtCs73haefz8j34_9qautodiff4expr5tests9test_powis_7case_06
FNDA:1,_RNvNtNtNtCs73haefz8j34_9qautodiff4expr5tests9test_powis_7case_07
FNDA:1,_RNvNtNtNtCs73haefz8j34_9qautodiff4expr5tests9test_powis_7case_08
FNDA:1,_RNvNtNtNtCs73haefz8j34_9qautodiff4expr5tests9test_powis_7case_09
FNDA:1,_RNvNtNtNtCs73haefz8j34_9qautodiff4expr5tests9test_powis_7case_10
FNDA:1,_RNvNtNtNtCs73haefz8j34_9qautodiff4expr5tests9test_powis_7case_11
FNDA:1,_RNvNtNtNtCs73haefz8j34_9qautodiff4expr5tests9test_powis_7case_12
FNDA:146,_RNvXNtCs73haefz8j34_9qautodiff4exprINtB2_5__ExprRedENtNtCs2fyPGiZs4Bj_4core5clone5Clone5cloneB4_
FNDA:56,_RINvMs_NtCs73haefz8j34_9qautodiff4exprINtB5_5__ExprRedE16__indirectly_readINtNtCs2fyPGiZs4Bj_4core6option6OptionNtNtB1f_3cmp8OrderingENCNCNvXs9_B5_INtB5_4ExprBN_dENtB1O_10PartialOrd11partial_cmp00EB7_
FNDA:56,_RINvMs_NtCs73haefz8j34_9qautodiff4exprINtB5_5__ExprRedE16__indirectly_readINtNtCs2fyPGiZs4Bj_4core6option6OptionNtNtB1f_3cmp8OrderingENCNvXs9_B5_INtB5_4ExprBN_dENtB1O_10PartialOrd11partial_cmp0EB7_
FNDA:4,_RINvMs_NtCs73haefz8j34_9qautodiff4exprINtB5_5__ExprRedE16__indirectly_readINtNtCs2fyPGiZs4Bj_4core6result6ResultuNtNtB1f_3fmt5ErrorENCNvXs6_B5_INtB5_4ExprBN_dENtB1P_7Display3fmt0EB7_
FNDA:56,_RINvMs_NtCs73haefz8j34_9qautodiff4exprINtB5_5__ExprRedE16__indirectly_readbNCNCNvXs7_B5_INtB5_4ExprBN_dENtNtCs2fyPGiZs4Bj_4core3cmp9PartialEq2eq00EB7_
FNDA:56,_RINvMs_NtCs73haefz8j34_9qautodiff4exprINtB5_5__ExprRedE16__indirectly_readbNCNvXs7_B5_INtB5_4ExprBN_dENtNtCs2fyPGiZs4Bj_4core3cmp9PartialEq2eq0EB7_
FNDA:2,_RINvMs_NtCs73haefz8j34_9qautodiff4exprINtB5_5__ExprRedE16__indirectly_readbNvYdNtNtCs3hlyyetf6no_10num_traits10identities4Zero7is_zeroEB7_
FNDA:1,_RNvXs0_NtCs73haefz8j34_9qautodiff4exprINtB5_3VarRedENtNtCs2fyPGiZs4Bj_4core5clone5Clone5cloneB7_
FNDA:320,_RNvXs1_NtCs73haefz8j34_9qautodiff4exprINtB5_3VarRedEINtNtCs2fyPGiZs4Bj_4core7convert5AsRefINtB5_4ExprBK_dEE6as_refB7_
FNDA:1,_RNvXs2_NtCs73haefz8j34_9qautodiff4exprINtB5_3VarRedENtNtNtCs2fyPGiZs4Bj_4core3ops5deref5Deref5derefB7_
FNDA:1,_RNvMs3_NtCs73haefz8j34_9qautodiff4exprINtB5_3VarRedE3keyB7_
FNDA:146,_RNvXs5_NtCs73haefz8j34_9qautodiff4exprINtB5_4ExprRedENtNtCs2fyPGiZs4Bj_4core5clone5Clone5cloneB7_
FNDA:4,_RNvXs6_NtCs73haefz8j34_9qautodiff4exprINtB5_4ExprRedENtNtCs2fyPGiZs4Bj_4core3fmt7Display3fmtB7_
FNDA:4,_RNCNvXs6_NtCs73haefz8j34_9qautodiff4exprINtB7_4ExprRedENtNtCs2fyPGiZs4Bj_4core3fmt7Display3fmt0B9_
FNDA:56,_RNvXs7_NtCs73haefz8j34_9qautodiff4exprINtB5_4ExprRedENtNtCs2fyPGiZs4Bj_4core3cmp9PartialEq2eqB7_
FNDA:56,_RNCNvXs7_NtCs73haefz8j34_9qautodiff4exprINtB7_4ExprRedENtNtCs2fyPGiZs4Bj_4core3cmp9PartialEq2eq0B9_
FNDA:56,_RNCNCNvXs7_NtCs73haefz8j34_9qautodiff4exprINtB9_4ExprRedENtNtCs2fyPGiZs4Bj_4core3cmp9PartialEq2eq00Bb_
FNDA:56,_RNvXs9_NtCs73haefz8j34_9qautodiff4exprINtB5_4ExprRedENtNtCs2fyPGiZs4Bj_4core3cmp10PartialOrd11partial_cmpB7_
FNDA:56,_RNCNvXs9_NtCs73haefz8j34_9qautodiff4exprINtB7_4ExprRedENtNtCs2fyPGiZs4Bj_4core3cmp10PartialOrd11partial_cmp0B9_
FNDA:56,_RNCNCNvXs9_NtCs73haefz8j34_9qautodiff4exprINtB9_4ExprRedENtNtCs2fyPGiZs4Bj_4core3cmp10PartialOrd11partial_cmp00Bb_
FNDA:611,_RNvXsb_NtCs73haefz8j34_9qautodiff4exprINtB5_4ExprRedEINtNtCs2fyPGiZs4Bj_4core7convert4FromINtNtNtB7_5graph4tape4NodeBL_dEE4fromB7_
FNDA:249,_RNvXsc_NtCs73haefz8j34_9qautodiff4exprINtB5_4ExprRedEINtNtCs2fyPGiZs4Bj_4core7convert4FromdE4fromB7_
FNDA:4,_RNvXsd_NtCs73haefz8j34_9qautodiff4exprINtB5_4ExprRedEINtNtCs2fyPGiZs4Bj_4core7convert4FromINtB5_3VarBL_dEE4fromB7_
FNDA:334,_RNvMse_NtCs73haefz8j34_9qautodiff4exprINtB5_4ExprRedE5valueB7_
FNDA:334,_RNvMse_NtCs73haefz8j34_9qautodiff4exprINtB5_4ExprRedE5gradsB7_
FNDA:1,_RNvMse_NtCs73haefz8j34_9qautodiff4exprINtB5_4ExprRedE3keyB7_
FNDA:1,_RNvMse_NtCs73haefz8j34_9qautodiff4exprINtB5_4ExprRedE8compressB7_
FNDA:1,_RNvMse_NtCs73haefz8j34_9qautodiff4exprINtB5_4ExprRedE8graphvizB7_
FNDA:1,_RNvXsg_NtCs73haefz8j34_9qautodiff4exprINtB5_4ExprRedENtNtCs3hlyyetf6no_10num_traits10identities4Zero4zeroB7_
FNDA:2,_RNvXsg_NtCs73haefz8j34_9qautodiff4exprINtB5_4ExprRedENtNtCs3hlyyetf6no_10num_traits10identities4Zero7is_zeroB7_
FNDA:1,_RNvXsh_NtCs73haefz8j34_9qautodiff4exprINtB5_4ExprRedENtNtCs3hlyyetf6no_10num_traits10identities3One3oneB7_
FNDA:4,_RNvXsi_NtCs73haefz8j34_9qautodiff4exprINtB5_4ExprRedENtNtNtCs2fyPGiZs4Bj_4core3ops5arith3Neg3negB7_
FNDA:5,_RNvXsj_NtCs73haefz8j34_9qautodiff4exprRINtB5_4ExprRedENtNtNtCs2fyPGiZs4Bj_4core3ops5arith3Neg3negB7_
FNDA:14,_RNvXsk_NtCs73haefz8j34_9qautodiff4exprINtB5_4ExprRedENtNtNtCs8DBUPlMzazI_5qmath3num13elementary_fn4Powi4powiB7_
FNDA:14,_RNvXst_NtCs73haefz8j34_9qautodiff4exprINtB5_4ExprRedENtNtNtCs2fyPGiZs4Bj_4core3ops5arith3Add3addB7_
FNDA:1,_RNvXsu_NtCs73haefz8j34_9qautodiff4exprINtB5_4ExprRedEINtNtNtCs2fyPGiZs4Bj_4core3ops5arith3AdddE3addB7_
FNDA:31,_RNvXsv_NtCs73haefz8j34_9qautodiff4exprINtB5_4ExprRedEINtNtNtCs2fyPGiZs4Bj_4core3ops5arith3AddRBA_E3addB7_
FNDA:35,_RNvXsx_NtCs73haefz8j34_9qautodiff4exprRINtB5_4ExprRedENtNtNtCs2fyPGiZs4Bj_4core3ops5arith3Add3addB7_
FNDA:11,_RNvXsz_NtCs73haefz8j34_9qautodiff4exprRINtB5_4ExprRedEINtNtNtCs2fyPGiZs4Bj_4core3ops5arith3AddBB_E3addB7_
FNDA:10,_RNvXsF_NtCs73haefz8j34_9qautodiff4exprINtB5_4ExprRedENtNtNtCs2fyPGiZs4Bj_4core3ops5arith3Sub3subB7_
FNDA:31,_RNvXsH_NtCs73haefz8j34_9qautodiff4exprINtB5_4ExprRedEINtNtNtCs2fyPGiZs4Bj_4core3ops5arith3SubRBA_E3subB7_
FNDA:33,_RNvXsJ_NtCs73haefz8j34_9qautodiff4exprRINtB5_4ExprRedENtNtNtCs2fyPGiZs4Bj_4core3ops5arith3Sub3subB7_
FNDA:11,_RNvXsL_NtCs73haefz8j34_9qautodiff4exprRINtB5_4ExprRedEINtNtNtCs2fyPGiZs4Bj_4core3ops5arith3SubBB_E3subB7_
FNDA:14,_RNvXsR_NtCs73haefz8j34_9qautodiff4exprINtB5_4ExprRedENtNtNtCs2fyPGiZs4Bj_4core3ops5arith3Mul3mulB7_
FNDA:31,_RNvXsT_NtCs73haefz8j34_9qautodiff4exprINtB5_4ExprRedEINtNtNtCs2fyPGiZs4Bj_4core3ops5arith3MulRBA_E3mulB7_
FNDA:34,_RNvXsV_NtCs73haefz8j34_9qautodiff4exprRINtB5_4ExprRedENtNtNtCs2fyPGiZs4Bj_4core3ops5arith3Mul3mulB7_
FNDA:11,_RNvXsX_NtCs73haefz8j34_9qautodiff4exprRINtB5_4ExprRedEINtNtNtCs2fyPGiZs4Bj_4core3ops5arith3MulBB_E3mulB7_
FNDA:6,_RNvXs13_NtCs73haefz8j34_9qautodiff4exprINtB6_4ExprRedENtNtNtCs2fyPGiZs4Bj_4core3ops5arith3Div3divB8_
FNDA:19,_RNvXs15_NtCs73haefz8j34_9qautodiff4exprINtB6_4ExprRedEINtNtNtCs2fyPGiZs4Bj_4core3ops5arith3DivRBB_E3divB8_
FNDA:19,_RNvXs17_NtCs73haefz8j34_9qautodiff4exprRINtB6_4ExprRedENtNtNtCs2fyPGiZs4Bj_4core3ops5arith3Div3divB8_
FNDA:7,_RNvXs19_NtCs73haefz8j34_9qautodiff4exprRINtB6_4ExprRedEINtNtNtCs2fyPGiZs4Bj_4core3ops5arith3DivBC_E3divB8_
FNDA:12,_RNvXs1f_NtCs73haefz8j34_9qautodiff4exprINtB6_4ExprRedENtNtNtCs8DBUPlMzazI_5qmath3num13elementary_fn3Exp3expB8_
FNDA:7,_RNvXs1g_NtCs73haefz8j34_9qautodiff4exprINtB6_4ExprRedENtNtNtCs8DBUPlMzazI_5qmath3num13elementary_fn3Log3logB8_
FNDA:4,_RNvXs1h_NtCs73haefz8j34_9qautodiff4exprINtB6_4ExprRedENtNtNtCs8DBUPlMzazI_5qmath3num13elementary_fn3Erf3erfB8_
FNDA:4,_RNvXs1i_NtCs73haefz8j34_9qautodiff4exprINtB6_4ExprRedENtNtNtCs8DBUPlMzazI_5qmath3num13elementary_fn4Sqrt4sqrtB8_
FNDA:1,_RNvNtNtNtCs73haefz8j34_9qautodiff4expr5tests9test_addls_7case_01
FNDA:1,_RNvNtNtNtCs73haefz8j34_9qautodiff4expr5tests9test_addls_7case_02
FNDA:1,_RNvNtNtNtCs73haefz8j34_9qautodiff4expr5tests9test_addls_7case_03
FNDA:1,_RNvNtNtNtCs73haefz8j34_9qautodiff4expr5tests9test_addls_7case_04
FNDA:1,_RNvNtNtNtCs73haefz8j34_9qautodiff4expr5tests9test_addls_7case_05
FNDA:1,_RNvNtNtNtCs73haefz8j34_9qautodiff4expr5tests9test_addls_7case_06
FNDA:1,_RNvNtNtNtCs73haefz8j34_9qautodiff4expr5tests9test_addls_7case_07
FNDA:1,_RNvNtNtNtCs73haefz8j34_9qautodiff4expr5tests9test_addls_7case_08
FNDA:1,_RNvNtNtNtCs73haefz8j34_9qautodiff4expr5tests9test_addls_7case_09
FNDA:1,_RNvNtNtNtCs73haefz8j34_9qautodiff4expr5tests9test_addls_7case_10
FNDA:1,_RNvNtNtNtCs73haefz8j34_9qautodiff4expr5tests9test_addrs_7case_01
FNDA:1,_RNvNtNtNtCs73haefz8j34_9qautodiff4expr5tests9test_addrs_7case_02
FNDA:1,_RNvNtNtNtCs73haefz8j34_9qautodiff4expr5tests9test_addrs_7case_03
FNDA:1,_RNvNtNtNtCs73haefz8j34_9qautodiff4expr5tests9test_addrs_7case_04
FNDA:1,_RNvNtNtNtCs73haefz8j34_9qautodiff4expr5tests9test_addrs_7case_05
FNDA:1,_RNvNtNtNtCs73haefz8j34_9qautodiff4expr5tests9test_addrs_7case_06
FNDA:1,_RNvNtNtNtCs73haefz8j34_9qautodiff4expr5tests9test_addrs_7case_07
FNDA:1,_RNvNtNtNtCs73haefz8j34_9qautodiff4expr5tests9test_addrs_7case_08
FNDA:1,_RNvNtNtNtCs73haefz8j34_9qautodiff4expr5tests9test_addrs_7case_09
FNDA:1,_RNvNtNtNtCs73haefz8j34_9qautodiff4expr5tests9test_addrs_7case_10
FNDA:1,_RNvNtNtNtCs73haefz8j34_9qautodiff4expr5tests9test_divrs_6case_1
FNDA:1,_RNvNtNtNtCs73haefz8j34_9qautodiff4expr5tests9test_divrs_6case_2
FNDA:1,_RNvNtNtNtCs73haefz8j34_9qautodiff4expr5tests9test_divrs_6case_3
FNDA:1,_RNvNtNtNtCs73haefz8j34_9qautodiff4expr5tests9test_divrs_6case_4
FNDA:1,_RNvNtNtNtCs73haefz8j34_9qautodiff4expr5tests9test_divrs_6case_5
FNDA:1,_RNvNtNtNtCs73haefz8j34_9qautodiff4expr5tests9test_divrs_6case_6
FNDA:1,_RNvNtNtNtCs73haefz8j34_9qautodiff4expr5tests9test_sqrts_6case_1
FNDA:1,_RNvNtNtNtCs73haefz8j34_9qautodiff4expr5tests9test_sqrts_6case_2
FNDA:1,_RNvNtNtNtCs73haefz8j34_9qautodiff4expr5tests9test_sqrts_6case_3
FNDA:1,_RNvNtNtNtCs73haefz8j34_9qautodiff4expr5tests7test_eqs_7case_01
FNDA:1,_RNvNtNtNtCs73haefz8j34_9qautodiff4expr5tests7test_eqs_7case_02
FNDA:1,_RNvNtNtNtCs73haefz8j34_9qautodiff4expr5tests7test_eqs_7case_03
FNDA:1,_RNvNtNtNtCs73haefz8j34_9qautodiff4expr5tests7test_eqs_7case_04
FNDA:1,_RNvNtNtNtCs73haefz8j34_9qautodiff4expr5tests7test_eqs_7case_05
FNDA:1,_RNvNtNtNtCs73haefz8j34_9qautodiff4expr5tests7test_eqs_7case_06
FNDA:1,_RNvNtNtNtCs73haefz8j34_9qautodiff4expr5tests7test_eqs_7case_07
FNDA:1,_RNvNtNtNtCs73haefz8j34_9qautodiff4expr5tests7test_eqs_7case_08
FNDA:1,_RNvNtNtNtCs73haefz8j34_9qautodiff4expr5tests7test_eqs_7case_09
FNDA:1,_RNvNtNtNtCs73haefz8j34_9qautodiff4expr5tests7test_eqs_7case_10
FNDA:1,_RNvNtNtNtCs73haefz8j34_9qautodiff4expr5tests7test_eqs_7case_11
FNDA:1,_RNvNtNtNtCs73haefz8j34_9qautodiff4expr5tests7test_eqs_7case_12
FNDA:1,_RNvNtNtNtCs73haefz8j34_9qautodiff4expr5tests7test_eqs_7case_13
FNDA:1,_RNvNtNtNtCs73haefz8j34_9qautodiff4expr5tests7test_eqs_7case_14
FNDA:1,_RNvNtNtNtCs73haefz8j34_9qautodiff4expr5tests7test_eqs_7case_15
FNDA:1,_RNvNtNtNtCs73haefz8j34_9qautodiff4expr5tests7test_eqs_7case_16
FNDA:1,_RNvNtNtNtCs73haefz8j34_9qautodiff4expr5tests7test_eqs_7case_17
FNDA:1,_RNvNtNtNtCs73haefz8j34_9qautodiff4expr5tests7test_eqs_7case_18
FNDA:1,_RNvNtNtNtCs73haefz8j34_9qautodiff4expr5tests7test_eqs_7case_19
FNDA:1,_RNvNtNtNtCs73haefz8j34_9qautodiff4expr5tests7test_eqs_7case_20
FNDA:1,_RNvNtNtNtCs73haefz8j34_9qautodiff4expr5tests7test_eqs_7case_21
FNDA:1,_RNvNtNtNtCs73haefz8j34_9qautodiff4expr5tests7test_eqs_7case_22
FNDA:1,_RNvNtNtNtCs73haefz8j34_9qautodiff4expr5tests7test_eqs_7case_23
FNDA:1,_RNvNtNtNtCs73haefz8j34_9qautodiff4expr5tests7test_eqs_7case_24
FNDA:1,_RNvNtNtNtCs73haefz8j34_9qautodiff4expr5tests7test_eqs_7case_25
FNDA:1,_RNvNtNtNtCs73haefz8j34_9qautodiff4expr5tests7test_eqs_7case_26
FNDA:1,_RNvNtNtNtCs73haefz8j34_9qautodiff4expr5tests7test_eqs_7case_27
FNDA:1,_RNvNtNtNtCs73haefz8j34_9qautodiff4expr5tests7test_eqs_7case_28
FNDA:1,_RNvNtNtNtCs73haefz8j34_9qautodiff4expr5tests9test_cnegs_6case_1
FNDA:1,_RNvNtNtNtCs73haefz8j34_9qautodiff4expr5tests9test_cnegs_6case_2
FNDA:1,_RNvNtNtNtCs73haefz8j34_9qautodiff4expr5tests9test_cnegs_6case_3
FNDA:1,_RNvNtNtNtCs73haefz8j34_9qautodiff4expr5tests9test_cnegs_6case_4
FNDA:1,_RNvNtNtNtCs73haefz8j34_9qautodiff4expr5tests9test_cmuls_7case_01
FNDA:1,_RNvNtNtNtCs73haefz8j34_9qautodiff4expr5tests9test_cmuls_7case_02
FNDA:1,_RNvNtNtNtCs73haefz8j34_9qautodiff4expr5tests9test_cmuls_7case_03
FNDA:1,_RNvNtNtNtCs73haefz8j34_9qautodiff4expr5tests9test_cmuls_7case_04
FNDA:1,_RNvNtNtNtCs73haefz8j34_9qautodiff4expr5tests9test_cmuls_7case_05
FNDA:1,_RNvNtNtNtCs73haefz8j34_9qautodiff4expr5tests9test_cmuls_7case_06
FNDA:1,_RNvNtNtNtCs73haefz8j34_9qautodiff4expr5tests9test_cmuls_7case_07
FNDA:1,_RNvNtNtNtCs73haefz8j34_9qautodiff4expr5tests9test_cmuls_7case_08
FNDA:1,_RNvNtNtNtCs73haefz8j34_9qautodiff4expr5tests9test_cmuls_7case_09
FNDA:1,_RNvNtNtNtCs73haefz8j34_9qautodiff4expr5tests9test_cmuls_7case_10
FNDA:0,_RNvMs4_NtCs73haefz8j34_9qautodiff4exprINtB5_3VarppE5__nodeB7_
FNDA:0,_RNvXININtCs73haefz8j34_9qautodiff4exprsa_0ppEINtB5_4ExprppENtNtCs2fyPGiZs4Bj_4core3cmp3Ord3cmpB7_
FNDA:0,_RNCNvXININtCs73haefz8j34_9qautodiff4exprsa_0ppEINtB7_4ExprppENtNtCs2fyPGiZs4Bj_4core3cmp3Ord3cmp0B9_
FNDA:0,_RNCNCNvXININtCs73haefz8j34_9qautodiff4exprsa_0ppEINtB9_4ExprppENtNtCs2fyPGiZs4Bj_4core3cmp3Ord3cmp00Bb_
FNDA:0,_RNvXININtCs73haefz8j34_9qautodiff4exprsf_0ppEINtB5_4ExprppENtNtNtCs8DBUPlMzazI_5qmath3num7algebra10FloatBased25nearest_base_float_of_f64B7_
FNDA:0,_RNvXININtCs73haefz8j34_9qautodiff4exprsw_0ppEINtB5_4ExprppEINtNtNtCs2fyPGiZs4Bj_4core3ops5arith3AddRpE3addB7_
FNDA:0,_RNvXININtCs73haefz8j34_9qautodiff4exprsy_0ppERINtB5_4ExprppEINtNtNtCs2fyPGiZs4Bj_4core3ops5arith3AddRpE3addB7_
FNDA:0,_RNvXININtCs73haefz8j34_9qautodiff4exprsA_0ppERINtB5_4ExprppEINtNtNtCs2fyPGiZs4Bj_4core3ops5arith3AddpE3addB7_
FNDA:0,_RNvXININtCs73haefz8j34_9qautodiff4exprsB_0ppEINtB5_4ExprppENtNtNtCs2fyPGiZs4Bj_4core3ops5arith9AddAssign10add_assignB7_
FNDA:0,_RNvXININtCs73haefz8j34_9qautodiff4exprsC_0ppEINtB5_4ExprppEINtNtNtCs2fyPGiZs4Bj_4core3ops5arith9AddAssignpE10add_assignB7_
FNDA:0,_RNvXININtCs73haefz8j34_9qautodiff4exprsD_0ppEINtB5_4ExprppEINtNtNtCs2fyPGiZs4Bj_4core3ops5arith9AddAssignRBH_E10add_assignB7_
FNDA:0,_RNvXININtCs73haefz8j34_9qautodiff4exprsE_0ppEINtB5_4ExprppEINtNtNtCs2fyPGiZs4Bj_4core3ops5arith9AddAssignRpE10add_assignB7_
FNDA:0,_RNvXININtCs73haefz8j34_9qautodiff4exprsG_0ppEINtB5_4ExprppEINtNtNtCs2fyPGiZs4Bj_4core3ops5arith3SubpE3subB7_
FNDA:0,_RNvXININtCs73haefz8j34_9qautodiff4exprsI_0ppEINtB5_4ExprppEINtNtNtCs2fyPGiZs4Bj_4core3ops5arith3SubRpE3subB7_
FNDA:0,_RNvXININtCs73haefz8j34_9qautodiff4exprsK_0ppERINtB5_4ExprppEINtNtNtCs2fyPGiZs4Bj_4core3ops5arith3SubRpE3subB7_
FNDA:0,_RNvXININtCs73haefz8j34_9qautodiff4exprsM_0ppERINtB5_4ExprppEINtNtNtCs2fyPGiZs4Bj_4core3ops5arith3SubpE3subB7_
FNDA:0,_RNvXININtCs73haefz8j34_9qautodiff4exprsN_0ppEINtB5_4ExprppENtNtNtCs2fyPGiZs4Bj_4core3ops5arith9SubAssign10sub_assignB7_
FNDA:0,_RNvXININtCs73haefz8j34_9qautodiff4exprsO_0ppEINtB5_4ExprppEINtNtNtCs2fyPGiZs4Bj_4core3ops5arith9SubAssignpE10sub_assignB7_
FNDA:0,_RNvXININtCs73haefz8j34_9qautodiff4exprsP_0ppEINtB5_4ExprppEINtNtNtCs2fyPGiZs4Bj_4core3ops5arith9SubAssignRBH_E10sub_assignB7_
FNDA:0,_RNvXININtCs73haefz8j34_9qautodiff4exprsQ_0ppEINtB5_4ExprppEINtNtNtCs2fyPGiZs4Bj_4core3ops5arith9SubAssignRpE10sub_assignB7_
FNDA:0,_RNvXININtCs73haefz8j34_9qautodiff4exprsS_0ppEINtB5_4ExprppEINtNtNtCs2fyPGiZs4Bj_4core3ops5arith3MulpE3mulB7_
FNDA:0,_RNvXININtCs73haefz8j34_9qautodiff4exprsU_0ppEINtB5_4ExprppEINtNtNtCs2fyPGiZs4Bj_4core3ops5arith3MulRpE3mulB7_
FNDA:0,_RNvXININtCs73haefz8j34_9qautodiff4exprsW_0ppERINtB5_4ExprppEINtNtNtCs2fyPGiZs4Bj_4core3ops5arith3MulRpE3mulB7_
FNDA:0,_RNvXININtCs73haefz8j34_9qautodiff4exprsY_0ppERINtB5_4ExprppEINtNtNtCs2fyPGiZs4Bj_4core3ops5arith3MulpE3mulB7_
FNDA:0,_RNvXININtCs73haefz8j34_9qautodiff4exprsZ_0ppEINtB5_4ExprppENtNtNtCs2fyPGiZs4Bj_4core3ops5arith9MulAssign10mul_assignB7_
FNDA:0,_RNvXININtCs73haefz8j34_9qautodiff4exprs10_0ppEINtB5_4ExprppEINtNtNtCs2fyPGiZs4Bj_4core3ops5arith9MulAssignpE10mul_assignB7_
FNDA:0,_RNvXININtCs73haefz8j34_9qautodiff4exprs11_0ppEINtB5_4ExprppEINtNtNtCs2fyPGiZs4Bj_4core3ops5arith9MulAssignRBI_E10mul_assignB7_
FNDA:0,_RNvXININtCs73haefz8j34_9qautodiff4exprs12_0ppEINtB5_4ExprppEINtNtNtCs2fyPGiZs4Bj_4core3ops5arith9MulAssignRpE10mul_assignB7_
FNDA:0,_RNvXININtCs73haefz8j34_9qautodiff4exprs14_0ppEINtB5_4ExprppEINtNtNtCs2fyPGiZs4Bj_4core3ops5arith3DivpE3divB7_
FNDA:0,_RNvXININtCs73haefz8j34_9qautodiff4exprs16_0ppEINtB5_4ExprppEINtNtNtCs2fyPGiZs4Bj_4core3ops5arith3DivRpE3divB7_
FNDA:0,_RNvXININtCs73haefz8j34_9qautodiff4exprs18_0ppERINtB5_4ExprppEINtNtNtCs2fyPGiZs4Bj_4core3ops5arith3DivRpE3divB7_
FNDA:0,_RNvXININtCs73haefz8j34_9qautodiff4exprs1a_0ppERINtB5_4ExprppEINtNtNtCs2fyPGiZs4Bj_4core3ops5arith3DivpE3divB7_
FNDA:0,_RNvXININtCs73haefz8j34_9qautodiff4exprs1b_0ppEINtB5_4ExprppENtNtNtCs2fyPGiZs4Bj_4core3ops5arith9DivAssign10div_assignB7_
FNDA:0,_RNvXININtCs73haefz8j34_9qautodiff4exprs1c_0ppEINtB5_4ExprppEINtNtNtCs2fyPGiZs4Bj_4core3ops5arith9DivAssignpE10div_assignB7_
FNDA:0,_RNvXININtCs73haefz8j34_9qautodiff4exprs1d_0ppEINtB5_4ExprppEINtNtNtCs2fyPGiZs4Bj_4core3ops5arith9DivAssignRBI_E10div_assignB7_
FNDA:0,_RNvXININtCs73haefz8j34_9qautodiff4exprs1e_0ppEINtB5_4ExprppEINtNtNtCs2fyPGiZs4Bj_4core3ops5arith9DivAssignRpE10div_assignB7_
FNDA:1,_RNvNtNtNtCs73haefz8j34_9qautodiff4expr5tests8test_adds_7case_01
FNDA:1,_RNvNtNtNtCs73haefz8j34_9qautodiff4expr5tests8test_adds_7case_02
FNDA:1,_RNvNtNtNtCs73haefz8j34_9qautodiff4expr5tests8test_adds_7case_03
FNDA:1,_RNvNtNtNtCs73haefz8j34_9qautodiff4expr5tests8test_adds_7case_04
FNDA:1,_RNvNtNtNtCs73haefz8j34_9qautodiff4expr5tests8test_adds_7case_05
FNDA:1,_RNvNtNtNtCs73haefz8j34_9qautodiff4expr5tests8test_adds_7case_06
FNDA:1,_RNvNtNtNtCs73haefz8j34_9qautodiff4expr5tests8test_adds_7case_07
FNDA:1,_RNvNtNtNtCs73haefz8j34_9qautodiff4expr5tests8test_adds_7case_08
FNDA:1,_RNvNtNtNtCs73haefz8j34_9qautodiff4expr5tests8test_adds_7case_09
FNDA:1,_RNvNtNtNtCs73haefz8j34_9qautodiff4expr5tests8test_adds_7case_10
FNDA:1,_RNvNtNtNtCs73haefz8j34_9qautodiff4expr5tests9test_cexps_6case_1
FNDA:1,_RNvNtNtNtCs73haefz8j34_9qautodiff4expr5tests9test_cexps_6case_2
FNDA:1,_RNvNtNtNtCs73haefz8j34_9qautodiff4expr5tests9test_cexps_6case_3
FNDA:1,_RNvNtNtNtCs73haefz8j34_9qautodiff4expr5tests9test_cexps_6case_4
FNDA:1,_RNvNtNtNtCs73haefz8j34_9qautodiff4expr5tests9test_csubs_7case_01
FNDA:1,_RNvNtNtNtCs73haefz8j34_9qautodiff4expr5tests9test_csubs_7case_02
FNDA:1,_RNvNtNtNtCs73haefz8j34_9qautodiff4expr5tests9test_csubs_7case_03
FNDA:1,_RNvNtNtNtCs73haefz8j34_9qautodiff4expr5tests9test_csubs_7case_04
FNDA:1,_RNvNtNtNtCs73haefz8j34_9qautodiff4expr5tests9test_csubs_7case_05
FNDA:1,_RNvNtNtNtCs73haefz8j34_9qautodiff4expr5tests9test_csubs_7case_06
FNDA:1,_RNvNtNtNtCs73haefz8j34_9qautodiff4expr5tests9test_csubs_7case_07
FNDA:1,_RNvNtNtNtCs73haefz8j34_9qautodiff4expr5tests9test_csubs_7case_08
FNDA:1,_RNvNtNtNtCs73haefz8j34_9qautodiff4expr5tests9test_csubs_7case_09
FNDA:1,_RNvNtNtNtCs73haefz8j34_9qautodiff4expr5tests9test_csubs_7case_10
FNDA:1,_RNvNtNtNtCs73haefz8j34_9qautodiff4expr5tests9test_subrs_7case_01
FNDA:1,_RNvNtNtNtCs73haefz8j34_9qautodiff4expr5tests9test_subrs_7case_02
FNDA:1,_RNvNtNtNtCs73haefz8j34_9qautodiff4expr5tests9test_subrs_7case_03
FNDA:1,_RNvNtNtNtCs73haefz8j34_9qautodiff4expr5tests9test_subrs_7case_04
FNDA:1,_RNvNtNtNtCs73haefz8j34_9qautodiff4expr5tests9test_subrs_7case_05
FNDA:1,_RNvNtNtNtCs73haefz8j34_9qautodiff4expr5tests9test_subrs_7case_06
FNDA:1,_RNvNtNtNtCs73haefz8j34_9qautodiff4expr5tests9test_subrs_7case_07
FNDA:1,_RNvNtNtNtCs73haefz8j34_9qautodiff4expr5tests9test_subrs_7case_08
FNDA:1,_RNvNtNtNtCs73haefz8j34_9qautodiff4expr5tests9test_subrs_7case_09
FNDA:1,_RNvNtNtNtCs73haefz8j34_9qautodiff4expr5tests9test_subrs_7case_10
FNDA:1,_RNvNtNtNtCs73haefz8j34_9qautodiff4expr5tests8test_exps_6case_1
FNDA:1,_RNvNtNtNtCs73haefz8j34_9qautodiff4expr5tests8test_exps_6case_2
FNDA:1,_RNvNtNtNtCs73haefz8j34_9qautodiff4expr5tests8test_exps_6case_3
FNDA:1,_RNvNtNtNtCs73haefz8j34_9qautodiff4expr5tests8test_exps_6case_4
FNDA:1,_RNvNtNtNtCs73haefz8j34_9qautodiff4expr5tests8test_divs_6case_1
FNDA:1,_RNvNtNtNtCs73haefz8j34_9qautodiff4expr5tests8test_divs_6case_2
FNDA:1,_RNvNtNtNtCs73haefz8j34_9qautodiff4expr5tests8test_divs_6case_3
FNDA:1,_RNvNtNtNtCs73haefz8j34_9qautodiff4expr5tests8test_divs_6case_4
FNDA:1,_RNvNtNtNtCs73haefz8j34_9qautodiff4expr5tests8test_divs_6case_5
FNDA:1,_RNvNtNtNtCs73haefz8j34_9qautodiff4expr5tests8test_divs_6case_6
FNDA:1,_RNvNtNtNtCs73haefz8j34_9qautodiff4expr5tests9test_cadds_7case_01
FNDA:1,_RNvNtNtNtCs73haefz8j34_9qautodiff4expr5tests9test_cadds_7case_02
FNDA:1,_RNvNtNtNtCs73haefz8j34_9qautodiff4expr5tests9test_cadds_7case_03
FNDA:1,_RNvNtNtNtCs73haefz8j34_9qautodiff4expr5tests9test_cadds_7case_04
FNDA:1,_RNvNtNtNtCs73haefz8j34_9qautodiff4expr5tests9test_cadds_7case_05
FNDA:1,_RNvNtNtNtCs73haefz8j34_9qautodiff4expr5tests9test_cadds_7case_06
FNDA:1,_RNvNtNtNtCs73haefz8j34_9qautodiff4expr5tests9test_cadds_7case_07
FNDA:1,_RNvNtNtNtCs73haefz8j34_9qautodiff4expr5tests9test_cadds_7case_08
FNDA:1,_RNvNtNtNtCs73haefz8j34_9qautodiff4expr5tests9test_cadds_7case_09
FNDA:1,_RNvNtNtNtCs73haefz8j34_9qautodiff4expr5tests9test_cadds_7case_10
FNDA:1,_RNvNtNtNtCs73haefz8j34_9qautodiff4expr5tests9test_divls_6case_1
FNDA:1,_RNvNtNtNtCs73haefz8j34_9qautodiff4expr5tests9test_divls_6case_2
FNDA:1,_RNvNtNtNtCs73haefz8j34_9qautodiff4expr5tests9test_divls_6case_3
FNDA:1,_RNvNtNtNtCs73haefz8j34_9qautodiff4expr5tests9test_divls_6case_4
FNDA:1,_RNvNtNtNtCs73haefz8j34_9qautodiff4expr5tests9test_divls_6case_5
FNDA:1,_RNvNtNtNtCs73haefz8j34_9qautodiff4expr5tests9test_divls_6case_6
FNDA:1,_RNvNtNtNtCs73haefz8j34_9qautodiff4expr5tests8test_muls_7case_01
FNDA:1,_RNvNtNtNtCs73haefz8j34_9qautodiff4expr5tests8test_muls_7case_02
FNDA:1,_RNvNtNtNtCs73haefz8j34_9qautodiff4expr5tests8test_muls_7case_03
FNDA:1,_RNvNtNtNtCs73haefz8j34_9qautodiff4expr5tests8test_muls_7case_04
FNDA:1,_RNvNtNtNtCs73haefz8j34_9qautodiff4expr5tests8test_muls_7case_05
FNDA:1,_RNvNtNtNtCs73haefz8j34_9qautodiff4expr5tests8test_muls_7case_06
FNDA:1,_RNvNtNtNtCs73haefz8j34_9qautodiff4expr5tests8test_muls_7case_07
FNDA:1,_RNvNtNtNtCs73haefz8j34_9qautodiff4expr5tests8test_muls_7case_08
FNDA:1,_RNvNtNtNtCs73haefz8j34_9qautodiff4expr5tests8test_muls_7case_09
FNDA:1,_RNvNtNtNtCs73haefz8j34_9qautodiff4expr5tests8test_muls_7case_10
FNDA:1,_RNvNtNtNtCs73haefz8j34_9qautodiff4expr5tests8test_fmts_6case_1
FNDA:1,_RNvNtNtNtCs73haefz8j34_9qautodiff4expr5tests8test_fmts_6case_2
FNDA:1,_RNvNtNtNtCs73haefz8j34_9qautodiff4expr5tests8test_fmts_6case_3
FNDA:1,_RNvNtNtNtCs73haefz8j34_9qautodiff4expr5tests8test_fmts_6case_4
FNDA:1,_RNvNtNtNtCs73haefz8j34_9qautodiff4expr5tests9test_subls_7case_01
FNDA:1,_RNvNtNtNtCs73haefz8j34_9qautodiff4expr5tests9test_subls_7case_02
FNDA:1,_RNvNtNtNtCs73haefz8j34_9qautodiff4expr5tests9test_subls_7case_03
FNDA:1,_RNvNtNtNtCs73haefz8j34_9qautodiff4expr5tests9test_subls_7case_04
FNDA:1,_RNvNtNtNtCs73haefz8j34_9qautodiff4expr5tests9test_subls_7case_05
FNDA:1,_RNvNtNtNtCs73haefz8j34_9qautodiff4expr5tests9test_subls_7case_06
FNDA:1,_RNvNtNtNtCs73haefz8j34_9qautodiff4expr5tests9test_subls_7case_07
FNDA:1,_RNvNtNtNtCs73haefz8j34_9qautodiff4expr5tests9test_subls_7case_08
FNDA:1,_RNvNtNtNtCs73haefz8j34_9qautodiff4expr5tests9test_subls_7case_09
FNDA:1,_RNvNtNtNtCs73haefz8j34_9qautodiff4expr5tests9test_subls_7case_10
FNDA:1,_RNvNtNtNtCs73haefz8j34_9qautodiff4expr5tests8test_erfs_6case_1
FNDA:1,_RNvNtNtNtCs73haefz8j34_9qautodiff4expr5tests8test_erfs_6case_2
FNDA:1,_RNvNtNtNtCs73haefz8j34_9qautodiff4expr5tests8test_erfs_6case_3
FNDA:1,_RNvNtNtNtCs73haefz8j34_9qautodiff4expr5tests8test_cmps_7case_01
FNDA:1,_RNvNtNtNtCs73haefz8j34_9qautodiff4expr5tests8test_cmps_7case_02
FNDA:1,_RNvNtNtNtCs73haefz8j34_9qautodiff4expr5tests8test_cmps_7case_03
FNDA:1,_RNvNtNtNtCs73haefz8j34_9qautodiff4expr5tests8test_cmps_7case_04
FNDA:1,_RNvNtNtNtCs73haefz8j34_9qautodiff4expr5tests8test_cmps_7case_05
FNDA:1,_RNvNtNtNtCs73haefz8j34_9qautodiff4expr5tests8test_cmps_7case_06
FNDA:1,_RNvNtNtNtCs73haefz8j34_9qautodiff4expr5tests8test_cmps_7case_07
FNDA:1,_RNvNtNtNtCs73haefz8j34_9qautodiff4expr5tests8test_cmps_7case_08
FNDA:1,_RNvNtNtNtCs73haefz8j34_9qautodiff4expr5tests8test_cmps_7case_09
FNDA:1,_RNvNtNtNtCs73haefz8j34_9qautodiff4expr5tests8test_cmps_7case_10
FNDA:1,_RNvNtNtNtCs73haefz8j34_9qautodiff4expr5tests8test_cmps_7case_11
FNDA:1,_RNvNtNtNtCs73haefz8j34_9qautodiff4expr5tests8test_cmps_7case_12
FNDA:1,_RNvNtNtNtCs73haefz8j34_9qautodiff4expr5tests8test_cmps_7case_13
FNDA:1,_RNvNtNtNtCs73haefz8j34_9qautodiff4expr5tests8test_cmps_7case_14
FNDA:1,_RNvNtNtNtCs73haefz8j34_9qautodiff4expr5tests8test_cmps_7case_15
FNDA:1,_RNvNtNtNtCs73haefz8j34_9qautodiff4expr5tests8test_cmps_7case_16
FNDA:1,_RNvNtNtNtCs73haefz8j34_9qautodiff4expr5tests8test_cmps_7case_17
FNDA:1,_RNvNtNtNtCs73haefz8j34_9qautodiff4expr5tests8test_cmps_7case_18
FNDA:1,_RNvNtNtNtCs73haefz8j34_9qautodiff4expr5tests8test_cmps_7case_19
FNDA:1,_RNvNtNtNtCs73haefz8j34_9qautodiff4expr5tests8test_cmps_7case_20
FNDA:1,_RNvNtNtNtCs73haefz8j34_9qautodiff4expr5tests8test_cmps_7case_21
FNDA:1,_RNvNtNtNtCs73haefz8j34_9qautodiff4expr5tests8test_cmps_7case_22
FNDA:1,_RNvNtNtNtCs73haefz8j34_9qautodiff4expr5tests8test_cmps_7case_23
FNDA:1,_RNvNtNtNtCs73haefz8j34_9qautodiff4expr5tests8test_cmps_7case_24
FNDA:1,_RNvNtNtNtCs73haefz8j34_9qautodiff4expr5tests8test_cmps_7case_25
FNDA:1,_RNvNtNtNtCs73haefz8j34_9qautodiff4expr5tests8test_cmps_7case_26
FNDA:1,_RNvNtNtNtCs73haefz8j34_9qautodiff4expr5tests8test_cmps_7case_27
FNDA:1,_RNvNtNtNtCs73haefz8j34_9qautodiff4expr5tests8test_cmps_7case_28
FNDA:1,_RNvNtNtNtCs73haefz8j34_9qautodiff4expr5tests9test_mulls_7case_01
FNDA:1,_RNvNtNtNtCs73haefz8j34_9qautodiff4expr5tests9test_mulls_7case_02
FNDA:1,_RNvNtNtNtCs73haefz8j34_9qautodiff4expr5tests9test_mulls_7case_03
FNDA:1,_RNvNtNtNtCs73haefz8j34_9qautodiff4expr5tests9test_mulls_7case_04
FNDA:1,_RNvNtNtNtCs73haefz8j34_9qautodiff4expr5tests9test_mulls_7case_05
FNDA:1,_RNvNtNtNtCs73haefz8j34_9qautodiff4expr5tests9test_mulls_7case_06
FNDA:1,_RNvNtNtNtCs73haefz8j34_9qautodiff4expr5tests9test_mulls_7case_07
FNDA:1,_RNvNtNtNtCs73haefz8j34_9qautodiff4expr5tests9test_mulls_7case_08
FNDA:1,_RNvNtNtNtCs73haefz8j34_9qautodiff4expr5tests9test_mulls_7case_09
FNDA:1,_RNvNtNtNtCs73haefz8j34_9qautodiff4expr5tests9test_mulls_7case_10
FNDA:1,_RNvNtNtNtCs73haefz8j34_9qautodiff4expr5tests8test_logs_6case_1
FNDA:1,_RNvNtNtNtCs73haefz8j34_9qautodiff4expr5tests8test_logs_6case_2
FNDA:1,_RNvNtNtNtCs73haefz8j34_9qautodiff4expr5tests8test_logs_6case_3
FNDA:1,_RNvNtNtNtCs73haefz8j34_9qautodiff4expr5tests9test_cdivs_6case_1
FNDA:1,_RNvNtNtNtCs73haefz8j34_9qautodiff4expr5tests9test_cdivs_6case_2
FNDA:1,_RNvNtNtNtCs73haefz8j34_9qautodiff4expr5tests9test_cdivs_6case_3
FNDA:1,_RNvNtNtNtCs73haefz8j34_9qautodiff4expr5tests9test_cdivs_6case_4
FNDA:1,_RNvNtNtNtCs73haefz8j34_9qautodiff4expr5tests9test_cdivs_6case_5
FNDA:1,_RNvNtNtNtCs73haefz8j34_9qautodiff4expr5tests9test_cdivs_6case_6
FNDA:1,_RNvNtNtNtCs73haefz8j34_9qautodiff4expr5tests8test_subs_7case_01
FNDA:1,_RNvNtNtNtCs73haefz8j34_9qautodiff4expr5tests8test_subs_7case_02
FNDA:1,_RNvNtNtNtCs73haefz8j34_9qautodiff4expr5tests8test_subs_7case_03
FNDA:1,_RNvNtNtNtCs73haefz8j34_9qautodiff4expr5tests8test_subs_7case_04
FNDA:1,_RNvNtNtNtCs73haefz8j34_9qautodiff4expr5tests8test_subs_7case_05
FNDA:1,_RNvNtNtNtCs73haefz8j34_9qautodiff4expr5tests8test_subs_7case_06
FNDA:1,_RNvNtNtNtCs73haefz8j34_9qautodiff4expr5tests8test_subs_7case_07
FNDA:1,_RNvNtNtNtCs73haefz8j34_9qautodiff4expr5tests8test_subs_7case_08
FNDA:1,_RNvNtNtNtCs73haefz8j34_9qautodiff4expr5tests8test_subs_7case_09
FNDA:1,_RNvNtNtNtCs73haefz8j34_9qautodiff4expr5tests8test_subs_7case_10
FNDA:1,_RNvNtNtNtCs73haefz8j34_9qautodiff4expr5tests9test_clogs_6case_1
FNDA:1,_RNvNtNtNtCs73haefz8j34_9qautodiff4expr5tests9test_clogs_6case_2
FNDA:1,_RNvNtNtNtCs73haefz8j34_9qautodiff4expr5tests9test_clogs_6case_3
FNF:83
FNH:71
DA:27,146
DA:28,146
DA:29,72
DA:30,74
DA:32,146
DA:37,230
DA:38,230
DA:39,0
DA:40,230
DA:42,230
DA:56,1
DA:57,1
DA:58,1
DA:63,320
DA:64,320
DA:65,320
DA:71,1
DA:72,1
DA:73,1
DA:79,1
DA:80,1
DA:81,1
DA:82,1
DA:83,1
DA:84,1
DA:85,1
DA:86,1
DA:92,0
DA:93,0
DA:94,0
DA:95,0
DA:97,0
DA:111,146
DA:112,146
DA:113,146
DA:124,4
DA:125,4
DA:126,4
DA:137,56
DA:138,56
DA:139,56
DA:140,56
DA:150,56
DA:151,56
DA:152,56
DA:153,56
DA:160,0
DA:161,0
DA:162,0
DA:163,0
DA:171,611
DA:172,611
DA:173,611
DA:178,249
DA:179,249
DA:180,249
DA:185,4
DA:186,4
DA:187,4
DA:196,334
DA:197,334
DA:198,334
DA:199,334
DA:200,334
DA:201,85
DA:202,249
DA:204,334
DA:208,334
DA:209,334
DA:210,334
DA:211,334
DA:212,334
DA:213,85
DA:214,249
DA:216,334
DA:221,1
DA:222,1
DA:223,1
DA:224,1
DA:225,1
DA:226,0
DA:227,1
DA:229,1
DA:233,1
DA:234,1
DA:235,1
DA:236,1
DA:237,1
DA:238,0
DA:239,1
DA:241,1
DA:245,1
DA:246,1
DA:247,1
DA:248,1
DA:249,1
DA:250,1
DA:251,0
DA:252,1
DA:254,1
DA:266,0
DA:267,0
DA:268,0
DA:276,1
DA:277,1
DA:278,1
DA:281,2
DA:282,2
DA:283,2
DA:291,1
DA:292,1
DA:293,1
DA:303,4
DA:304,4
DA:305,4
DA:306,0
DA:308,4
DA:318,5
DA:319,5
DA:320,0
DA:321,5
DA:323,5
DA:335,44
DA:336,44
DA:337,36
DA:338,0
DA:339,0
DA:341,1
DA:342,1
DA:344,7
DA:346,44
DA:355,1
DA:356,1
DA:357,0
DA:358,1
DA:360,1
DA:369,112
DA:370,112
DA:371,36
DA:372,36
DA:374,76
DA:375,76
DA:377,0
DA:378,0
DA:380,0
DA:382,112
DA:391,0
DA:392,0
DA:393,0
DA:394,0
DA:396,0
DA:405,121
DA:406,121
DA:407,0
DA:408,0
DA:410,0
DA:411,0
DA:413,36
DA:414,36
DA:416,85
DA:418,121
DA:427,0
DA:428,0
DA:429,0
DA:430,0
DA:432,0
DA:441,40
DA:442,40
DA:443,0
DA:444,0
DA:446,0
DA:447,0
DA:449,40
DA:450,40
DA:452,0
DA:454,40
DA:463,0
DA:464,0
DA:465,0
DA:466,0
DA:468,0
DA:475,0
DA:476,0
DA:477,0
DA:484,0
DA:485,0
DA:486,0
DA:493,0
DA:494,0
DA:495,0
DA:502,0
DA:503,0
DA:504,0
DA:523,27
DA:524,27
DA:525,7
DA:526,20
DA:528,27
DA:545,14
DA:546,14
DA:547,0
DA:548,14
DA:550,14
DA:566,1
DA:567,1
DA:568,1
DA:569,1
DA:571,4
DA:583,4
DA:601,10
DA:631,10
DA:661,10
DA:691,10
DA:721,10
DA:751,10
DA:781,6
DA:807,6
DA:833,4
DA:851,3
DA:868,3
DA:888,3
DA:905,12
DA:931,10
DA:964,10
DA:997,10
DA:1030,6
DA:1059,4
DA:1074,4
DA:1089,3
DA:1103,10
DA:1129,10
DA:1155,10
DA:1181,6
DA:1204,1
DA:1205,1
DA:1206,1
DA:1207,1
DA:1208,1
DA:1209,1
DA:1210,1
DA:1211,1
DA:1212,1
DA:1213,1
DA:1214,1
DA:1215,1
DA:1216,1
DA:1219,1
DA:1220,1
DA:1221,1
DA:1222,1
DA:1223,1
DA:1224,1
DA:1225,1
DA:1228,1
DA:1229,1
DA:1230,1
DA:1231,1
DA:1232,1
DA:1233,1
DA:1234,1
DA:1236,28
DA:1279,28
DA:1323,1
DA:1324,1
DA:1325,1
DA:1326,1
DA:1327,1
DA:1328,1
DA:1329,1
DA:1330,1
DA:1331,1
DA:1332,1
DA:1333,1
DA:1334,1
DA:1335,1
DA:1336,1
DA:1337,1
DA:1338,1
DA:1339,1
DA:1340,1
DA:1341,1
DA:1342,1
DA:1345,1
DA:1346,1
DA:1347,1
DA:1348,1
DA:1349,1
DA:1350,1
DA:1351,1
DA:1352,1
DA:1353,1
DA:1354,1
DA:1355,1
DA:1356,1
DA:1357,1
DA:1358,1
DA:1359,1
DA:1360,1
DA:1361,1
DA:1364,1
DA:1365,1
DA:1366,1
DA:1367,1
DA:1368,1
DA:1369,1
DA:1370,1
DA:1371,1
DA:1372,1
DA:1373,1
DA:1374,1
DA:1375,1
DA:1376,1
DA:1377,17
DA:1378,1
DA:1379,1
DA:1380,1
DA:1381,1
DA:1382,1
DA:1383,1
DA:1384,1
DA:1385,1
DA:1386,1
DA:1387,1
DA:1388,1
DA:1389,1
DA:1390,1
DA:1391,1
DA:1392,1
DA:1393,1
DA:1394,1
DA:1395,1
DA:1396,1
DA:1397,1
DA:1398,1
DA:1399,1
DA:1400,1
DA:1401,1
DA:1402,1
DA:1403,1
DA:1404,1
DA:1405,1
DA:1406,1
DA:1407,1
DA:1408,1
DA:1409,1
DA:1410,1
DA:1411,1
DA:1412,1
DA:1413,1
DA:1414,1
DA:1415,1
DA:1416,1
DA:1417,1
DA:1418,1
DA:1419,1
DA:1420,1
DA:1421,1
DA:1422,1
DA:1423,1
DA:1424,1
DA:1425,1
BRF:0
BRH:0
LF:369
LH:306
end_of_record
SF:/home/runner/work/qrs/qrs/libs/core/qautodiff/src/graph/grads.rs
FN:26,_RNvXNtNtCs73haefz8j34_9qautodiff5graph5gradsINtB2_12__GradCollectdEINtNtB4_4tape9__BackPropRedE7__on_varB6_
FN:72,_RNvXs_NtNtCs73haefz8j34_9qautodiff5graph5gradsINtB4_9__GradPooldENtNtCs2fyPGiZs4Bj_4core7default7Default7defaultB8_
FN:82,_RINvMs0_NtNtCs73haefz8j34_9qautodiff5graph5gradsINtB6_9__GradPooldE10__calc_gradReEBa_
FN:92,_RNCINvMs0_NtNtCs73haefz8j34_9qautodiff5graph5gradsINtB8_9__GradPooldE10__calc_gradReE0Bc_
FN:123,_RNvXs1_NtNtCs73haefz8j34_9qautodiff5graph5gradsINtB5_5GradsRedENtNtNtCs2fyPGiZs4Bj_4core3ops4drop4Drop4dropB9_
FN:164,_RINvMs3_NtNtCs73haefz8j34_9qautodiff5graph5gradsINtB6_5GradsRedE14collect_mappedNCINvB2_7collectINtNtNtNtCslBBi8AYJUtU_3std11collections4hash3map7HashMapBW_dEE0TBW_dEB1w_EBa_
FN:164,_RINvMs3_NtNtCs73haefz8j34_9qautodiff5graph5gradsINtB6_5GradsRedE14collect_mappedNCNvMs1_NtB8_4tapeINtB1o_4NodeBW_dE9__compresss_0dINtNtCse0qyoMp9HeL_5alloc3vec3VecdEEBa_
FN:174,_RNCINvMs3_NtNtCs73haefz8j34_9qautodiff5graph5gradsINtB8_5GradsRedE14collect_mappedNCINvB4_7collectINtNtNtNtCslBBi8AYJUtU_3std11collections4hash3map7HashMapBY_dEE0TBY_dEB1y_E0Bc_
FN:174,_RNCINvMs3_NtNtCs73haefz8j34_9qautodiff5graph5gradsINtB8_5GradsRedE14collect_mappedNCNvMs1_NtBa_4tapeINtB1q_4NodeBY_dE9__compresss_0dINtNtCse0qyoMp9HeL_5alloc3vec3VecdEE0Bc_
FN:182,_RINvMs3_NtNtCs73haefz8j34_9qautodiff5graph5gradsINtB6_5GradsRedE7collectINtNtNtNtCslBBi8AYJUtU_3std11collections4hash3map7HashMapBW_dEEBa_
FN:188,_RNCINvMs3_NtNtCs73haefz8j34_9qautodiff5graph5gradsINtB8_5GradsRedE7collectINtNtNtNtCslBBi8AYJUtU_3std11collections4hash3map7HashMapBY_dEE0Bc_
FN:134,_RNvXININtNtCs73haefz8j34_9qautodiff5graph5gradss2_0ppEINtB5_5GradsppENtNtCs2fyPGiZs4Bj_4core5clone5Clone5cloneB9_
FN:149,_RNvMs3_NtNtCs73haefz8j34_9qautodiff5graph5gradsINtB5_5GradsppE3wrtB9_
FN:211,_RNvMs4_NtNtCs73haefz8j34_9qautodiff5graph5gradsINtB5_10GradsAccumppE3newB9_
FN:227,_RNvMs5_NtNtCs73haefz8j34_9qautodiff5graph5gradsINtB5_10GradsAccumppE3wrtB9_
FN:239,_RINvMs5_NtNtCs73haefz8j34_9qautodiff5graph5gradsINtB6_10GradsAccumppE7collectpEBa_
FN:249,_RNCINvMs5_NtNtCs73haefz8j34_9qautodiff5graph5gradsINtB8_10GradsAccumppE7collectpE0Bc_
FN:265,_RINvMs5_NtNtCs73haefz8j34_9qautodiff5graph5gradsINtB6_10GradsAccumppE5accumpEBa_
FNDA:326,_RNvXNtNtCs73haefz8j34_9qautodiff5graph5gradsINtB2_12__GradCollectdEINtNtB4_4tape9__BackPropRedE7__on_varB6_
FNDA:227,_RNvXs_NtNtCs73haefz8j34_9qautodiff5graph5gradsINtB4_9__GradPooldENtNtCs2fyPGiZs4Bj_4core7default7Default7defaultB8_
FNDA:250,_RINvMs0_NtNtCs73haefz8j34_9qautodiff5graph5gradsINtB6_9__GradPooldE10__calc_gradReEBa_
FNDA:140,_RNCINvMs0_NtNtCs73haefz8j34_9qautodiff5graph5gradsINtB8_9__GradPooldE10__calc_gradReE0Bc_
FNDA:250,_RNvXs1_NtNtCs73haefz8j34_9qautodiff5graph5gradsINtB5_5GradsRedENtNtNtCs2fyPGiZs4Bj_4core3ops4drop4Drop4dropB9_
FNDA:249,_RINvMs3_NtNtCs73haefz8j34_9qautodiff5graph5gradsINtB6_5GradsRedE14collect_mappedNCINvB2_7collectINtNtNtNtCslBBi8AYJUtU_3std11collections4hash3map7HashMapBW_dEE0TBW_dEB1w_EBa_
FNDA:1,_RINvMs3_NtNtCs73haefz8j34_9qautodiff5graph5gradsINtB6_5GradsRedE14collect_mappedNCNvMs1_NtB8_4tapeINtB1o_4NodeBW_dE9__compresss_0dINtNtCse0qyoMp9HeL_5alloc3vec3VecdEEBa_
FNDA:324,_RNCINvMs3_NtNtCs73haefz8j34_9qautodiff5graph5gradsINtB8_5GradsRedE14collect_mappedNCINvB4_7collectINtNtNtNtCslBBi8AYJUtU_3std11collections4hash3map7HashMapBY_dEE0TBY_dEB1y_E0Bc_
FNDA:2,_RNCINvMs3_NtNtCs73haefz8j34_9qautodiff5graph5gradsINtB8_5GradsRedE14collect_mappedNCNvMs1_NtBa_4tapeINtB1q_4NodeBY_dE9__compresss_0dINtNtCse0qyoMp9HeL_5alloc3vec3VecdEE0Bc_
FNDA:249,_RINvMs3_NtNtCs73haefz8j34_9qautodiff5graph5gradsINtB6_5GradsRedE7collectINtNtNtNtCslBBi8AYJUtU_3std11collections4hash3map7HashMapBW_dEEBa_
FNDA:324,_RNCINvMs3_NtNtCs73haefz8j34_9qautodiff5graph5gradsINtB8_5GradsRedE7collectINtNtNtNtCslBBi8AYJUtU_3std11collections4hash3map7HashMapBY_dEE0Bc_
FNDA:0,_RNvXININtNtCs73haefz8j34_9qautodiff5graph5gradss2_0ppEINtB5_5GradsppENtNtCs2fyPGiZs4Bj_4core5clone5Clone5cloneB9_
FNDA:0,_RNvMs3_NtNtCs73haefz8j34_9qautodiff5graph5gradsINtB5_5GradsppE3wrtB9_
FNDA:0,_RNvMs4_NtNtCs73haefz8j34_9qautodiff5graph5gradsINtB5_10GradsAccumppE3newB9_
FNDA:0,_RNvMs5_NtNtCs73haefz8j34_9qautodiff5graph5gradsINtB5_10GradsAccumppE3wrtB9_
FNDA:0,_RINvMs5_NtNtCs73haefz8j34_9qautodiff5graph5gradsINtB6_10GradsAccumppE7collectpEBa_
FNDA:0,_RNCINvMs5_NtNtCs73haefz8j34_9qautodiff5graph5gradsINtB8_10GradsAccumppE7collectpE0Bc_
FNDA:0,_RINvMs5_NtNtCs73haefz8j34_9qautodiff5graph5gradsINtB6_10GradsAccumppE5accumpEBa_
FNF:16
FNH:9
DA:26,326
DA:27,326
DA:28,326
DA:29,326
DA:30,326
DA:31,326
DA:32,326
DA:33,326
DA:34,326
DA:35,286
DA:36,286
DA:37,326
DA:38,326
DA:39,326
DA:72,227
DA:73,227
DA:74,227
DA:75,227
DA:76,227
DA:77,227
DA:82,250
DA:83,250
DA:84,250
DA:85,250
DA:86,250
DA:87,250
DA:88,250
DA:89,250
DA:90,250
DA:91,250
DA:92,250
DA:93,140
DA:94,140
DA:95,140
DA:96,140
DA:97,140
DA:98,250
DA:99,250
DA:100,250
DA:101,250
DA:102,250
DA:103,250
DA:104,250
DA:105,250
DA:106,250
DA:107,250
DA:123,250
DA:124,250
DA:125,250
DA:126,250
DA:127,250
DA:128,250
DA:129,250
DA:134,0
DA:135,0
DA:136,0
DA:137,0
DA:138,0
DA:139,0
DA:140,0
DA:149,0
DA:150,0
DA:151,0
DA:152,0
DA:153,0
DA:154,0
DA:155,0
DA:156,0
DA:157,0
DA:158,0
DA:159,0
DA:160,0
DA:164,250
DA:165,250
DA:166,250
DA:167,250
DA:168,250
DA:169,250
DA:170,250
DA:171,250
DA:172,250
DA:173,250
DA:174,326
DA:175,326
DA:176,326
DA:177,326
DA:178,250
DA:179,250
DA:182,249
DA:183,249
DA:184,249
DA:185,249
DA:186,249
DA:187,249
DA:188,324
DA:189,249
DA:211,0
DA:212,0
DA:213,0
DA:214,0
DA:215,0
DA:216,0
DA:227,0
DA:228,0
DA:229,0
DA:230,0
DA:231,0
DA:232,0
DA:233,0
DA:234,0
DA:235,0
DA:236,0
DA:239,0
DA:240,0
DA:241,0
DA:242,0
DA:243,0
DA:244,0
DA:245,0
DA:246,0
DA:247,0
DA:248,0
DA:249,0
DA:250,0
DA:251,0
DA:252,0
DA:253,0
DA:254,0
DA:255,0
DA:256,0
DA:265,0
DA:266,0
DA:267,0
DA:268,0
DA:269,0
DA:270,0
DA:271,0
DA:272,0
DA:273,0
DA:274,0
DA:275,0
DA:276,0
DA:277,0
DA:278,0
DA:279,0
DA:280,0
DA:281,0
DA:282,0
BRF:0
BRH:0
LF:155
LH:82
end_of_record
SF:/home/runner/work/qrs/qrs/libs/core/qautodiff/src/graph/graph_impl.rs
FN:27,_RNvXNtNtCs73haefz8j34_9qautodiff5graph10graph_implINtB2_5GraphRedENtNtCs2fyPGiZs4Bj_4core5clone5Clone5cloneB6_
FN:44,_RNvMs0_NtNtCs73haefz8j34_9qautodiff5graph10graph_implINtB5_5GraphRedE3newB9_
FN:57,_RNvMs1_NtNtCs73haefz8j34_9qautodiff5graph10graph_implINtB5_5GraphRedE10create_varB9_
FN:68,_RNvMs1_NtNtCs73haefz8j34_9qautodiff5graph10graph_implINtB5_5GraphRedE6ptr_eqB9_
FN:81,_RNvMs2_NtNtCs73haefz8j34_9qautodiff5graph10graph_implINtB5_5GraphRedE10__debug_ptrB9_
FN:37,_RNvXININtNtCs73haefz8j34_9qautodiff5graph10graph_impls_0ppEINtB5_5GraphppENtNtCs2fyPGiZs4Bj_4core7default7Default7defaultB9_
FN:73,_RNvMs1_NtNtCs73haefz8j34_9qautodiff5graph10graph_implINtB5_5GraphppE15gen_grads_accumB9_
FN:91,_RNvNtNtNtCs73haefz8j34_9qautodiff5graph10graph_impl5testss_15test_create_var
FN:101,_RNvNtNtNtCs73haefz8j34_9qautodiff5graph10graph_impl5testss_34test_create_var_err_already_exists
FN:112,_RNvNtNtNtCs73haefz8j34_9qautodiff5graph10graph_impl5testss_11test_ptr_eq
FN:120,_RNvNtNtNtCs73haefz8j34_9qautodiff5graph10graph_impl5testss_12test_ptr_neq
FNDA:936,_RNvXNtNtCs73haefz8j34_9qautodiff5graph10graph_implINtB2_5GraphRedENtNtCs2fyPGiZs4Bj_4core5clone5Clone5cloneB6_
FNDA:227,_RNvMs0_NtNtCs73haefz8j34_9qautodiff5graph10graph_implINtB5_5GraphRedE3newB9_
FNDA:326,_RNvMs1_NtNtCs73haefz8j34_9qautodiff5graph10graph_implINtB5_5GraphRedE10create_varB9_
FNDA:94,_RNvMs1_NtNtCs73haefz8j34_9qautodiff5graph10graph_implINtB5_5GraphRedE6ptr_eqB9_
FNDA:0,_RNvMs2_NtNtCs73haefz8j34_9qautodiff5graph10graph_implINtB5_5GraphRedE10__debug_ptrB9_
FNDA:0,_RNvXININtNtCs73haefz8j34_9qautodiff5graph10graph_impls_0ppEINtB5_5GraphppENtNtCs2fyPGiZs4Bj_4core7default7Default7defaultB9_
FNDA:0,_RNvMs1_NtNtCs73haefz8j34_9qautodiff5graph10graph_implINtB5_5GraphppE15gen_grads_accumB9_
FNDA:1,_RNvNtNtNtCs73haefz8j34_9qautodiff5graph10graph_impl5testss_15test_create_var
FNDA:1,_RNvNtNtNtCs73haefz8j34_9qautodiff5graph10graph_impl5testss_34test_create_var_err_already_exists
FNDA:1,_RNvNtNtNtCs73haefz8j34_9qautodiff5graph10graph_impl5testss_11test_ptr_eq
FNDA:1,_RNvNtNtNtCs73haefz8j34_9qautodiff5graph10graph_impl5testss_12test_ptr_neq
FNF:11
FNH:8
DA:27,936
DA:28,936
DA:29,936
DA:37,0
DA:38,0
DA:39,0
DA:44,227
DA:45,227
DA:46,227
DA:47,227
DA:48,227
DA:49,227
DA:50,227
DA:57,326
DA:58,326
DA:59,326
DA:60,326
DA:61,326
DA:62,326
DA:68,94
DA:69,94
DA:70,94
DA:73,0
DA:74,0
DA:75,0
DA:81,0
DA:82,0
DA:83,0
DA:91,1
DA:92,1
DA:93,1
DA:94,1
DA:95,1
DA:96,1
DA:97,1
DA:98,1
DA:101,1
DA:102,1
DA:103,1
DA:104,1
DA:105,1
DA:106,1
DA:107,1
DA:108,1
DA:109,1
DA:112,1
DA:113,1
DA:114,1
DA:115,1
DA:116,1
DA:117,1
DA:120,1
DA:121,1
DA:122,1
DA:123,1
DA:124,1
DA:125,1
BRF:0
BRH:0
LF:57
LH:48
end_of_record
SF:/home/runner/work/qrs/qrs/libs/core/qautodiff/src/graph/tape.rs
FN:1800,_RNvNtNtNtCs73haefz8j34_9qautodiff5graph4tape5testss_15test_refcnt_var
FN:1834,_RNvNtNtNtCs73haefz8j34_9qautodiff5graph4tape5testss_15test_refcnt_neg
FN:1857,_RNvNtNtNtCs73haefz8j34_9qautodiff5graph4tape5testss_16test_refcnt_addl
FN:1880,_RNvNtNtNtCs73haefz8j34_9qautodiff5graph4tape5testss_16test_refcnt_addr
FN:1903,_RNvNtNtNtCs73haefz8j34_9qautodiff5graph4tape5testss_16test_refcnt_subl
FN:1926,_RNvNtNtNtCs73haefz8j34_9qautodiff5graph4tape5testss_16test_refcnt_subr
FN:1949,_RNvNtNtNtCs73haefz8j34_9qautodiff5graph4tape5testss_16test_refcnt_mull
FN:1972,_RNvNtNtNtCs73haefz8j34_9qautodiff5graph4tape5testss_16test_refcnt_mulr
FN:1995,_RNvNtNtNtCs73haefz8j34_9qautodiff5graph4tape5testss_16test_refcnt_divl
FN:2018,_RNvNtNtNtCs73haefz8j34_9qautodiff5graph4tape5testss_16test_refcnt_divr
FN:2041,_RNvNtNtNtCs73haefz8j34_9qautodiff5graph4tape5testss_15test_refcnt_exp
FN:2064,_RNvNtNtNtCs73haefz8j34_9qautodiff5graph4tape5testss_15test_refcnt_log
FN:2087,_RNvNtNtNtCs73haefz8j34_9qautodiff5graph4tape5testss_15test_refcnt_erf
FN:2110,_RNvNtNtNtCs73haefz8j34_9qautodiff5graph4tape5testss_16test_refcnt_sqrt
FN:2133,_RNvNtNtNtCs73haefz8j34_9qautodiff5graph4tape5testss_16test_refcnt_powi
FN:2156,_RNvNtNtNtCs73haefz8j34_9qautodiff5graph4tape5testss_15test_refcnt_add
FN:2182,_RNvNtNtNtCs73haefz8j34_9qautodiff5graph4tape5testss_15test_refcnt_sub
FN:2208,_RNvNtNtNtCs73haefz8j34_9qautodiff5graph4tape5testss_15test_refcnt_mul
FN:2234,_RNvNtNtNtCs73haefz8j34_9qautodiff5graph4tape5testss_15test_refcnt_div
FN:2260,_RNvNtNtNtCs73haefz8j34_9qautodiff5graph4tape5testss_26test_refcnt_recursive_decl
FN:2288,_RNvNtNtNtCs73haefz8j34_9qautodiff5graph4tape5testss_22test_reuse_vacant_cell
FN:46,_RNvMNtNtCs73haefz8j34_9qautodiff5graph4tapeINtB2_5__NodedE5valueB6_
FN:83,_RNvXs_NtNtCs73haefz8j34_9qautodiff5graph4tapeINtB4_4NodeRedENtNtCs2fyPGiZs4Bj_4core5clone5Clone5cloneB8_
FN:94,_RNvXs0_NtNtCs73haefz8j34_9qautodiff5graph4tapeINtB5_4NodeRedENtNtNtCs2fyPGiZs4Bj_4core3ops4drop4Drop4dropB9_
FN:104,_RINvMs1_NtNtCs73haefz8j34_9qautodiff5graph4tapeINtB6_4NodeRedE16__indirectly_readINtNtCs2fyPGiZs4Bj_4core6option6OptionNtNtB1m_3cmp8OrderingENCNCNvXs9_NtBa_4exprINtB2p_4ExprBU_dENtB1V_10PartialOrd11partial_cmp00EBa_
FN:104,_RINvMs1_NtNtCs73haefz8j34_9qautodiff5graph4tapeINtB6_4NodeRedE16__indirectly_readINtNtCs2fyPGiZs4Bj_4core6option6OptionNtNtB1m_3cmp8OrderingENCNvXs9_NtBa_4exprINtB2n_4ExprBU_dENtB1V_10PartialOrd11partial_cmp0EBa_
FN:104,_RINvMs1_NtNtCs73haefz8j34_9qautodiff5graph4tapeINtB6_4NodeRedE16__indirectly_readINtNtCs2fyPGiZs4Bj_4core6result6ResultuNtNtB1m_3fmt5ErrorENCNvXs6_NtBa_4exprINtB2l_4ExprBU_dENtB1W_7Display3fmt0EBa_
FN:104,_RINvMs1_NtNtCs73haefz8j34_9qautodiff5graph4tapeINtB6_4NodeRedE16__indirectly_readbNCNCNvXs7_NtBa_4exprINtB1s_4ExprBU_dENtNtCs2fyPGiZs4Bj_4core3cmp9PartialEq2eq00EBa_
FN:104,_RINvMs1_NtNtCs73haefz8j34_9qautodiff5graph4tapeINtB6_4NodeRedE16__indirectly_readbNCNvXs7_NtBa_4exprINtB1q_4ExprBU_dENtNtCs2fyPGiZs4Bj_4core3cmp9PartialEq2eq0EBa_
FN:104,_RINvMs1_NtNtCs73haefz8j34_9qautodiff5graph4tapeINtB6_4NodeRedE16__indirectly_readbNvYdNtNtCs3hlyyetf6no_10num_traits10identities4Zero7is_zeroEBa_
FN:104,_RINvMs1_NtNtCs73haefz8j34_9qautodiff5graph4tapeINtB6_4NodeRedE16__indirectly_readdNCNvB2_9__compress0EBa_
FN:104,_RINvMs1_NtNtCs73haefz8j34_9qautodiff5graph4tapeINtB6_4NodeRedE16__indirectly_readdNvYdNtNtCs2fyPGiZs4Bj_4core5clone5Clone5cloneEBa_
FN:109,_RNvMs1_NtNtCs73haefz8j34_9qautodiff5graph4tapeINtB5_4NodeRedE4__keyB9_
FN:122,_RNvMs1_NtNtCs73haefz8j34_9qautodiff5graph4tapeINtB5_4NodeRedE6__gradsB9_
FN:146,_RNvMs1_NtNtCs73haefz8j34_9qautodiff5graph4tapeINtB5_4NodeRedE9__compressB9_
FN:151,_RNCNvMs1_NtNtCs73haefz8j34_9qautodiff5graph4tapeINtB7_4NodeRedE9__compress0Bb_
FN:152,_RNCNvMs1_NtNtCs73haefz8j34_9qautodiff5graph4tapeINtB7_4NodeRedE9__compresss_0Bb_
FN:162,_RNvMs1_NtNtCs73haefz8j34_9qautodiff5graph4tapeINtB5_4NodeRedE7__dotizeB9_
FN:177,_RNCNvMs1_NtNtCs73haefz8j34_9qautodiff5graph4tapeINtB7_4NodeRedE7__dotize0Bb_
FN:184,_RNCNvMs1_NtNtCs73haefz8j34_9qautodiff5graph4tapeINtB7_4NodeRedE7__dotizes_0Bb_
FN:201,_RNvMs2_NtNtCs73haefz8j34_9qautodiff5graph4tapeINtB5_4NodeRedE11__create_varB9_
FN:385,_RNvYINtNtNtCs73haefz8j34_9qautodiff5graph4tape14__GraphvizGraphRedEINtB5_9__BackPropBZ_dE8__on_powiB9_
FN:445,_RNvYINtNtNtCs73haefz8j34_9qautodiff5graph4tape14__GraphvizGraphRedEINtB5_9__BackPropBZ_dE14__on_compressedB9_
FN:466,_RNvXs3_NtNtCs73haefz8j34_9qautodiff5graph4tapeINtB5_18__BackPropWorkSpacedENtNtCs2fyPGiZs4Bj_4core7default7Default7defaultB9_
FN:480,_RINvMs4_NtNtCs73haefz8j34_9qautodiff5graph4tapeINtB6_18__BackPropWorkSpacedE10__count_refReEBa_
FN:544,_RNCINvMs4_NtNtCs73haefz8j34_9qautodiff5graph4tapeINtB8_18__BackPropWorkSpacedE10__count_refReE0Bc_
FN:552,_RINvMs4_NtNtCs73haefz8j34_9qautodiff5graph4tapeINtB6_18__BackPropWorkSpacedE10__back_propReINtB6_14__GraphvizGraphB1p_dEEBa_
FN:552,_RINvMs4_NtNtCs73haefz8j34_9qautodiff5graph4tapeINtB6_18__BackPropWorkSpacedE10__back_propReINtNtB8_5grads12__GradCollectdEEBa_
FN:607,_RNCINvMs4_NtNtCs73haefz8j34_9qautodiff5graph4tapeINtB8_18__BackPropWorkSpacedE10__back_propReINtB8_14__GraphvizGraphB1r_dEE0Bc_
FN:607,_RNCINvMs4_NtNtCs73haefz8j34_9qautodiff5graph4tapeINtB8_18__BackPropWorkSpacedE10__back_propReINtNtBa_5grads12__GradCollectdEE0Bc_
FN:824,_RNvXs5_NtNtCs73haefz8j34_9qautodiff5graph4tapeINtB5_5__TapeRedENtNtCs2fyPGiZs4Bj_4core7default7Default7defaultB9_
FN:836,_RNvMs6_NtNtCs73haefz8j34_9qautodiff5graph4tapeINtB5_5__TapeRedE5__varsB9_
FN:843,_RNvMs7_NtNtCs73haefz8j34_9qautodiff5graph4tapeINtB5_5__TapeRedE5__cellB9_
FN:852,_RNvMs7_NtNtCs73haefz8j34_9qautodiff5graph4tapeINtB5_5__TapeRedE4__keyB9_
FN:854,_RNCNvMs7_NtNtCs73haefz8j34_9qautodiff5graph4tapeINtB7_5__TapeRedE4__key0Bb_
[...]
FN:340,_RNvNtNtNtNtCs4E5O9m8VzBp_6qmodel2fx3fwd5basic5tests24test_basic_fxfwd_fwdspot
FN:295,_RNvNtNtNtNtNtCs4E5O9m8VzBp_6qmodel2fx3fwd5basic5tests27test_basic_fxfwd_fwdspot_ofs_6case_1
FN:295,_RNvNtNtNtNtNtCs4E5O9m8VzBp_6qmodel2fx3fwd5basic5tests27test_basic_fxfwd_fwdspot_ofs_6case_2
FN:295,_RNvNtNtNtNtNtCs4E5O9m8VzBp_6qmodel2fx3fwd5basic5tests27test_basic_fxfwd_fwdspot_ofs_6case_3
FN:340,_RNvNtNtNtNtNtCs4E5O9m8VzBp_6qmodel2fx3fwd5basic5tests24test_basic_fxfwd_fwdspots_6case_1
FN:340,_RNvNtNtNtNtNtCs4E5O9m8VzBp_6qmodel2fx3fwd5basic5tests24test_basic_fxfwd_fwdspots_6case_2
FN:340,_RNvNtNtNtNtNtCs4E5O9m8VzBp_6qmodel2fx3fwd5basic5tests24test_basic_fxfwd_fwdspots_6case_3
FNDA:1,_RNvNtNtNtNtNtCs4E5O9m8VzBp_6qmodel2fx3fwd5basic5tests26test_basic_fxfwd_foward_ofs_6case_1
FNDA:1,_RNvNtNtNtNtNtCs4E5O9m8VzBp_6qmodel2fx3fwd5basic5tests26test_basic_fxfwd_foward_ofs_6case_2
FNDA:1,_RNvNtNtNtNtNtCs4E5O9m8VzBp_6qmodel2fx3fwd5basic5tests26test_basic_fxfwd_foward_ofs_6case_3
FNDA:13,_RNvXNtNtNtCs4E5O9m8VzBp_6qmodel2fx3fwd5basicINtB2_10BasicFxFwddENtNtB4_6traits5FxFwd6fxspotB8_
FNDA:12,_RNvXNtNtNtCs4E5O9m8VzBp_6qmodel2fx3fwd5basicINtB2_10BasicFxFwddENtNtB4_6traits5FxFwd10forward_ofB8_
FNDA:6,_RNvXNtNtNtCs4E5O9m8VzBp_6qmodel2fx3fwd5basicINtB2_10BasicFxFwddENtNtB4_6traits5FxFwd10fwdspot_ofB8_
FNDA:15,_RNvXs_NtNtNtCs4E5O9m8VzBp_6qmodel2fx3fwd5basicNtNtB4_5tests15MockCalendarSrcNtNtB6_6traits8FxFwdSrc9get_fxfwdBa_
FNDA:32,_RNvXNtNtNtNtCs4E5O9m8VzBp_6qmodel2fx3fwd5basic5testsNtB2_15MockCalendarSrcNtNtNtBa_5curve10curve_impl14CurveSrcInduce14get_curve_atom
FNDA:32,_RNvXs_NtNtNtNtCs4E5O9m8VzBp_6qmodel2fx3fwd5basic5testsNtB4_15MockCalendarSrcNtNtNtBc_2ir4dcrv13DCrvSrcInduce16resolve_dcrv_req
FNDA:14,_RNvXs0_NtNtNtNtCs4E5O9m8VzBp_6qmodel2fx3fwd5basic5testsNtB5_15MockCalendarSrcNtNtNtCscvJcPXSpjJ8_8qfincore5fxmkt4spot12FxSpotMktSrc14get_fxspot_mkt
FNDA:14,_RNvXs1_NtNtNtNtCs4E5O9m8VzBp_6qmodel2fx3fwd5basic5testsNtB5_15MockCalendarSrcNtNtBb_4spot9FxSpotSrc10get_fxspot
FNDA:1,_RNvNtNtNtNtCs4E5O9m8VzBp_6qmodel2fx3fwd5basic5testss_20test_get_basic_fxfwd
FNDA:1,_RNvNtNtNtNtCs4E5O9m8VzBp_6qmodel2fx3fwd5basic5testss_24test_get_basic_fxfwd_err
FNDA:1,_RNvNtNtNtNtCs4E5O9m8VzBp_6qmodel2fx3fwd5basic5testss_23test_basic_fxfwd_fxspot
FNDA:3,_RNvNtNtNtNtCs4E5O9m8VzBp_6qmodel2fx3fwd5basic5tests26test_basic_fxfwd_foward_of
FNDA:3,_RNvNtNtNtNtCs4E5O9m8VzBp_6qmodel2fx3fwd5basic5tests24test_basic_fxfwd_forward
FNDA:1,_RNvNtNtNtNtNtCs4E5O9m8VzBp_6qmodel2fx3fwd5basic5tests24test_basic_fxfwd_forwards_6case_1
FNDA:1,_RNvNtNtNtNtNtCs4E5O9m8VzBp_6qmodel2fx3fwd5basic5tests24test_basic_fxfwd_forwards_6case_2
FNDA:1,_RNvNtNtNtNtNtCs4E5O9m8VzBp_6qmodel2fx3fwd5basic5tests24test_basic_fxfwd_forwards_6case_3
FNDA:3,_RNvNtNtNtNtCs4E5O9m8VzBp_6qmodel2fx3fwd5basic5tests27test_basic_fxfwd_fwdspot_of
FNDA:3,_RNvNtNtNtNtCs4E5O9m8VzBp_6qmodel2fx3fwd5basic5tests24test_basic_fxfwd_fwdspot
FNDA:1,_RNvNtNtNtNtNtCs4E5O9m8VzBp_6qmodel2fx3fwd5basic5tests27test_basic_fxfwd_fwdspot_ofs_6case_1
FNDA:1,_RNvNtNtNtNtNtCs4E5O9m8VzBp_6qmodel2fx3fwd5basic5tests27test_basic_fxfwd_fwdspot_ofs_6case_2
FNDA:1,_RNvNtNtNtNtNtCs4E5O9m8VzBp_6qmodel2fx3fwd5basic5tests27test_basic_fxfwd_fwdspot_ofs_6case_3
FNDA:1,_RNvNtNtNtNtNtCs4E5O9m8VzBp_6qmodel2fx3fwd5basic5tests24test_basic_fxfwd_fwdspots_6case_1
FNDA:1,_RNvNtNtNtNtNtCs4E5O9m8VzBp_6qmodel2fx3fwd5basic5tests24test_basic_fxfwd_fwdspots_6case_2
FNDA:1,_RNvNtNtNtNtNtCs4E5O9m8VzBp_6qmodel2fx3fwd5basic5tests24test_basic_fxfwd_fwdspots_6case_3
FNF:15
FNH:15
DA:37,13
DA:38,13
DA:39,13
DA:42,12
DA:43,12
DA:44,12
DA:45,12
DA:46,12
DA:47,12
DA:48,12
DA:49,12
DA:50,12
DA:51,12
DA:52,12
DA:53,12
DA:54,12
DA:57,6
DA:58,6
DA:59,6
DA:60,6
DA:61,6
DA:62,6
DA:63,6
DA:64,6
DA:65,6
DA:80,15
DA:81,15
DA:82,15
DA:83,15
DA:84,14
DA:85,14
DA:87,15
DA:110,32
DA:111,32
DA:112,32
DA:113,16
DA:114,1
DA:116,32
DA:121,32
DA:122,32
DA:123,32
DA:124,32
DA:125,32
DA:126,32
DA:127,32
DA:128,32
DA:131,14
DA:132,14
DA:133,14
DA:134,14
DA:135,14
DA:136,14
DA:141,14
DA:142,14
DA:143,14
DA:144,14
DA:145,14
DA:146,14
DA:147,14
DA:148,14
DA:149,14
DA:150,14
DA:152,14
DA:158,1
DA:159,1
DA:160,1
DA:161,1
DA:162,1
DA:163,1
DA:164,1
DA:165,1
DA:166,1
DA:167,1
DA:168,1
DA:169,1
DA:170,1
DA:171,1
DA:172,1
DA:173,1
DA:174,1
DA:175,1
DA:176,1
DA:177,1
DA:178,1
DA:179,1
DA:180,1
DA:181,1
DA:182,1
DA:183,1
DA:184,1
DA:185,1
DA:188,1
DA:189,1
DA:190,1
DA:191,1
DA:192,1
DA:193,1
DA:194,1
DA:195,1
DA:196,1
DA:199,1
DA:200,1
DA:201,1
DA:202,1
DA:203,1
DA:204,1
DA:205,1
DA:206,1
DA:207,1
DA:208,1
DA:209,1
DA:210,1
DA:211,1
DA:212,1
DA:213,1
DA:214,1
DA:215,1
DA:216,1
DA:217,1
DA:218,1
DA:219,1
DA:220,1
DA:221,1
DA:223,3
DA:268,3
DA:295,3
DA:340,3
BRF:0
BRH:0
LF:127
LH:127
end_of_record
SF:/home/runner/work/qrs/qrs/libs/domain/qmodel/src/fx/fwd/traits.rs
FN:34,_RNvYINtNtNtNtCs4E5O9m8VzBp_6qmodel2fx3fwd5basic10BasicFxFwddENtNtB7_6traits5FxFwd7forwardBb_
FN:55,_RNvYINtNtNtNtCs4E5O9m8VzBp_6qmodel2fx3fwd5basic10BasicFxFwddENtNtB7_6traits5FxFwd7fwdspotBb_
FNDA:3,_RNvYINtNtNtNtCs4E5O9m8VzBp_6qmodel2fx3fwd5basic10BasicFxFwddENtNtB7_6traits5FxFwd7forwardBb_
FNDA:3,_RNvYINtNtNtNtCs4E5O9m8VzBp_6qmodel2fx3fwd5basic10BasicFxFwddENtNtB7_6traits5FxFwd7fwdspotBb_
FNF:2
FNH:2
DA:34,3
DA:35,3
DA:36,3
DA:55,3
DA:56,3
DA:57,3
BRF:0
BRH:0
LF:6
LH:6
end_of_record
SF:/home/runner/work/qrs/qrs/libs/domain/qmodel/src/ir/dcrv.rs
FN:63,_RNvXs_NtNtCs4E5O9m8VzBp_6qmodel2ir4dcrvNtNtNtNtNtB8_2fx3fwd5basic5tests15MockCalendarSrcNtB4_7DCrvSrc8get_dcrvB8_
FN:30,_RNvXNtNtCs4E5O9m8VzBp_6qmodel2ir4dcrvINtB2_4DCrvdENtNtNtB6_5curve6traits10YieldCurve12forward_rateB6_
FNDA:32,_RNvXs_NtNtCs4E5O9m8VzBp_6qmodel2ir4dcrvNtNtNtNtNtB8_2fx3fwd5basic5tests15MockCalendarSrcNtB4_7DCrvSrc8get_dcrvB8_
FNDA:24,_RNvXNtNtCs4E5O9m8VzBp_6qmodel2ir4dcrvINtB2_4DCrvdENtNtNtB6_5curve6traits10YieldCurve12forward_rateB6_
FNF:2
FNH:2
DA:30,24
DA:31,24
DA:32,24
DA:33,24
DA:34,24
DA:35,24
DA:36,24
DA:63,32
DA:64,32
DA:65,32
DA:66,31
DA:67,31
DA:68,31
DA:69,31
DA:70,31
DA:71,32
BRF:0
BRH:0
LF:16
LH:16
end_of_record
SF:/home/runner/work/qrs/qrs/libs/domain/qmodel/src/volsurf/slice/flat.rs
FN:17,_RINvXININtNtNtCs4E5O9m8VzBp_6qmodel7volsurf5slice4flat0pEINtB6_4FlatpENtNtCsiSVUepFhcp4_5serde2de11Deserialize11deserializepEBc_
FN:21,_RNvXNvXNvNvXNtNtNtCs4E5O9m8VzBp_6qmodel7volsurf5slice4flatINtBa_4FlatpENtNtCsiSVUepFhcp4_5serde2de11Deserialize11deserialize1__INtB7_5InnerpEB17_11deserializeNtB2_14___FieldVisitorNtB19_7Visitor9expecting
FN:21,_RINvXNvXNvNvXNtNtNtCs4E5O9m8VzBp_6qmodel7volsurf5slice4flatINtBb_4FlatpENtNtCsiSVUepFhcp4_5serde2de11Deserialize11deserialize1__INtB8_5InnerpEB18_11deserializeNtB3_14___FieldVisitorNtB1a_7Visitor9visit_u64pEBh_
FN:21,_RINvXNvXNvNvXNtNtNtCs4E5O9m8VzBp_6qmodel7volsurf5slice4flatINtBb_4FlatpENtNtCsiSVUepFhcp4_5serde2de11Deserialize11deserialize1__INtB8_5InnerpEB18_11deserializeNtB3_14___FieldVisitorNtB1a_7Visitor9visit_strpEBh_
FN:21,_RINvXNvXNvNvXNtNtNtCs4E5O9m8VzBp_6qmodel7volsurf5slice4flatINtBb_4FlatpENtNtCsiSVUepFhcp4_5serde2de11Deserialize11deserialize1__INtB8_5InnerpEB18_11deserializeNtB3_14___FieldVisitorNtB1a_7Visitor11visit_bytespEBh_
FN:21,_RINvXs_NvXNvNvXNtNtNtCs4E5O9m8VzBp_6qmodel7volsurf5slice4flatINtBd_4FlatpENtNtCsiSVUepFhcp4_5serde2de11Deserialize11deserialize1__INtBa_5InnerpEB1a_11deserializeNtB5_7___FieldB1a_11deserializepEBj_
FN:21,_RNvXININvXNvNvXNtNtNtCs4E5O9m8VzBp_6qmodel7volsurf5slice4flatINtBd_4FlatpENtNtCsiSVUepFhcp4_5serde2de11Deserialize11deserialize1__INtBa_5InnerpEB1a_11deserializes0_0pEINtB5_9___VisitorpENtB1c_7Visitor9expectingBj_
FN:21,_RINvXININvXNvNvXNtNtNtCs4E5O9m8VzBp_6qmodel7volsurf5slice4flatINtBe_4FlatpENtNtCsiSVUepFhcp4_5serde2de11Deserialize11deserialize1__INtBb_5InnerpEB1b_11deserializes0_0pEINtB6_9___VisitorpENtB1d_7Visitor9visit_seqpEBk_
FN:21,_RINvXININvXNvNvXNtNtNtCs4E5O9m8VzBp_6qmodel7volsurf5slice4flatINtBe_4FlatpENtNtCsiSVUepFhcp4_5serde2de11Deserialize11deserialize1__INtBb_5InnerpEB1b_11deserializes0_0pEINtB6_9___VisitorpENtB1d_7Visitor9visit_mappEBk_
FN:27,_RNCINvXININtNtNtCs4E5O9m8VzBp_6qmodel7volsurf5slice4flat0pEINtB8_4FlatpENtNtCsiSVUepFhcp4_5serde2de11Deserialize11deserializepE0Be_
FN:38,_RNvMs_NtNtNtCs4E5O9m8VzBp_6qmodel7volsurf5slice4flatINtB4_4FlatpE3newBa_
FN:53,_RNvMs0_NtNtNtCs4E5O9m8VzBp_6qmodel7volsurf5slice4flatINtB5_4FlatpE2ivBb_
FN:62,_RNvXININtNtNtCs4E5O9m8VzBp_6qmodel7volsurf5slice4flats1_0pEINtB5_4FlatpENtNtB7_6traits10LnVolSlice2ivBb_
FN:67,_RNvXININtNtNtCs4E5O9m8VzBp_6qmodel7volsurf5slice4flats1_0pEINtB5_4FlatpENtNtB7_6traits10LnVolSlice12variance_derBb_
FNDA:0,_RINvXININtNtNtCs4E5O9m8VzBp_6qmodel7volsurf5slice4flat0pEINtB6_4FlatpENtNtCsiSVUepFhcp4_5serde2de11Deserialize11deserializepEBc_
FNDA:0,_RNvXNvXNvNvXNtNtNtCs4E5O9m8VzBp_6qmodel7volsurf5slice4flatINtBa_4FlatpENtNtCsiSVUepFhcp4_5serde2de11Deserialize11deserialize1__INtB7_5InnerpEB17_11deserializeNtB2_14___FieldVisitorNtB19_7Visitor9expecting
FNDA:0,_RINvXNvXNvNvXNtNtNtCs4E5O9m8VzBp_6qmodel7volsurf5slice4flatINtBb_4FlatpENtNtCsiSVUepFhcp4_5serde2de11Deserialize11deserialize1__INtB8_5InnerpEB18_11deserializeNtB3_14___FieldVisitorNtB1a_7Visitor9visit_u64pEBh_
FNDA:0,_RINvXNvXNvNvXNtNtNtCs4E5O9m8VzBp_6qmodel7volsurf5slice4flatINtBb_4FlatpENtNtCsiSVUepFhcp4_5serde2de11Deserialize11deserialize1__INtB8_5InnerpEB18_11deserializeNtB3_14___FieldVisitorNtB1a_7Visitor9visit_strpEBh_
FNDA:0,_RINvXNvXNvNvXNtNtNtCs4E5O9m8VzBp_6qmodel7volsurf5slice4flatINtBb_4FlatpENtNtCsiSVUepFhcp4_5serde2de11Deserialize11deserialize1__INtB8_5InnerpEB18_11deserializeNtB3_14___FieldVisitorNtB1a_7Visitor11visit_bytespEBh_
FNDA:0,_RINvXs_NvXNvNvXNtNtNtCs4E5O9m8VzBp_6qmodel7volsurf5slice4flatINtBd_4FlatpENtNtCsiSVUepFhcp4_5serde2de11Deserialize11deserialize1__INtBa_5InnerpEB1a_11deserializeNtB5_7___FieldB1a_11deserializepEBj_
FNDA:0,_RNvXININvXNvNvXNtNtNtCs4E5O9m8VzBp_6qmodel7volsurf5slice4flatINtBd_4FlatpENtNtCsiSVUepFhcp4_5serde2de11Deserialize11deserialize1__INtBa_5InnerpEB1a_11deserializes0_0pEINtB5_9___VisitorpENtB1c_7Visitor9expectingBj_
FNDA:0,_RINvXININvXNvNvXNtNtNtCs4E5O9m8VzBp_6qmodel7volsurf5slice4flatINtBe_4FlatpENtNtCsiSVUepFhcp4_5serde2de11Deserialize11deserialize1__INtBb_5InnerpEB1b_11deserializes0_0pEINtB6_9___VisitorpENtB1d_7Visitor9visit_seqpEBk_
FNDA:0,_RINvXININvXNvNvXNtNtNtCs4E5O9m8VzBp_6qmodel7volsurf5slice4flatINtBe_4FlatpENtNtCsiSVUepFhcp4_5serde2de11Deserialize11deserialize1__INtBb_5InnerpEB1b_11deserializes0_0pEINtB6_9___VisitorpENtB1d_7Visitor9visit_mappEBk_
FNDA:0,_RNCINvXININtNtNtCs4E5O9m8VzBp_6qmodel7volsurf5slice4flat0pEINtB8_4FlatpENtNtCsiSVUepFhcp4_5serde2de11Deserialize11deserializepE0Be_
FNDA:0,_RNvMs_NtNtNtCs4E5O9m8VzBp_6qmodel7volsurf5slice4flatINtB4_4FlatpE3newBa_
FNDA:0,_RNvMs0_NtNtNtCs4E5O9m8VzBp_6qmodel7volsurf5slice4flatINtB5_4FlatpE2ivBb_
FNDA:0,_RNvXININtNtNtCs4E5O9m8VzBp_6qmodel7volsurf5slice4flats1_0pEINtB5_4FlatpENtNtB7_6traits10LnVolSlice2ivBb_
FNDA:0,_RNvXININtNtNtCs4E5O9m8VzBp_6qmodel7volsurf5slice4flats1_0pEINtB5_4FlatpENtNtB7_6traits10LnVolSlice12variance_derBb_
FNF:7
FNH:0
DA:17,0
DA:18,0
DA:19,0
DA:20,0
DA:21,0
DA:25,0
DA:26,0
DA:27,0
DA:28,0
DA:38,0
DA:39,0
DA:40,0
DA:42,0
DA:44,0
DA:53,0
DA:54,0
DA:55,0
DA:62,0
DA:63,0
DA:64,0
DA:67,0
DA:68,0
DA:69,0
DA:70,0
DA:71,0
DA:72,0
DA:73,0
BRF:0
BRH:0
LF:28
LH:0
end_of_record
SF:/home/runner/work/qrs/qrs/libs/domain/qproduct/src/collateral.rs
FN:16,_RINvXNtCs9chCDiwzgTQ_8qproduct10collateralNtB3_10CollateralNtNtCsiSVUepFhcp4_5serde3ser9Serialize9serializepEB5_
FN:26,_RINvXs_NtCs9chCDiwzgTQ_8qproduct10collateralNtB5_10CollateralNtNtCsiSVUepFhcp4_5serde2de11Deserialize11deserializepEB7_
FN:35,_RNvXs0_NtCs9chCDiwzgTQ_8qproduct10collateralNtB5_10CollateralNtCse5LNlaOdy2C_8schemars10JsonSchema11schema_name
FN:39,_RNvXs0_NtCs9chCDiwzgTQ_8qproduct10collateralNtB5_10CollateralNtCse5LNlaOdy2C_8schemars10JsonSchema9schema_id
FN:43,_RNvXs0_NtCs9chCDiwzgTQ_8qproduct10collateralNtB5_10CollateralNtCse5LNlaOdy2C_8schemars10JsonSchema11json_schema
FN:52,_RNvXNvXNvNtNtCs9chCDiwzgTQ_8qproduct10collateral9col_serdes_1__NtB7_10CollateralNtNtCsiSVUepFhcp4_5serde2de11Deserialize11deserializeNtB2_14___FieldVisitorNtB1i_7Visitor9expecting
FN:52,_RINvXNvXNvNtNtCs9chCDiwzgTQ_8qproduct10collateral9col_serdes_1__NtB8_10CollateralNtNtCsiSVUepFhcp4_5serde2de11Deserialize11deserializeNtB3_14___FieldVisitorNtB1j_7Visitor9visit_u64pEBc_
FN:52,_RINvXNvXNvNtNtCs9chCDiwzgTQ_8qproduct10collateral9col_serdes_1__NtB8_10CollateralNtNtCsiSVUepFhcp4_5serde2de11Deserialize11deserializeNtB3_14___FieldVisitorNtB1j_7Visitor9visit_strpEBc_
FN:52,_RINvXNvXNvNtNtCs9chCDiwzgTQ_8qproduct10collateral9col_serdes_1__NtB8_10CollateralNtNtCsiSVUepFhcp4_5serde2de11Deserialize11deserializeNtB3_14___FieldVisitorNtB1j_7Visitor11visit_bytespEBc_
FN:52,_RINvXs_NvXNvNtNtCs9chCDiwzgTQ_8qproduct10collateral9col_serdes_1__NtBa_10CollateralNtNtCsiSVUepFhcp4_5serde2de11Deserialize11deserializeNtB5_7___FieldB1j_11deserializepEBe_
FN:52,_RNvXs0_NvXNvNtNtCs9chCDiwzgTQ_8qproduct10collateral9col_serdes_1__NtBa_10CollateralNtNtCsiSVUepFhcp4_5serde2de11Deserialize11deserializeNtB5_9___VisitorNtB1l_7Visitor9expecting
FN:52,_RINvXs0_NvXNvNtNtCs9chCDiwzgTQ_8qproduct10collateral9col_serdes_1__NtBb_10CollateralNtNtCsiSVUepFhcp4_5serde2de11Deserialize11deserializeNtB6_9___VisitorNtB1m_7Visitor10visit_enumpEBf_
FN:52,_RNvXNvXs0_NvXNvNtNtCs9chCDiwzgTQ_8qproduct10collateral9col_serdes_1__NtBd_10CollateralNtNtCsiSVUepFhcp4_5serde2de11Deserialize11deserializeNtB8_9___VisitorNtB1o_7Visitor10visit_enumNtB2_14___FieldVisitorB2t_9expecting
FN:52,_RINvXNvXs0_NvXNvNtNtCs9chCDiwzgTQ_8qproduct10collateral9col_serdes_1__NtBe_10CollateralNtNtCsiSVUepFhcp4_5serde2de11Deserialize11deserializeNtB9_9___VisitorNtB1p_7Visitor10visit_enumNtB3_14___FieldVisitorB2u_9visit_u64pEBi_
FN:52,_RINvXNvXs0_NvXNvNtNtCs9chCDiwzgTQ_8qproduct10collateral9col_serdes_1__NtBe_10CollateralNtNtCsiSVUepFhcp4_5serde2de11Deserialize11deserializeNtB9_9___VisitorNtB1p_7Visitor10visit_enumNtB3_14___FieldVisitorB2u_9visit_strpEBi_
FN:52,_RINvXNvXs0_NvXNvNtNtCs9chCDiwzgTQ_8qproduct10collateral9col_serdes_1__NtBe_10CollateralNtNtCsiSVUepFhcp4_5serde2de11Deserialize11deserializeNtB9_9___VisitorNtB1p_7Visitor10visit_enumNtB3_14___FieldVisitorB2u_11visit_bytespEBi_
FN:52,_RINvXs_NvXs0_NvXNvNtNtCs9chCDiwzgTQ_8qproduct10collateral9col_serdes_1__NtBg_10CollateralNtNtCsiSVUepFhcp4_5serde2de11Deserialize11deserializeNtBb_9___VisitorNtB1r_7Visitor10visit_enumNtB5_7___FieldB1p_11deserializepEBk_
FN:52,_RNvXs0_NvXs0_NvXNvNtNtCs9chCDiwzgTQ_8qproduct10collateral9col_serdes_1__NtBg_10CollateralNtNtCsiSVUepFhcp4_5serde2de11Deserialize11deserializeNtBb_9___VisitorNtB1r_7Visitor10visit_enumNtB5_9___VisitorB2w_9expecting
FN:52,_RINvXs0_NvXs0_NvXNvNtNtCs9chCDiwzgTQ_8qproduct10collateral9col_serdes_1__NtBh_10CollateralNtNtCsiSVUepFhcp4_5serde2de11Deserialize11deserializeNtBc_9___VisitorNtB1s_7Visitor10visit_enumNtB6_9___VisitorB2x_9visit_seqpEBl_
FN:52,_RINvXs0_NvXs0_NvXNvNtNtCs9chCDiwzgTQ_8qproduct10collateral9col_serdes_1__NtBh_10CollateralNtNtCsiSVUepFhcp4_5serde2de11Deserialize11deserializeNtBc_9___VisitorNtB1s_7Visitor10visit_enumNtB6_9___VisitorB2x_9visit_mappEBl_
FN:60,_RNvXNtNtCs9chCDiwzgTQ_8qproduct10collateral9col_serdeNtB4_10CollateralINtNtCs2fyPGiZs4Bj_4core7convert4FromNtB2_10CollateralE4fromB6_
FN:68,_RNvXs_NtNtCs9chCDiwzgTQ_8qproduct10collateral9col_serdeNtB4_10CollateralINtNtCs2fyPGiZs4Bj_4core7convert4FromNtB6_10CollateralE4fromB8_
FNDA:0,_RINvXNtCs9chCDiwzgTQ_8qproduct10collateralNtB3_10CollateralNtNtCsiSVUepFhcp4_5serde3ser9Serialize9serializepEB5_
FNDA:0,_RINvXs_NtCs9chCDiwzgTQ_8qproduct10collateralNtB5_10CollateralNtNtCsiSVUepFhcp4_5serde2de11Deserialize11deserializepEB7_
FNDA:0,_RNvXs0_NtCs9chCDiwzgTQ_8qproduct10collateralNtB5_10CollateralNtCse5LNlaOdy2C_8schemars10JsonSchema11schema_name
FNDA:0,_RNvXs0_NtCs9chCDiwzgTQ_8qproduct10collateralNtB5_10CollateralNtCse5LNlaOdy2C_8schemars10JsonSchema9schema_id
FNDA:0,_RNvXs0_NtCs9chCDiwzgTQ_8qproduct10collateralNtB5_10CollateralNtCse5LNlaOdy2C_8schemars10JsonSchema11json_schema
FNDA:0,_RNvXNvXNvNtNtCs9chCDiwzgTQ_8qproduct10collateral9col_serdes_1__NtB7_10CollateralNtNtCsiSVUepFhcp4_5serde2de11Deserialize11deserializeNtB2_14___FieldVisitorNtB1i_7Visitor9expecting
FNDA:0,_RINvXNvXNvNtNtCs9chCDiwzgTQ_8qproduct10collateral9col_serdes_1__NtB8_10CollateralNtNtCsiSVUepFhcp4_5serde2de11Deserialize11deserializeNtB3_14___FieldVisitorNtB1j_7Visitor9visit_u64pEBc_
FNDA:0,_RINvXNvXNvNtNtCs9chCDiwzgTQ_8qproduct10collateral9col_serdes_1__NtB8_10CollateralNtNtCsiSVUepFhcp4_5serde2de11Deserialize11deserializeNtB3_14___FieldVisitorNtB1j_7Visitor9visit_strpEBc_
FNDA:0,_RINvXNvXNvNtNtCs9chCDiwzgTQ_8qproduct10collateral9col_serdes_1__NtB8_10CollateralNtNtCsiSVUepFhcp4_5serde2de11Deserialize11deserializeNtB3_14___FieldVisitorNtB1j_7Visitor11visit_bytespEBc_
FNDA:0,_RINvXs_NvXNvNtNtCs9chCDiwzgTQ_8qproduct10collateral9col_serdes_1__NtBa_10CollateralNtNtCsiSVUepFhcp4_5serde2de11Deserialize11deserializeNtB5_7___FieldB1j_11deserializepEBe_
FNDA:0,_RNvXs0_NvXNvNtNtCs9chCDiwzgTQ_8qproduct10collateral9col_serdes_1__NtBa_10CollateralNtNtCsiSVUepFhcp4_5serde2de11Deserialize11deserializeNtB5_9___VisitorNtB1l_7Visitor9expecting
FNDA:0,_RINvXs0_NvXNvNtNtCs9chCDiwzgTQ_8qproduct10collateral9col_serdes_1__NtBb_10CollateralNtNtCsiSVUepFhcp4_5serde2de11Deserialize11deserializeNtB6_9___VisitorNtB1m_7Visitor10visit_enumpEBf_
FNDA:0,_RNvXNvXs0_NvXNvNtNtCs9chCDiwzgTQ_8qproduct10collateral9col_serdes_1__NtBd_10CollateralNtNtCsiSVUepFhcp4_5serde2de11Deserialize11deserializeNtB8_9___VisitorNtB1o_7Visitor10visit_enumNtB2_14___FieldVisitorB2t_9expecting
FNDA:0,_RINvXNvXs0_NvXNvNtNtCs9chCDiwzgTQ_8qproduct10collateral9col_serdes_1__NtBe_10CollateralNtNtCsiSVUepFhcp4_5serde2de11Deserialize11deserializeNtB9_9___VisitorNtB1p_7Visitor10visit_enumNtB3_14___FieldVisitorB2u_9visit_u64pEBi_
FNDA:0,_RINvXNvXs0_NvXNvNtNtCs9chCDiwzgTQ_8qproduct10collateral9col_serdes_1__NtBe_10CollateralNtNtCsiSVUepFhcp4_5serde2de11Deserialize11deserializeNtB9_9___VisitorNtB1p_7Visitor10visit_enumNtB3_14___FieldVisitorB2u_9visit_strpEBi_
FNDA:0,_RINvXNvXs0_NvXNvNtNtCs9chCDiwzgTQ_8qproduct10collateral9col_serdes_1__NtBe_10CollateralNtNtCsiSVUepFhcp4_5serde2de11Deserialize11deserializeNtB9_9___VisitorNtB1p_7Visitor10visit_enumNtB3_14___FieldVisitorB2u_11visit_bytespEBi_
FNDA:0,_RINvXs_NvXs0_NvXNvNtNtCs9chCDiwzgTQ_8qproduct10collateral9col_serdes_1__NtBg_10CollateralNtNtCsiSVUepFhcp4_5serde2de11Deserialize11deserializeNtBb_9___VisitorNtB1r_7Visitor10visit_enumNtB5_7___FieldB1p_11deserializepEBk_
FNDA:0,_RNvXs0_NvXs0_NvXNvNtNtCs9chCDiwzgTQ_8qproduct10collateral9col_serdes_1__NtBg_10CollateralNtNtCsiSVUepFhcp4_5serde2de11Deserialize11deserializeNtBb_9___VisitorNtB1r_7Visitor10visit_enumNtB5_9___VisitorB2w_9expecting
FNDA:0,_RINvXs0_NvXs0_NvXNvNtNtCs9chCDiwzgTQ_8qproduct10collateral9col_serdes_1__NtBh_10CollateralNtNtCsiSVUepFhcp4_5serde2de11Deserialize11deserializeNtBc_9___VisitorNtB1s_7Visitor10visit_enumNtB6_9___VisitorB2x_9visit_seqpEBl_
FNDA:0,_RINvXs0_NvXs0_NvXNvNtNtCs9chCDiwzgTQ_8qproduct10collateral9col_serdes_1__NtBh_10CollateralNtNtCsiSVUepFhcp4_5serde2de11Deserialize11deserializeNtBc_9___VisitorNtB1s_7Visitor10visit_enumNtB6_9___VisitorB2x_9visit_mappEBl_
FNDA:0,_RNvXNtNtCs9chCDiwzgTQ_8qproduct10collateral9col_serdeNtB4_10CollateralINtNtCs2fyPGiZs4Bj_4core7convert4FromNtB2_10CollateralE4fromB6_
FNDA:0,_RNvXs_NtNtCs9chCDiwzgTQ_8qproduct10collateral9col_serdeNtB4_10CollateralINtNtCs2fyPGiZs4Bj_4core7convert4FromNtB6_10CollateralE4fromB8_
FNF:8
FNH:0
DA:16,0
DA:17,0
DA:18,0
DA:19,0
DA:20,0
DA:21,0
DA:26,0
DA:27,0
DA:28,0
DA:29,0
DA:30,0
DA:31,0
DA:35,0
DA:36,0
DA:37,0
DA:39,0
DA:40,0
DA:41,0
DA:43,0
DA:44,0
DA:45,0
DA:52,0
DA:60,0
DA:61,0
DA:62,0
DA:63,0
DA:64,0
DA:68,0
DA:69,0
DA:70,0
DA:71,0
DA:72,0
BRF:0
BRH:0
LF:32
LH:0
end_of_record
SF:/home/runner/work/qrs/qrs/sandbox/rs/src/main.rs
FN:4,_RNvCseAOQZPqIyyS_2rs4main
FNDA:0,_RNvCseAOQZPqIyyS_2rs4main
FNF:1
FNH:0
DA:4,0
DA:5,0
DA:6,0
DA:7,0
DA:8,0
DA:9,0
DA:10,0
DA:11,0
DA:12,0
DA:13,0
DA:14,0
DA:15,0
DA:16,0
DA:17,0
DA:18,0
DA:19,0
DA:20,0
DA:21,0
DA:23,0
BRF:0
BRH:0
LF:19
LH:0
end_of_record